{
  "stats": {
    "suites": 2,
    "tests": 2,
    "passes": 2,
    "pending": 0,
    "failures": 0,
    "start": "2019-09-27T10:06:44.277Z",
    "end": "2019-09-27T10:07:04.660Z",
    "duration": 20383,
    "testsRegistered": 2,
    "passPercent": 100,
    "pendingPercent": 0,
    "other": 0,
    "hasOther": false,
    "skipped": 0,
    "hasSkipped": false
  },
  "results": [
    {
      "uuid": "93840de5-189f-4319-9d36-172c3c7043fb",
      "title": "",
      "fullFile": "",
      "file": "",
      "beforeHooks": [],
      "afterHooks": [],
      "tests": [],
      "suites": [
        {
          "uuid": "e43a0b23-fd68-4c40-932a-dd4ff49893a5",
          "title": "Portal",
          "fullFile": "/Users/simonhutchinson/Documents/GitHub/puppetchai/tests/example2.js",
          "file": "/tests/example2.js",
          "beforeHooks": [
            {
              "title": "\"before all\" hook",
              "fullTitle": "Portal \"before all\" hook",
              "timedOut": false,
              "duration": 1233,
              "state": null,
              "speed": null,
              "pass": false,
              "fail": false,
              "pending": false,
              "context": null,
              "code": "browser = await puppeteer.launch({\n\theadless: false,\n\tslowMo: config2.slowMo,\n\tdevTools: config2.isDevTools,\n\ttimeout: config2.timeout,\n})\npage = await browser.newPage()\nawait page.setDefaultTimeout(config2.waitingTimeout)\nawait page.setViewport({\n\twidth: config2.viewportWidth,\n\theight: config2.viewportHeight,\n})",
              "err": {},
              "uuid": "7ea4f928-aa7c-4dfb-ad7c-47c76559509f",
              "parentUUID": "e43a0b23-fd68-4c40-932a-dd4ff49893a5",
              "isHook": true,
              "skipped": false
            }
          ],
          "afterHooks": [
            {
              "title": "\"after all\" hook",
              "fullTitle": "Portal \"after all\" hook",
              "timedOut": false,
              "duration": 0,
              "state": null,
              "speed": null,
              "pass": false,
              "fail": false,
              "pending": false,
              "context": null,
              "code": "console.log('done')",
              "err": {},
              "uuid": "ec38af82-61ee-492e-b285-f396cf81d832",
              "parentUUID": "e43a0b23-fd68-4c40-932a-dd4ff49893a5",
              "isHook": true,
              "skipped": false
            }
          ],
          "tests": [],
          "suites": [
            {
              "uuid": "ac3b67c7-3a14-4988-af76-bf1d51779f64",
              "title": "Login Test",
              "fullFile": "/Users/simonhutchinson/Documents/GitHub/puppetchai/tests/example2.js",
              "file": "/tests/example2.js",
              "beforeHooks": [],
              "afterHooks": [],
              "tests": [
                {
                  "title": "should navigate to homepage",
                  "fullTitle": "Portal Login Test should navigate to homepage",
                  "timedOut": false,
                  "duration": 6393,
                  "state": "passed",
                  "speed": "slow",
                  "pass": true,
                  "fail": false,
                  "pending": false,
                  "context": null,
                  "code": "await loadUrl(page, config2.baseUrl)\nawait shouldExist(page, '#username')",
                  "err": {},
                  "uuid": "3207072b-f25c-45cc-9777-1737ec25b06b",
                  "parentUUID": "ac3b67c7-3a14-4988-af76-bf1d51779f64",
                  "isHook": false,
                  "skipped": false
                },
                {
                  "title": "should login",
                  "fullTitle": "Portal Login Test should login",
                  "timedOut": false,
                  "duration": 12743,
                  "state": "passed",
                  "speed": "slow",
                  "pass": true,
                  "fail": false,
                  "pending": false,
                  "context": null,
                  "code": "await loadUrl(page, config2.baseUrl)\nawait type(page, 'stp@mailinator.com', '#username')\nawait type(page, 'password', '#password')\nawait pressKey(page, 'Enter')\nawait waitForText(page, 'body', 'Account')\nawait shouldExist(page, '.panel-heading')\nconst newPagePromise = new Promise(x => browser.once('targetcreated', target => x(target.page())));\nawait page.click('#SubsTile');\nconst newPage = await newPagePromise;\nawait newPage.waitForSelector('#mainContent');\nawait newPage.click('body > div.nav-left-wrapper > nav > ul > li:nth-child(3) > span > span.nav-label')\nawait newPage.click('body > div.nav-left-wrapper > nav > ul > li:nth-child(3) > ul > li:nth-child(2) > a')\nawait newPage.waitForSelector('.employee-index')\t\nawait newPage.waitForSelector('#show-hide-grdContactActive')\nawait newPage.click('.button.-primary.-prominent')\nawait newPage.waitForSelector('#FirstName')\nawait type(newPage, 'Simon', '#FirstName')\n\n// handle Page 2: you can access new page DOM through newPage object",
                  "err": {},
                  "uuid": "22211000-1805-45f2-be82-8aa248790855",
                  "parentUUID": "ac3b67c7-3a14-4988-af76-bf1d51779f64",
                  "isHook": false,
                  "skipped": false
                }
              ],
              "suites": [],
              "passes": [
                "3207072b-f25c-45cc-9777-1737ec25b06b",
                "22211000-1805-45f2-be82-8aa248790855"
              ],
              "failures": [],
              "pending": [],
              "skipped": [],
              "duration": 19136,
              "root": false,
              "rootEmpty": false,
              "_timeout": 30000
            }
          ],
          "passes": [],
          "failures": [],
          "pending": [],
          "skipped": [],
          "duration": 0,
          "root": false,
          "rootEmpty": false,
          "_timeout": 30000
        }
      ],
      "passes": [],
      "failures": [],
      "pending": [],
      "skipped": [],
      "duration": 0,
      "root": true,
      "rootEmpty": true,
      "_timeout": 30000
    }
  ],
  "meta": {
    "mocha": {
      "version": "6.2.0"
    },
    "mochawesome": {
      "options": {
        "quiet": false,
        "reportFilename": "mochawesome",
        "saveHtml": true,
        "saveJson": true,
        "consoleReporter": "spec",
        "useInlineDiffs": false
      },
      "version": "4.1.0"
    },
    "marge": {
      "options": null,
      "version": "4.0.1"
    }
  }
}