{
  "stats": {
    "suites": 6,
    "tests": 27,
    "passes": 27,
    "pending": 0,
    "failures": 0,
    "start": "2019-10-09T22:38:03.378Z",
    "end": "2019-10-09T22:42:08.456Z",
    "duration": 245078,
    "testsRegistered": 27,
    "passPercent": 100,
    "pendingPercent": 0,
    "other": 0,
    "hasOther": false,
    "skipped": 0,
    "hasSkipped": false
  },
  "results": [
    {
      "uuid": "27dd6fd7-131d-4bcc-96b1-1c0aff6714de",
      "title": "",
      "fullFile": "",
      "file": "",
      "beforeHooks": [],
      "afterHooks": [],
      "tests": [],
      "suites": [
        {
          "uuid": "43bb7933-d749-43c6-8f19-52ddb4940ad3",
          "title": "Reckon One Payroll",
          "fullFile": "/Users/simonhutchinson/Documents/GitHub/puppetchai/tests/casual.js",
          "file": "/tests/casual.js",
          "beforeHooks": [
            {
              "title": "\"before all\" hook",
              "fullTitle": "Reckon One Payroll \"before all\" hook",
              "timedOut": false,
              "duration": 1072,
              "state": null,
              "speed": null,
              "pass": false,
              "fail": false,
              "pending": false,
              "context": null,
              "code": "browser = await puppeteer.launch({\n\tdefaultViewport: null,\n\t//executablePath: 'C:\\\\Program Files (x86)\\\\Google\\\\Chrome\\\\Application\\\\chrome.exe ',\n\t//executablePath: '/Applications/Google Chrome.app/',\n\theadless: false,\n\tslowMo: config2.slowMo,\n\tdevTools: config2.isDevTools,\n\ttimeout: config2.timeout,\n})\npage = await browser.newPage()\nawait page.setDefaultTimeout(config2.waitingTimeout)\nawait page.setViewport({\n\twidth: 1600,\n\theight: 1200,\n})",
              "err": {},
              "uuid": "e9cb07b8-12a3-47e0-a41b-f20b32c26794",
              "parentUUID": "43bb7933-d749-43c6-8f19-52ddb4940ad3",
              "isHook": true,
              "skipped": false
            }
          ],
          "afterHooks": [
            {
              "title": "\"after all\" hook",
              "fullTitle": "Reckon One Payroll \"after all\" hook",
              "timedOut": false,
              "duration": 0,
              "state": null,
              "speed": null,
              "pass": false,
              "fail": false,
              "pending": false,
              "context": null,
              "code": "console.log('done')",
              "err": {},
              "uuid": "1f3cd2f2-3b92-4083-8424-6379617adb73",
              "parentUUID": "43bb7933-d749-43c6-8f19-52ddb4940ad3",
              "isHook": true,
              "skipped": false
            }
          ],
          "tests": [],
          "suites": [
            {
              "uuid": "1cb333aa-be2c-4148-8a27-fbf9ffddf249",
              "title": "Add Employee Test",
              "fullFile": "/Users/simonhutchinson/Documents/GitHub/puppetchai/tests/casual.js",
              "file": "/tests/casual.js",
              "beforeHooks": [],
              "afterHooks": [],
              "tests": [
                {
                  "title": "should navigate to homepage",
                  "fullTitle": "Reckon One Payroll Add Employee Test should navigate to homepage",
                  "timedOut": false,
                  "duration": 4724,
                  "state": "passed",
                  "speed": "slow",
                  "pass": true,
                  "fail": false,
                  "pending": false,
                  "context": null,
                  "code": "await loadUrl(page, config2.baseUrl)\nawait shouldExist(page, '#username')",
                  "err": {},
                  "uuid": "93924c6e-3e33-42fe-ac34-58063bfe4c28",
                  "parentUUID": "1cb333aa-be2c-4148-8a27-fbf9ffddf249",
                  "isHook": false,
                  "skipped": false
                },
                {
                  "title": "should login",
                  "fullTitle": "Reckon One Payroll Add Employee Test should login",
                  "timedOut": false,
                  "duration": 9226,
                  "state": "passed",
                  "speed": "slow",
                  "pass": true,
                  "fail": false,
                  "pending": false,
                  "context": null,
                  "code": "await type(page, 'stp@mailinator.com', '#username')\nawait type(page, 'password', '#password')\nawait pressKey(page, 'Enter')\nawait waitForText(page, 'body', 'Account')\nawait shouldExist(page, '.panel-heading')\nconst newPagePromise = new Promise(x => browser.once('targetcreated', target => x(target.page())));\nawait page.click('#SubsTile');\nnewPage = await newPagePromise;\nawait newPage.waitForSelector('#mainContent');\nconst payrollSideLink = await newPage.$x(\"//span[text()='Payroll']\")\nawait payrollSideLink[0].click()\n//const payrollSideBar = await newPage.$x(\"//span[text()='Payroll']\");\n//console.log('tested ' + payrollTest[0]);\n//await payrollSideBar[0].click()\n//await newPage.click('body > div.nav-left-wrapper > nav > ul > li:nth-child(3) > ul > li:nth-child(2) > a')\nconst employeeSideLink = await newPage.$x(\"//a[text()='Employees']\")\nawait employeeSideLink[0].click()\nawait newPage.waitForSelector('.employee-index')\t\nawait newPage.waitForSelector('#show-hide-grdContactActive')\nawait newPage.click('.button.-primary.-prominent')\nawait newPage.waitForSelector('#FirstName')\nawait type(newPage, `Simon ${Date.now()}`, '#FirstName')\nawait type(newPage, `test ${Date.now()}`, '#Surname')\nawait type(newPage, 'Line1', '#PostalAddress_Line1')\nawait type(newPage, 'Line2', '#PostalAddress_Line2')\nawait type(newPage, 'Sydney', '#PostalAddress_Suburb')\nawait type(newPage, '2060', '#PostalAddress_PostCode')\nawait type(newPage, 'test@test.com', '#EmailAddress')\nawait newPage.click('#btnSave')\nawait newPage.waitForSelector('#btnSaveClose')\n\n\n\n\n// handle Page 2: you can access new page DOM through newPage object",
                  "err": {},
                  "uuid": "942bf7b5-d249-4a28-be8c-fa712dca1d17",
                  "parentUUID": "1cb333aa-be2c-4148-8a27-fbf9ffddf249",
                  "isHook": false,
                  "skipped": false
                },
                {
                  "title": "It should navigate to personal tab of new employee",
                  "fullTitle": "Reckon One Payroll Add Employee Test It should navigate to personal tab of new employee",
                  "timedOut": false,
                  "duration": 9948,
                  "state": "passed",
                  "speed": "slow",
                  "pass": true,
                  "fail": false,
                  "pending": false,
                  "context": null,
                  "code": "await newPage.waitForSelector('#mainContent')\nawait delay(4000)\nawait newPage.waitForSelector('#mainContent > div.row.js-nav-page > div > div > ul > li:nth-child(2) > a')\nconst personalLink = await newPage.$x(\"//a[text()='Personal']\")\nawait personalLink[0].click()\nawait newPage.waitForSelector('#DateOfBirth')\nawait type(newPage, '1234', '#PdfPassword')\nconst employmentLink = await newPage.$x(\"//a[text()='Employment']\")\nawait employmentLink[0].click()\nawait delay(4000)\nawait newPage.waitForSelector('button#btnRightkendoDialog.button.-primary.k-button')\nawait newPage.click('button#btnLeftkendoDialog.button.-tertiary.k-button.cancel')",
                  "err": {},
                  "uuid": "591fa0e9-a0f9-4710-9603-8b9141ea2333",
                  "parentUUID": "1cb333aa-be2c-4148-8a27-fbf9ffddf249",
                  "isHook": false,
                  "skipped": false
                },
                {
                  "title": "It should fill out the employment tab",
                  "fullTitle": "Reckon One Payroll Add Employee Test It should fill out the employment tab",
                  "timedOut": false,
                  "duration": 19370,
                  "state": "passed",
                  "speed": "slow",
                  "pass": true,
                  "fail": false,
                  "pending": false,
                  "context": null,
                  "code": "await newPage.waitForSelector('#EmployeeNumber')\n\t\t\tawait type(newPage, 'Product Manager', '#JobTitle')\n\t\t\t//await type('input[name=WeeklyHours]', '40', {delay: 20})\n\t\t\tawait type(newPage, '1234', '#EmployeeNumber')\n\t\t\tawait delay(2000)\n\t\t\t//await type(newPage, '40', '#WeeklyHours')\n\t\t\tawait newPage.keyboard.press('Tab')\n\t\t\tawait delay(2000)\n\t\t\tawait newPage.keyboard.press('C')\n\t\t\tawait delay(2000)\n\t\t\tawait newPage.keyboard.press('ArrowDown')\n\t\t\tawait newPage.keyboard.press('Tab')\n\t\t\tawait newPage.keyboard.press('Tab')\n\t\t\tawait newPage.keyboard.press('Tab')\n\t\t\tawait newPage.keyboard.press('Tab')\n\t\t\tawait delay(2000)\n\t\t\tawait newPage.keyboard.press('1')\n\t\t\tawait newPage.keyboard.press('0')\n\t\t\tconst taxLink = await newPage.$x(\"//a[text()='Tax']\")\n\t\t\tawait taxLink[0].click()\n\t\t\tawait delay(4000)\n\t\t\tawait newPage.waitForSelector('#btnRightkendoDialog.button.-primary.k-button')\n\t\t\tawait newPage.click('button#btnRightkendoDialog.button.-primary.k-button')\t\n\t\t\tawait newPage.waitForSelector('#TaxFileNumber')\n\t\t\tawait delay(2000)\n\t\t\tawait newPage.waitForSelector('#EmployeeTax')\n\t\t\tawait delay(2000)\n\t\t\t\n\t\t\t//await newPage.click('#grdLeaves > div.k-header.k-grid-toolbar.k-grid-top > a')\n\t\t\t//await delay(4000)",
                  "err": {},
                  "uuid": "2a0dd15c-16e2-44a9-8619-5afc128f0cee",
                  "parentUUID": "1cb333aa-be2c-4148-8a27-fbf9ffddf249",
                  "isHook": false,
                  "skipped": false
                },
                {
                  "title": "It should fill out the tax tab",
                  "fullTitle": "Reckon One Payroll Add Employee Test It should fill out the tax tab",
                  "timedOut": false,
                  "duration": 6946,
                  "state": "passed",
                  "speed": "slow",
                  "pass": true,
                  "fail": false,
                  "pending": false,
                  "context": null,
                  "code": "await newPage.click('#IsHelp')\nawait type(newPage, 'New South Wales', '#EmployeeTax > section:nth-child(11) > ul > li:nth-child(2) > span.span-3.-last > span > span > input')\nawait type(newPage, '11111111111', '#TaxFileNumber')\nawait type(newPage, 'Scale 2: Tax free threshold claimed', '#EmployeeTax > section:nth-child(11) > ul > li:nth-child(4) > span.span-4.-last > span.k-widget.k-combobox.k-header.js-mode-edit.span-3 > span > input')\nawait newPage.keyboard.press('Tab')\nawait delay(2000)\nawait type(newPage, '1', '#TaxOffset')\nconst leaveLink = await newPage.$x(\"//a[text()='Leave']\")\nawait leaveLink[0].click()\nawait delay(4000)\nawait newPage.waitForSelector('#btnRightkendoDialog.button.-primary.k-button')\nawait newPage.click('button#btnRightkendoDialog.button.-primary.k-button')",
                  "err": {},
                  "uuid": "ff11efa9-aeac-4e5c-a253-95490763e7eb",
                  "parentUUID": "1cb333aa-be2c-4148-8a27-fbf9ffddf249",
                  "isHook": false,
                  "skipped": false
                },
                {
                  "title": "should fill out the leave tab",
                  "fullTitle": "Reckon One Payroll Add Employee Test should fill out the leave tab",
                  "timedOut": false,
                  "duration": 16628,
                  "state": "passed",
                  "speed": "slow",
                  "pass": true,
                  "fail": false,
                  "pending": false,
                  "context": null,
                  "code": "await newPage.waitForSelector('#grdLeaves > div > a')\nawait newPage.click('#grdLeaves > div > a')\nawait delay(4000)\nawait newPage.type('input[name=PayItem_input', 'Annual leave', {delay: 20})\nawait delay(2000)\nawait newPage.keyboard.press('Tab')\nawait type(newPage, '152', '#AnnualEntitlement')\nawait delay(2000)\nawait newPage.keyboard.press('Tab')\nawait delay(2000)\nawait newPage.keyboard.press('Tab')\nconst paysetupLink = await newPage.$x(\"//a[text()='Pay set up']\")\nawait paysetupLink[0].click()\nawait delay(4000)\nawait newPage.waitForSelector('#btnRightkendoDialog.button.-primary.k-button')\nawait newPage.click('button#btnRightkendoDialog.button.-primary.k-button')",
                  "err": {},
                  "uuid": "4fe64b3d-c456-4679-8fa1-0d8d294ab24d",
                  "parentUUID": "1cb333aa-be2c-4148-8a27-fbf9ffddf249",
                  "isHook": false,
                  "skipped": false
                },
                {
                  "title": "should fill out the pay setup tab",
                  "fullTitle": "Reckon One Payroll Add Employee Test should fill out the pay setup tab",
                  "timedOut": false,
                  "duration": 6978,
                  "state": "passed",
                  "speed": "slow",
                  "pass": true,
                  "fail": false,
                  "pending": false,
                  "context": null,
                  "code": "await newPage.waitForSelector('#IsSsReduceEmployerSuperContribution')\nawait newPage.click('#grdEarnings > div > a')\nawait delay(1000)\nawait newPage.type('input[name=PayItem_input', 'Ordinary', {delay: 20})\nawait delay(4000)\nawait newPage.waitForSelector('#Quantity')\nawait newPage.waitForSelector('#Rate')\nawait newPage.keyboard.press('Tab')\nawait type(newPage, '40', '#Rate' )\nawait newPage.keyboard.press('Enter')\n\n\n//await newPage.type(newPage, '40', '#Quantity')\n//await newPage.keyboard.press('Tab')",
                  "err": {},
                  "uuid": "5daeea1e-88d8-439b-ab9b-a4044760c9ad",
                  "parentUUID": "1cb333aa-be2c-4148-8a27-fbf9ffddf249",
                  "isHook": false,
                  "skipped": false
                },
                {
                  "title": "should save and close the profile, saving the employee",
                  "fullTitle": "Reckon One Payroll Add Employee Test should save and close the profile, saving the employee",
                  "timedOut": false,
                  "duration": 223,
                  "state": "passed",
                  "speed": "slow",
                  "pass": true,
                  "fail": false,
                  "pending": false,
                  "context": null,
                  "code": "await newPage.click('#btnSaveClose')",
                  "err": {},
                  "uuid": "0a711294-eb69-4951-9cb7-094ffd5d8313",
                  "parentUUID": "1cb333aa-be2c-4148-8a27-fbf9ffddf249",
                  "isHook": false,
                  "skipped": false
                },
                {
                  "title": "should close the browser",
                  "fullTitle": "Reckon One Payroll Add Employee Test should close the browser",
                  "timedOut": false,
                  "duration": 12420,
                  "state": "passed",
                  "speed": "slow",
                  "pass": true,
                  "fail": false,
                  "pending": false,
                  "context": null,
                  "code": "//const dashboardSideLink = await newPage.$x(\"//span[text()='Dashboard']\")\n\t\t\t//await dashboardSideLink[0].click()\nawait delay(6000)\nawait newPage.click('span.icon.-nav-dashboard')\nawait delay(6000)\nawait browser.close()",
                  "err": {},
                  "uuid": "9cf35c44-cd91-4ca1-a8b6-fe8f12cda99f",
                  "parentUUID": "1cb333aa-be2c-4148-8a27-fbf9ffddf249",
                  "isHook": false,
                  "skipped": false
                }
              ],
              "suites": [],
              "passes": [
                "93924c6e-3e33-42fe-ac34-58063bfe4c28",
                "942bf7b5-d249-4a28-be8c-fa712dca1d17",
                "591fa0e9-a0f9-4710-9603-8b9141ea2333",
                "2a0dd15c-16e2-44a9-8619-5afc128f0cee",
                "ff11efa9-aeac-4e5c-a253-95490763e7eb",
                "4fe64b3d-c456-4679-8fa1-0d8d294ab24d",
                "5daeea1e-88d8-439b-ab9b-a4044760c9ad",
                "0a711294-eb69-4951-9cb7-094ffd5d8313",
                "9cf35c44-cd91-4ca1-a8b6-fe8f12cda99f"
              ],
              "failures": [],
              "pending": [],
              "skipped": [],
              "duration": 86463,
              "root": false,
              "rootEmpty": false,
              "_timeout": 30000
            }
          ],
          "passes": [],
          "failures": [],
          "pending": [],
          "skipped": [],
          "duration": 0,
          "root": false,
          "rootEmpty": false,
          "_timeout": 30000
        },
        {
          "uuid": "f1742480-3a8b-4a1e-9d71-531c7e48402f",
          "title": "Reckon One Payroll",
          "fullFile": "/Users/simonhutchinson/Documents/GitHub/puppetchai/tests/fullTime.js",
          "file": "/tests/fullTime.js",
          "beforeHooks": [
            {
              "title": "\"before all\" hook",
              "fullTitle": "Reckon One Payroll \"before all\" hook",
              "timedOut": false,
              "duration": 963,
              "state": null,
              "speed": null,
              "pass": false,
              "fail": false,
              "pending": false,
              "context": null,
              "code": "browser = await puppeteer.launch({\n\tdefaultViewport: null,\n\t//executablePath: 'C:\\\\Program Files (x86)\\\\Google\\\\Chrome\\\\Application\\\\chrome.exe ',\n\t//executablePath: '/Applications/Google Chrome.app/',\n\theadless: false,\n\tslowMo: config2.slowMo,\n\tdevTools: config2.isDevTools,\n\ttimeout: config2.timeout,\n})\npage = await browser.newPage()\nawait page.setDefaultTimeout(config2.waitingTimeout)\nawait page.setViewport({\n\twidth: 1600,\n\theight: 1200,\n})",
              "err": {},
              "uuid": "61f152df-8e87-4d84-9ceb-fb1d7f9c669b",
              "parentUUID": "f1742480-3a8b-4a1e-9d71-531c7e48402f",
              "isHook": true,
              "skipped": false
            }
          ],
          "afterHooks": [
            {
              "title": "\"after all\" hook",
              "fullTitle": "Reckon One Payroll \"after all\" hook",
              "timedOut": false,
              "duration": 0,
              "state": null,
              "speed": null,
              "pass": false,
              "fail": false,
              "pending": false,
              "context": null,
              "code": "console.log('done')",
              "err": {},
              "uuid": "1cadadae-7128-4919-b9e7-903e2f5a9058",
              "parentUUID": "f1742480-3a8b-4a1e-9d71-531c7e48402f",
              "isHook": true,
              "skipped": false
            }
          ],
          "tests": [],
          "suites": [
            {
              "uuid": "104b157b-eceb-43af-87b1-816d8c0a3f56",
              "title": "Add Employee Test",
              "fullFile": "/Users/simonhutchinson/Documents/GitHub/puppetchai/tests/fullTime.js",
              "file": "/tests/fullTime.js",
              "beforeHooks": [],
              "afterHooks": [],
              "tests": [
                {
                  "title": "should navigate to homepage",
                  "fullTitle": "Reckon One Payroll Add Employee Test should navigate to homepage",
                  "timedOut": false,
                  "duration": 4815,
                  "state": "passed",
                  "speed": "slow",
                  "pass": true,
                  "fail": false,
                  "pending": false,
                  "context": null,
                  "code": "await loadUrl(page, config2.baseUrl)\nawait shouldExist(page, '#username')",
                  "err": {},
                  "uuid": "501ea629-7cd0-4e07-9223-ba89b442d40e",
                  "parentUUID": "104b157b-eceb-43af-87b1-816d8c0a3f56",
                  "isHook": false,
                  "skipped": false
                },
                {
                  "title": "should login",
                  "fullTitle": "Reckon One Payroll Add Employee Test should login",
                  "timedOut": false,
                  "duration": 9106,
                  "state": "passed",
                  "speed": "slow",
                  "pass": true,
                  "fail": false,
                  "pending": false,
                  "context": null,
                  "code": "await type(page, 'stp@mailinator.com', '#username')\nawait type(page, 'password', '#password')\nawait pressKey(page, 'Enter')\nawait waitForText(page, 'body', 'Account')\nawait shouldExist(page, '.panel-heading')\nconst newPagePromise = new Promise(x => browser.once('targetcreated', target => x(target.page())));\nawait page.click('#SubsTile');\nnewPage = await newPagePromise;\nawait newPage.waitForSelector('#mainContent');\nconst payrollSideLink = await newPage.$x(\"//span[text()='Payroll']\")\nawait payrollSideLink[0].click()\n//const payrollSideBar = await newPage.$x(\"//span[text()='Payroll']\");\n//console.log('tested ' + payrollTest[0]);\n//await payrollSideBar[0].click()\n//await newPage.click('body > div.nav-left-wrapper > nav > ul > li:nth-child(3) > ul > li:nth-child(2) > a')\nconst employeeSideLink = await newPage.$x(\"//a[text()='Employees']\")\nawait employeeSideLink[0].click()\nawait newPage.waitForSelector('.employee-index')\t\nawait newPage.waitForSelector('#show-hide-grdContactActive')\nawait newPage.click('.button.-primary.-prominent')\nawait newPage.waitForSelector('#FirstName')\nawait type(newPage, `Simon ${Date.now()}`, '#FirstName')\nawait type(newPage, `test ${Date.now()}`, '#Surname')\nawait type(newPage, 'Line1', '#PostalAddress_Line1')\nawait type(newPage, 'Line2', '#PostalAddress_Line2')\nawait type(newPage, 'Sydney', '#PostalAddress_Suburb')\nawait type(newPage, '2060', '#PostalAddress_PostCode')\nawait type(newPage, 'test@test.com', '#EmailAddress')\nawait newPage.click('#btnSave')\nawait newPage.waitForSelector('#btnSaveClose')\n\n\n\n\n// handle Page 2: you can access new page DOM through newPage object",
                  "err": {},
                  "uuid": "60b2e66e-7e08-45a5-913a-0579236d2288",
                  "parentUUID": "104b157b-eceb-43af-87b1-816d8c0a3f56",
                  "isHook": false,
                  "skipped": false
                },
                {
                  "title": "It should navigate to personal tab of new employee",
                  "fullTitle": "Reckon One Payroll Add Employee Test It should navigate to personal tab of new employee",
                  "timedOut": false,
                  "duration": 10111,
                  "state": "passed",
                  "speed": "slow",
                  "pass": true,
                  "fail": false,
                  "pending": false,
                  "context": null,
                  "code": "await newPage.waitForSelector('#mainContent')\nawait delay(4000)\nawait newPage.waitForSelector('#mainContent > div.row.js-nav-page > div > div > ul > li:nth-child(2) > a')\nconst personalLink = await newPage.$x(\"//a[text()='Personal']\")\nawait personalLink[0].click()\nawait newPage.waitForSelector('#DateOfBirth')\nawait type(newPage, '1234', '#PdfPassword')\nconst employmentLink = await newPage.$x(\"//a[text()='Employment']\")\nawait employmentLink[0].click()\nawait delay(4000)\nawait newPage.waitForSelector('button#btnRightkendoDialog.button.-primary.k-button')\nawait newPage.click('button#btnLeftkendoDialog.button.-tertiary.k-button.cancel')",
                  "err": {},
                  "uuid": "576ba7c5-4d6b-4c6e-92e6-9272f3596f03",
                  "parentUUID": "104b157b-eceb-43af-87b1-816d8c0a3f56",
                  "isHook": false,
                  "skipped": false
                },
                {
                  "title": "It should fill out the employment tab",
                  "fullTitle": "Reckon One Payroll Add Employee Test It should fill out the employment tab",
                  "timedOut": false,
                  "duration": 19308,
                  "state": "passed",
                  "speed": "slow",
                  "pass": true,
                  "fail": false,
                  "pending": false,
                  "context": null,
                  "code": "await newPage.waitForSelector('#EmployeeNumber')\n\t\t\tawait type(newPage, 'Product Manager', '#JobTitle')\n\t\t\t//await type('input[name=WeeklyHours]', '40', {delay: 20})\n\t\t\tawait type(newPage, '1234', '#EmployeeNumber')\n\t\t\tawait delay(2000)\n\t\t\t//await type(newPage, '40', '#WeeklyHours')\n\t\t\tawait newPage.keyboard.press('Tab')\n\t\t\tawait delay(2000)\n\t\t\t//await newPage.keyboard.press('P')\n\t\t\tawait delay(2000)\n\t\t\tawait newPage.keyboard.press('ArrowDown')\n\t\t\tawait newPage.keyboard.press('Tab')\n\t\t\tawait newPage.keyboard.press('Tab')\n\t\t\tawait newPage.keyboard.press('Tab')\n\t\t\tawait newPage.keyboard.press('Tab')\n\t\t\tawait delay(2000)\n\t\t\tawait newPage.keyboard.press('4')\n\t\t\tawait newPage.keyboard.press('0')\n\t\t\tconst taxLink = await newPage.$x(\"//a[text()='Tax']\")\n\t\t\tawait taxLink[0].click()\n\t\t\tawait delay(4000)\n\t\t\tawait newPage.waitForSelector('#btnRightkendoDialog.button.-primary.k-button')\n\t\t\tawait newPage.click('button#btnRightkendoDialog.button.-primary.k-button')\t\n\t\t\tawait newPage.waitForSelector('#TaxFileNumber')\n\t\t\tawait delay(2000)\n\t\t\tawait newPage.waitForSelector('#EmployeeTax')\n\t\t\tawait delay(2000)\n\t\t\t\n\t\t\t//await newPage.click('#grdLeaves > div.k-header.k-grid-toolbar.k-grid-top > a')\n\t\t\t//await delay(4000)",
                  "err": {},
                  "uuid": "4bbd2e83-476f-44c7-aac6-1408097517fe",
                  "parentUUID": "104b157b-eceb-43af-87b1-816d8c0a3f56",
                  "isHook": false,
                  "skipped": false
                },
                {
                  "title": "It should fill out the tax tab",
                  "fullTitle": "Reckon One Payroll Add Employee Test It should fill out the tax tab",
                  "timedOut": false,
                  "duration": 6983,
                  "state": "passed",
                  "speed": "slow",
                  "pass": true,
                  "fail": false,
                  "pending": false,
                  "context": null,
                  "code": "await newPage.click('#IsHelp')\nawait type(newPage, 'New South Wales', '#EmployeeTax > section:nth-child(11) > ul > li:nth-child(2) > span.span-3.-last > span > span > input')\nawait type(newPage, '11111111111', '#TaxFileNumber')\nawait type(newPage, 'Scale 2: Tax free threshold claimed', '#EmployeeTax > section:nth-child(11) > ul > li:nth-child(4) > span.span-4.-last > span.k-widget.k-combobox.k-header.js-mode-edit.span-3 > span > input')\nawait newPage.keyboard.press('Tab')\nawait delay(2000)\nawait type(newPage, '1', '#TaxOffset')\nconst leaveLink = await newPage.$x(\"//a[text()='Leave']\")\nawait leaveLink[0].click()\nawait delay(4000)\nawait newPage.waitForSelector('#btnRightkendoDialog.button.-primary.k-button')\nawait newPage.click('button#btnRightkendoDialog.button.-primary.k-button')",
                  "err": {},
                  "uuid": "dfbbc1d9-9d35-4a28-a4fc-8556e2c0213f",
                  "parentUUID": "104b157b-eceb-43af-87b1-816d8c0a3f56",
                  "isHook": false,
                  "skipped": false
                },
                {
                  "title": "should fill out the leave tab",
                  "fullTitle": "Reckon One Payroll Add Employee Test should fill out the leave tab",
                  "timedOut": false,
                  "duration": 16517,
                  "state": "passed",
                  "speed": "slow",
                  "pass": true,
                  "fail": false,
                  "pending": false,
                  "context": null,
                  "code": "await newPage.waitForSelector('#grdLeaves > div > a')\nawait newPage.click('#grdLeaves > div > a')\nawait delay(4000)\nawait newPage.type('input[name=PayItem_input', 'Annual leave', {delay: 20})\nawait delay(2000)\nawait newPage.keyboard.press('Tab')\nawait type(newPage, '152', '#AnnualEntitlement')\nawait delay(2000)\nawait newPage.keyboard.press('Tab')\nawait delay(2000)\nawait newPage.keyboard.press('Tab')\nconst paysetupLink = await newPage.$x(\"//a[text()='Pay set up']\")\nawait paysetupLink[0].click()\nawait delay(4000)\nawait newPage.waitForSelector('#btnRightkendoDialog.button.-primary.k-button')\nawait newPage.click('button#btnRightkendoDialog.button.-primary.k-button')",
                  "err": {},
                  "uuid": "b5eaa05c-80ed-43db-b4a3-7651b60f9ba8",
                  "parentUUID": "104b157b-eceb-43af-87b1-816d8c0a3f56",
                  "isHook": false,
                  "skipped": false
                },
                {
                  "title": "should fill out the pay setup tab",
                  "fullTitle": "Reckon One Payroll Add Employee Test should fill out the pay setup tab",
                  "timedOut": false,
                  "duration": 7202,
                  "state": "passed",
                  "speed": "slow",
                  "pass": true,
                  "fail": false,
                  "pending": false,
                  "context": null,
                  "code": "await newPage.waitForSelector('#IsSsReduceEmployerSuperContribution')\nawait newPage.click('#grdEarnings > div > a')\nawait delay(1000)\nawait newPage.type('input[name=PayItem_input', 'Ordinary', {delay: 20})\nawait delay(4000)\nawait newPage.waitForSelector('#Quantity')\nawait newPage.waitForSelector('#Rate')\nawait newPage.keyboard.press('Tab')\nawait type(newPage, '40', '#Rate' )\nawait newPage.keyboard.press('Enter')\n\n\n//await newPage.type(newPage, '40', '#Quantity')\n//await newPage.keyboard.press('Tab')",
                  "err": {},
                  "uuid": "a8e2e388-d3e0-434e-94ca-ca397da3e860",
                  "parentUUID": "104b157b-eceb-43af-87b1-816d8c0a3f56",
                  "isHook": false,
                  "skipped": false
                },
                {
                  "title": "should save and close the profile, saving the employee",
                  "fullTitle": "Reckon One Payroll Add Employee Test should save and close the profile, saving the employee",
                  "timedOut": false,
                  "duration": 196,
                  "state": "passed",
                  "speed": "slow",
                  "pass": true,
                  "fail": false,
                  "pending": false,
                  "context": null,
                  "code": "await newPage.click('#btnSaveClose')",
                  "err": {},
                  "uuid": "ac617e91-b96c-43af-8f93-b9059db4b638",
                  "parentUUID": "104b157b-eceb-43af-87b1-816d8c0a3f56",
                  "isHook": false,
                  "skipped": false
                },
                {
                  "title": "should close the browser",
                  "fullTitle": "Reckon One Payroll Add Employee Test should close the browser",
                  "timedOut": false,
                  "duration": 6424,
                  "state": "passed",
                  "speed": "slow",
                  "pass": true,
                  "fail": false,
                  "pending": false,
                  "context": null,
                  "code": "const dashboardSideLink = await newPage.$x(\"//span[text()='Dashboard']\")\n\t\t\tawait dashboardSideLink[0].click()\nawait delay(6000)\n\t\t\tawait browser.close()",
                  "err": {},
                  "uuid": "7efd18a2-ea91-4fec-aa83-ff9dfd470a3e",
                  "parentUUID": "104b157b-eceb-43af-87b1-816d8c0a3f56",
                  "isHook": false,
                  "skipped": false
                }
              ],
              "suites": [],
              "passes": [
                "501ea629-7cd0-4e07-9223-ba89b442d40e",
                "60b2e66e-7e08-45a5-913a-0579236d2288",
                "576ba7c5-4d6b-4c6e-92e6-9272f3596f03",
                "4bbd2e83-476f-44c7-aac6-1408097517fe",
                "dfbbc1d9-9d35-4a28-a4fc-8556e2c0213f",
                "b5eaa05c-80ed-43db-b4a3-7651b60f9ba8",
                "a8e2e388-d3e0-434e-94ca-ca397da3e860",
                "ac617e91-b96c-43af-8f93-b9059db4b638",
                "7efd18a2-ea91-4fec-aa83-ff9dfd470a3e"
              ],
              "failures": [],
              "pending": [],
              "skipped": [],
              "duration": 80662,
              "root": false,
              "rootEmpty": false,
              "_timeout": 30000
            }
          ],
          "passes": [],
          "failures": [],
          "pending": [],
          "skipped": [],
          "duration": 0,
          "root": false,
          "rootEmpty": false,
          "_timeout": 30000
        },
        {
          "uuid": "f3e31c0e-8151-4884-982e-b10164e6e70f",
          "title": "Reckon One Payroll",
          "fullFile": "/Users/simonhutchinson/Documents/GitHub/puppetchai/tests/partTime.js",
          "file": "/tests/partTime.js",
          "beforeHooks": [
            {
              "title": "\"before all\" hook",
              "fullTitle": "Reckon One Payroll \"before all\" hook",
              "timedOut": false,
              "duration": 956,
              "state": null,
              "speed": null,
              "pass": false,
              "fail": false,
              "pending": false,
              "context": null,
              "code": "browser = await puppeteer.launch({\n\tdefaultViewport: null,\n\t//executablePath: 'C:\\\\Program Files (x86)\\\\Google\\\\Chrome\\\\Application\\\\chrome.exe ',\n\t//executablePath: '/Applications/Google Chrome.app/',\n\theadless: false,\n\tslowMo: config2.slowMo,\n\tdevTools: config2.isDevTools,\n\ttimeout: config2.timeout,\n})\npage = await browser.newPage()\nawait page.setDefaultTimeout(config2.waitingTimeout)\nawait page.setViewport({\n\twidth: 1600,\n\theight: 1200,\n})",
              "err": {},
              "uuid": "e1b5051a-e5f0-4ca7-844d-cdba002db4c8",
              "parentUUID": "f3e31c0e-8151-4884-982e-b10164e6e70f",
              "isHook": true,
              "skipped": false
            }
          ],
          "afterHooks": [
            {
              "title": "\"after all\" hook",
              "fullTitle": "Reckon One Payroll \"after all\" hook",
              "timedOut": false,
              "duration": 0,
              "state": null,
              "speed": null,
              "pass": false,
              "fail": false,
              "pending": false,
              "context": null,
              "code": "console.log('done')",
              "err": {},
              "uuid": "b88bdd93-f5d8-4eb4-972b-024233e9eeac",
              "parentUUID": "f3e31c0e-8151-4884-982e-b10164e6e70f",
              "isHook": true,
              "skipped": false
            }
          ],
          "tests": [],
          "suites": [
            {
              "uuid": "23d9787b-8cae-46f8-b387-685abe09f7fc",
              "title": "Add Employee Test",
              "fullFile": "/Users/simonhutchinson/Documents/GitHub/puppetchai/tests/partTime.js",
              "file": "/tests/partTime.js",
              "beforeHooks": [],
              "afterHooks": [],
              "tests": [
                {
                  "title": "should navigate to homepage",
                  "fullTitle": "Reckon One Payroll Add Employee Test should navigate to homepage",
                  "timedOut": false,
                  "duration": 5720,
                  "state": "passed",
                  "speed": "slow",
                  "pass": true,
                  "fail": false,
                  "pending": false,
                  "context": null,
                  "code": "await loadUrl(page, config2.baseUrl)\nawait shouldExist(page, '#username')",
                  "err": {},
                  "uuid": "1b4c4df9-5449-42f6-9b0e-caebaea7a75c",
                  "parentUUID": "23d9787b-8cae-46f8-b387-685abe09f7fc",
                  "isHook": false,
                  "skipped": false
                },
                {
                  "title": "should login",
                  "fullTitle": "Reckon One Payroll Add Employee Test should login",
                  "timedOut": false,
                  "duration": 8741,
                  "state": "passed",
                  "speed": "slow",
                  "pass": true,
                  "fail": false,
                  "pending": false,
                  "context": null,
                  "code": "await type(page, 'stp@mailinator.com', '#username')\nawait type(page, 'password', '#password')\nawait pressKey(page, 'Enter')\nawait waitForText(page, 'body', 'Account')\nawait shouldExist(page, '.panel-heading')\nconst newPagePromise = new Promise(x => browser.once('targetcreated', target => x(target.page())));\nawait page.click('#SubsTile');\nnewPage = await newPagePromise;\nawait newPage.waitForSelector('#mainContent');\nconst payrollSideLink = await newPage.$x(\"//span[text()='Payroll']\")\nawait payrollSideLink[0].click()\n//const payrollSideBar = await newPage.$x(\"//span[text()='Payroll']\");\n//console.log('tested ' + payrollTest[0]);\n//await payrollSideBar[0].click()\n//await newPage.click('body > div.nav-left-wrapper > nav > ul > li:nth-child(3) > ul > li:nth-child(2) > a')\nconst employeeSideLink = await newPage.$x(\"//a[text()='Employees']\")\nawait employeeSideLink[0].click()\nawait newPage.waitForSelector('.employee-index')\t\nawait newPage.waitForSelector('#show-hide-grdContactActive')\nawait newPage.click('.button.-primary.-prominent')\nawait newPage.waitForSelector('#FirstName')\nawait type(newPage, `Simon ${Date.now()}`, '#FirstName')\nawait type(newPage, `test ${Date.now()}`, '#Surname')\nawait type(newPage, 'Line1', '#PostalAddress_Line1')\nawait type(newPage, 'Line2', '#PostalAddress_Line2')\nawait type(newPage, 'Sydney', '#PostalAddress_Suburb')\nawait type(newPage, '2060', '#PostalAddress_PostCode')\nawait type(newPage, 'test@test.com', '#EmailAddress')\nawait newPage.click('#btnSave')\nawait newPage.waitForSelector('#btnSaveClose')\n\n\n\n\n// handle Page 2: you can access new page DOM through newPage object",
                  "err": {},
                  "uuid": "ab453e1f-51d9-4917-918b-1cdd84ec81eb",
                  "parentUUID": "23d9787b-8cae-46f8-b387-685abe09f7fc",
                  "isHook": false,
                  "skipped": false
                },
                {
                  "title": "It should navigate to personal tab of new employee",
                  "fullTitle": "Reckon One Payroll Add Employee Test It should navigate to personal tab of new employee",
                  "timedOut": false,
                  "duration": 10261,
                  "state": "passed",
                  "speed": "slow",
                  "pass": true,
                  "fail": false,
                  "pending": false,
                  "context": null,
                  "code": "await newPage.waitForSelector('#mainContent')\nawait delay(4000)\nawait newPage.waitForSelector('#mainContent > div.row.js-nav-page > div > div > ul > li:nth-child(2) > a')\nconst personalLink = await newPage.$x(\"//a[text()='Personal']\")\nawait personalLink[0].click()\nawait newPage.waitForSelector('#DateOfBirth')\nawait type(newPage, '1234', '#PdfPassword')\nconst employmentLink = await newPage.$x(\"//a[text()='Employment']\")\nawait employmentLink[0].click()\nawait delay(4000)\nawait newPage.waitForSelector('button#btnRightkendoDialog.button.-primary.k-button')\nawait newPage.click('button#btnLeftkendoDialog.button.-tertiary.k-button.cancel')",
                  "err": {},
                  "uuid": "03ca4f1a-cda6-4e59-a4e9-ed3d72f7eb2e",
                  "parentUUID": "23d9787b-8cae-46f8-b387-685abe09f7fc",
                  "isHook": false,
                  "skipped": false
                },
                {
                  "title": "It should fill out the employment tab",
                  "fullTitle": "Reckon One Payroll Add Employee Test It should fill out the employment tab",
                  "timedOut": false,
                  "duration": 19358,
                  "state": "passed",
                  "speed": "slow",
                  "pass": true,
                  "fail": false,
                  "pending": false,
                  "context": null,
                  "code": "await newPage.waitForSelector('#EmployeeNumber')\n\t\t\tawait type(newPage, 'Product Manager', '#JobTitle')\n\t\t\t//await type('input[name=WeeklyHours]', '40', {delay: 20})\n\t\t\tawait type(newPage, '1234', '#EmployeeNumber')\n\t\t\tawait delay(2000)\n\t\t\t//await type(newPage, '40', '#WeeklyHours')\n\t\t\tawait newPage.keyboard.press('Tab')\n\t\t\tawait delay(2000)\n\t\t\tawait newPage.keyboard.press('P')\n\t\t\tawait delay(2000)\n\t\t\tawait newPage.keyboard.press('ArrowDown')\n\t\t\tawait newPage.keyboard.press('Tab')\n\t\t\tawait newPage.keyboard.press('Tab')\n\t\t\tawait newPage.keyboard.press('Tab')\n\t\t\tawait newPage.keyboard.press('Tab')\n\t\t\tawait delay(2000)\n\t\t\tawait newPage.keyboard.press('2')\n\t\t\tawait newPage.keyboard.press('0')\n\t\t\tconst taxLink = await newPage.$x(\"//a[text()='Tax']\")\n\t\t\tawait taxLink[0].click()\n\t\t\tawait delay(4000)\n\t\t\tawait newPage.waitForSelector('#btnRightkendoDialog.button.-primary.k-button')\n\t\t\tawait newPage.click('button#btnRightkendoDialog.button.-primary.k-button')\t\n\t\t\tawait newPage.waitForSelector('#TaxFileNumber')\n\t\t\tawait delay(2000)\n\t\t\tawait newPage.waitForSelector('#EmployeeTax')\n\t\t\tawait delay(2000)\n\t\t\t\n\t\t\t//await newPage.click('#grdLeaves > div.k-header.k-grid-toolbar.k-grid-top > a')\n\t\t\t//await delay(4000)",
                  "err": {},
                  "uuid": "fd8f8d47-7260-4873-8128-91bf1a2532d0",
                  "parentUUID": "23d9787b-8cae-46f8-b387-685abe09f7fc",
                  "isHook": false,
                  "skipped": false
                },
                {
                  "title": "It should fill out the tax tab",
                  "fullTitle": "Reckon One Payroll Add Employee Test It should fill out the tax tab",
                  "timedOut": false,
                  "duration": 6944,
                  "state": "passed",
                  "speed": "slow",
                  "pass": true,
                  "fail": false,
                  "pending": false,
                  "context": null,
                  "code": "await newPage.click('#IsHelp')\nawait type(newPage, 'New South Wales', '#EmployeeTax > section:nth-child(11) > ul > li:nth-child(2) > span.span-3.-last > span > span > input')\nawait type(newPage, '11111111111', '#TaxFileNumber')\nawait type(newPage, 'Scale 2: Tax free threshold claimed', '#EmployeeTax > section:nth-child(11) > ul > li:nth-child(4) > span.span-4.-last > span.k-widget.k-combobox.k-header.js-mode-edit.span-3 > span > input')\nawait newPage.keyboard.press('Tab')\nawait delay(2000)\nawait type(newPage, '1', '#TaxOffset')\nconst leaveLink = await newPage.$x(\"//a[text()='Leave']\")\nawait leaveLink[0].click()\nawait delay(4000)\nawait newPage.waitForSelector('#btnRightkendoDialog.button.-primary.k-button')\nawait newPage.click('button#btnRightkendoDialog.button.-primary.k-button')",
                  "err": {},
                  "uuid": "7f47ce63-6d36-4c78-849d-f5ab84b01497",
                  "parentUUID": "23d9787b-8cae-46f8-b387-685abe09f7fc",
                  "isHook": false,
                  "skipped": false
                },
                {
                  "title": "should fill out the leave tab",
                  "fullTitle": "Reckon One Payroll Add Employee Test should fill out the leave tab",
                  "timedOut": false,
                  "duration": 16688,
                  "state": "passed",
                  "speed": "slow",
                  "pass": true,
                  "fail": false,
                  "pending": false,
                  "context": null,
                  "code": "await newPage.waitForSelector('#grdLeaves > div > a')\nawait newPage.click('#grdLeaves > div > a')\nawait delay(4000)\nawait newPage.type('input[name=PayItem_input', 'Annual leave', {delay: 20})\nawait delay(2000)\nawait newPage.keyboard.press('Tab')\nawait type(newPage, '152', '#AnnualEntitlement')\nawait delay(2000)\nawait newPage.keyboard.press('Tab')\nawait delay(2000)\nawait newPage.keyboard.press('Tab')\nconst paysetupLink = await newPage.$x(\"//a[text()='Pay set up']\")\nawait paysetupLink[0].click()\nawait delay(4000)\nawait newPage.waitForSelector('#btnRightkendoDialog.button.-primary.k-button')\nawait newPage.click('button#btnRightkendoDialog.button.-primary.k-button')",
                  "err": {},
                  "uuid": "e00fbea4-3532-4599-a5fa-2920726737e2",
                  "parentUUID": "23d9787b-8cae-46f8-b387-685abe09f7fc",
                  "isHook": false,
                  "skipped": false
                },
                {
                  "title": "should fill out the pay setup tab",
                  "fullTitle": "Reckon One Payroll Add Employee Test should fill out the pay setup tab",
                  "timedOut": false,
                  "duration": 7073,
                  "state": "passed",
                  "speed": "slow",
                  "pass": true,
                  "fail": false,
                  "pending": false,
                  "context": null,
                  "code": "await newPage.waitForSelector('#IsSsReduceEmployerSuperContribution')\nawait newPage.click('#grdEarnings > div > a')\nawait delay(1000)\nawait newPage.type('input[name=PayItem_input', 'Ordinary', {delay: 20})\nawait delay(4000)\nawait newPage.waitForSelector('#Quantity')\nawait newPage.waitForSelector('#Rate')\nawait newPage.keyboard.press('Tab')\nawait type(newPage, '40', '#Rate' )\nawait newPage.keyboard.press('Enter')\n\n\n//await newPage.type(newPage, '40', '#Quantity')\n//await newPage.keyboard.press('Tab')",
                  "err": {},
                  "uuid": "48e84c6a-ab14-4af2-914f-5bc564fddf24",
                  "parentUUID": "23d9787b-8cae-46f8-b387-685abe09f7fc",
                  "isHook": false,
                  "skipped": false
                },
                {
                  "title": "should save and close the profile, saving the employee",
                  "fullTitle": "Reckon One Payroll Add Employee Test should save and close the profile, saving the employee",
                  "timedOut": false,
                  "duration": 149,
                  "state": "passed",
                  "speed": "slow",
                  "pass": true,
                  "fail": false,
                  "pending": false,
                  "context": null,
                  "code": "await newPage.click('#btnSaveClose')",
                  "err": {},
                  "uuid": "28d7cfe3-37a2-4d0c-96e7-9df5d3d9222d",
                  "parentUUID": "23d9787b-8cae-46f8-b387-685abe09f7fc",
                  "isHook": false,
                  "skipped": false
                },
                {
                  "title": "should close the browser",
                  "fullTitle": "Reckon One Payroll Add Employee Test should close the browser",
                  "timedOut": false,
                  "duration": 0,
                  "state": "passed",
                  "speed": "fast",
                  "pass": true,
                  "fail": false,
                  "pending": false,
                  "context": null,
                  "code": "",
                  "err": {},
                  "uuid": "24321d9d-3291-4001-8a56-c05ac82c8412",
                  "parentUUID": "23d9787b-8cae-46f8-b387-685abe09f7fc",
                  "isHook": false,
                  "skipped": false
                }
              ],
              "suites": [],
              "passes": [
                "1b4c4df9-5449-42f6-9b0e-caebaea7a75c",
                "ab453e1f-51d9-4917-918b-1cdd84ec81eb",
                "03ca4f1a-cda6-4e59-a4e9-ed3d72f7eb2e",
                "fd8f8d47-7260-4873-8128-91bf1a2532d0",
                "7f47ce63-6d36-4c78-849d-f5ab84b01497",
                "e00fbea4-3532-4599-a5fa-2920726737e2",
                "48e84c6a-ab14-4af2-914f-5bc564fddf24",
                "28d7cfe3-37a2-4d0c-96e7-9df5d3d9222d",
                "24321d9d-3291-4001-8a56-c05ac82c8412"
              ],
              "failures": [],
              "pending": [],
              "skipped": [],
              "duration": 74934,
              "root": false,
              "rootEmpty": false,
              "_timeout": 30000
            }
          ],
          "passes": [],
          "failures": [],
          "pending": [],
          "skipped": [],
          "duration": 0,
          "root": false,
          "rootEmpty": false,
          "_timeout": 30000
        }
      ],
      "passes": [],
      "failures": [],
      "pending": [],
      "skipped": [],
      "duration": 0,
      "root": true,
      "rootEmpty": true,
      "_timeout": 30000
    }
  ],
  "meta": {
    "mocha": {
      "version": "6.2.0"
    },
    "mochawesome": {
      "options": {
        "quiet": false,
        "reportFilename": "mochawesome",
        "saveHtml": true,
        "saveJson": true,
        "consoleReporter": "spec",
        "useInlineDiffs": false
      },
      "version": "4.1.0"
    },
    "marge": {
      "options": null,
      "version": "4.0.1"
    }
  }
}