{
  "stats": {
    "suites": 2,
    "tests": 8,
    "passes": 8,
    "pending": 0,
    "failures": 0,
    "start": "2019-10-02T11:14:48.005Z",
    "end": "2019-10-02T11:16:07.949Z",
    "duration": 79944,
    "testsRegistered": 8,
    "passPercent": 100,
    "pendingPercent": 0,
    "other": 0,
    "hasOther": false,
    "skipped": 0,
    "hasSkipped": false
  },
  "results": [
    {
      "uuid": "d75eef4e-1eed-4325-aec5-80ec1070e97e",
      "title": "",
      "fullFile": "",
      "file": "",
      "beforeHooks": [],
      "afterHooks": [],
      "tests": [],
      "suites": [
        {
          "uuid": "7436694c-d14e-4f0c-8e32-3e5a7b69d537",
          "title": "Reckon One Payroll",
          "fullFile": "C:\\puppetchai\\puppetchai\\tests\\example2.js",
          "file": "\\tests\\example2.js",
          "beforeHooks": [
            {
              "title": "\"before all\" hook",
              "fullTitle": "Reckon One Payroll \"before all\" hook",
              "timedOut": false,
              "duration": 987,
              "state": null,
              "speed": null,
              "pass": false,
              "fail": false,
              "pending": false,
              "context": null,
              "code": "browser = await puppeteer.launch({\n\tdefaultViewport: null,\n\texecutablePath: 'C:\\\\Program Files (x86)\\\\Google\\\\Chrome\\\\Application\\\\chrome.exe ',\n\theadless: false,\n\tslowMo: config2.slowMo,\n\tdevTools: config2.isDevTools,\n\ttimeout: config2.timeout,\n})\npage = await browser.newPage()\nawait page.setDefaultTimeout(config2.waitingTimeout)\nawait page.setViewport({\n\twidth: 1600,\n\theight: 1200,\n})",
              "err": {},
              "uuid": "1fb9a620-5adf-49f8-84b2-2b68ac15c4f8",
              "parentUUID": "7436694c-d14e-4f0c-8e32-3e5a7b69d537",
              "isHook": true,
              "skipped": false
            }
          ],
          "afterHooks": [
            {
              "title": "\"after all\" hook",
              "fullTitle": "Reckon One Payroll \"after all\" hook",
              "timedOut": false,
              "duration": 1,
              "state": null,
              "speed": null,
              "pass": false,
              "fail": false,
              "pending": false,
              "context": null,
              "code": "console.log('done')",
              "err": {},
              "uuid": "bee024e6-3024-4b6e-bc85-c751719760c8",
              "parentUUID": "7436694c-d14e-4f0c-8e32-3e5a7b69d537",
              "isHook": true,
              "skipped": false
            }
          ],
          "tests": [],
          "suites": [
            {
              "uuid": "537ac18c-90bf-4929-b6b7-57730e873cfa",
              "title": "Add Employee Test",
              "fullFile": "C:\\puppetchai\\puppetchai\\tests\\example2.js",
              "file": "\\tests\\example2.js",
              "beforeHooks": [],
              "afterHooks": [],
              "tests": [
                {
                  "title": "should navigate to homepage",
                  "fullTitle": "Reckon One Payroll Add Employee Test should navigate to homepage",
                  "timedOut": false,
                  "duration": 10019,
                  "state": "passed",
                  "speed": "slow",
                  "pass": true,
                  "fail": false,
                  "pending": false,
                  "context": null,
                  "code": "await loadUrl(page, config2.baseUrl)\nawait shouldExist(page, '#username')",
                  "err": {},
                  "uuid": "71644800-858b-41b7-a4b1-6c8b36b85884",
                  "parentUUID": "537ac18c-90bf-4929-b6b7-57730e873cfa",
                  "isHook": false,
                  "skipped": false
                },
                {
                  "title": "should login",
                  "fullTitle": "Reckon One Payroll Add Employee Test should login",
                  "timedOut": false,
                  "duration": 12934,
                  "state": "passed",
                  "speed": "slow",
                  "pass": true,
                  "fail": false,
                  "pending": false,
                  "context": null,
                  "code": "await type(page, 'stp@mailinator.com', '#username')\nawait type(page, 'password', '#password')\nawait pressKey(page, 'Enter')\nawait waitForText(page, 'body', 'Account')\nawait shouldExist(page, '.panel-heading')\nconst newPagePromise = new Promise(x => browser.once('targetcreated', target => x(target.page())));\nawait page.click('#SubsTile');\nnewPage = await newPagePromise;\nawait newPage.waitForSelector('#mainContent');\n//await newPage.click('body > div.nav-left-wrapper > nav > ul > li:nth-child(3) > span > span.nav-label')\nconst payrollTest = await newPage.$x(\"//span[text()='Payroll']\");\nconsole.log('tested ' + payrollTest[0]);\nawait payrollTest[0].click()\nawait newPage.click('body > div.nav-left-wrapper > nav > ul > li:nth-child(3) > ul > li:nth-child(2) > a')\nawait newPage.waitForSelector('.employee-index')\t\nawait newPage.waitForSelector('#show-hide-grdContactActive')\nawait newPage.click('.button.-primary.-prominent')\nawait newPage.waitForSelector('#FirstName')\nawait type(newPage, `Simon ${Date.now()}`, '#FirstName')\nawait type(newPage, `test ${Date.now()}`, '#Surname')\nawait type(newPage, 'Line1', '#PostalAddress_Line1')\nawait type(newPage, 'Line2', '#PostalAddress_Line2')\nawait type(newPage, 'Sydney', '#PostalAddress_Suburb')\nawait type(newPage, '2060', '#PostalAddress_PostCode')\nawait type(newPage, 'test@test.com', '#EmailAddress')\nawait newPage.click('#btnSave')\nawait newPage.waitForSelector('#btnSaveClose')\n\n\n\n\n// handle Page 2: you can access new page DOM through newPage object",
                  "err": {},
                  "uuid": "d566630c-dec3-4154-af20-e3aee473b90c",
                  "parentUUID": "537ac18c-90bf-4929-b6b7-57730e873cfa",
                  "isHook": false,
                  "skipped": false
                },
                {
                  "title": "It should navigate to personal tab of new employee",
                  "fullTitle": "Reckon One Payroll Add Employee Test It should navigate to personal tab of new employee",
                  "timedOut": false,
                  "duration": 10121,
                  "state": "passed",
                  "speed": "slow",
                  "pass": true,
                  "fail": false,
                  "pending": false,
                  "context": null,
                  "code": "await newPage.waitForSelector('#mainContent')\nawait delay(4000)\nawait newPage.waitForSelector('#mainContent > div.row.js-nav-page > div > div > ul > li:nth-child(2) > a')\nawait newPage.click('#mainContent > div.row.js-nav-page > div > div > ul > li:nth-child(2) > a')\nawait newPage.waitForSelector('#DateOfBirth')\nawait type(newPage, '1234', '#PdfPassword')\nawait newPage.click('#mainContent > div.row.js-nav-page > div > div > ul > li:nth-child(3) > a')\nawait delay(4000)\nawait newPage.waitForSelector('button#btnRightkendoDialog.button.-primary.k-button')\nawait newPage.click('button#btnLeftkendoDialog.button.-tertiary.k-button.cancel')",
                  "err": {},
                  "uuid": "e1db5897-965a-44d0-9bcb-2dd183ec26d8",
                  "parentUUID": "537ac18c-90bf-4929-b6b7-57730e873cfa",
                  "isHook": false,
                  "skipped": false
                },
                {
                  "title": "It should fill out the employment tab",
                  "fullTitle": "Reckon One Payroll Add Employee Test It should fill out the employment tab",
                  "timedOut": false,
                  "duration": 15148,
                  "state": "passed",
                  "speed": "slow",
                  "pass": true,
                  "fail": false,
                  "pending": false,
                  "context": null,
                  "code": "await newPage.waitForSelector('#EmployeeNumber')\n\t\t\tawait type(newPage, 'Product Manager', '#JobTitle')\n\t\t\t//await type('input[name=WeeklyHours]', '40', {delay: 20})\n\t\t\tawait type(newPage, '1234', '#EmployeeNumber')\n\t\t\tawait delay(2000)\n\t\t\t//await type(newPage, '40', '#WeeklyHours')\n\t\t\tawait newPage.keyboard.press('Tab')\n\t\t\tawait newPage.keyboard.press('Tab')\n\t\t\tawait newPage.keyboard.press('Tab')\n\t\t\tawait newPage.keyboard.press('Tab')\n\t\t\tawait newPage.keyboard.press('Tab')\n\t\t\tawait delay(2000)\n\t\t\tawait newPage.keyboard.press('4')\n\t\t\tawait newPage.keyboard.press('0')\n\t\t\tawait newPage.click('#mainContent > div > div > div > ul > li:nth-child(4) > a')\n\t\t\tawait delay(4000)\n\t\t\tawait newPage.waitForSelector('#btnRightkendoDialog.button.-primary.k-button')\n\t\t\tawait newPage.click('button#btnRightkendoDialog.button.-primary.k-button')\t\n\t\t\tawait newPage.waitForSelector('#TaxFileNumber')\n\t\t\tawait delay(2000)\n\t\t\tawait newPage.waitForSelector('#EmployeeTax > section:nth-child(11) > ul > li:nth-child(2) > span.span-3.-last > span > span > input')\n\t\t\tawait delay(2000)\n\t\t\t\n\t\t\t//await newPage.click('#grdLeaves > div.k-header.k-grid-toolbar.k-grid-top > a')\n\t\t\t//await delay(4000)",
                  "err": {},
                  "uuid": "4a836c4c-aed6-475b-a30f-4a0a7dfd6a0b",
                  "parentUUID": "537ac18c-90bf-4929-b6b7-57730e873cfa",
                  "isHook": false,
                  "skipped": false
                },
                {
                  "title": "It should fill out the tax tab",
                  "fullTitle": "Reckon One Payroll Add Employee Test It should fill out the tax tab",
                  "timedOut": false,
                  "duration": 6696,
                  "state": "passed",
                  "speed": "slow",
                  "pass": true,
                  "fail": false,
                  "pending": false,
                  "context": null,
                  "code": "await newPage.click('#IsHelp')\nawait type(newPage, 'New South Wales', '#EmployeeTax > section:nth-child(11) > ul > li:nth-child(2) > span.span-3.-last > span > span > input')\nawait type(newPage, '11111111111', '#TaxFileNumber')\nawait type(newPage, 'Scale 2: Tax free threshold claimed', '#EmployeeTax > section:nth-child(11) > ul > li:nth-child(4) > span.span-4.-last > span.k-widget.k-combobox.k-header.js-mode-edit.span-3 > span > input')\nawait newPage.keyboard.press('Tab')\nawait delay(2000)\nawait type(newPage, '1', '#TaxOffset')\nawait newPage.click('#mainContent > div > div > div > ul > li:nth-child(5) > a')\nawait delay(4000)\nawait newPage.waitForSelector('#btnRightkendoDialog.button.-primary.k-button')\nawait newPage.click('button#btnRightkendoDialog.button.-primary.k-button')",
                  "err": {},
                  "uuid": "adefedd7-a7df-41be-8309-4d6099febde6",
                  "parentUUID": "537ac18c-90bf-4929-b6b7-57730e873cfa",
                  "isHook": false,
                  "skipped": false
                },
                {
                  "title": "should fill out the leave tab",
                  "fullTitle": "Reckon One Payroll Add Employee Test should fill out the leave tab",
                  "timedOut": false,
                  "duration": 16395,
                  "state": "passed",
                  "speed": "slow",
                  "pass": true,
                  "fail": false,
                  "pending": false,
                  "context": null,
                  "code": "await newPage.waitForSelector('#grdLeaves > div > a')\nawait newPage.click('#grdLeaves > div > a')\nawait delay(4000)\nawait newPage.type('input[name=PayItem_input', 'Annual leave', {delay: 20})\nawait delay(2000)\nawait newPage.keyboard.press('Tab')\nawait type(newPage, '152', '#AnnualEntitlement')\nawait delay(2000)\nawait newPage.keyboard.press('Tab')\nawait delay(2000)\nawait newPage.keyboard.press('Tab')\nawait newPage.click('#mainContent > div > div > div > ul > li:nth-child(6) > a')\nawait delay(4000)\nawait newPage.waitForSelector('#btnRightkendoDialog.button.-primary.k-button')\nawait newPage.click('button#btnRightkendoDialog.button.-primary.k-button')",
                  "err": {},
                  "uuid": "9a0e2ad9-1293-4162-90f1-aefecd8c8a00",
                  "parentUUID": "537ac18c-90bf-4929-b6b7-57730e873cfa",
                  "isHook": false,
                  "skipped": false
                },
                {
                  "title": "should fill out the pay setup tab",
                  "fullTitle": "Reckon One Payroll Add Employee Test should fill out the pay setup tab",
                  "timedOut": false,
                  "duration": 7522,
                  "state": "passed",
                  "speed": "slow",
                  "pass": true,
                  "fail": false,
                  "pending": false,
                  "context": null,
                  "code": "await newPage.waitForSelector('#IsSsReduceEmployerSuperContribution')\nawait newPage.click('#grdEarnings > div > a')\nawait delay(1000)\nawait newPage.type('input[name=PayItem_input', 'Ordinary', {delay: 20})\nawait delay(4000)\nawait newPage.waitForSelector('#Quantity')\nawait newPage.waitForSelector('#Rate')\nawait newPage.keyboard.press('Tab')\nawait type(newPage, '40', '#Rate' )\nawait newPage.keyboard.press('Enter')\n\n\n//await newPage.type(newPage, '40', '#Quantity')\n//await newPage.keyboard.press('Tab')",
                  "err": {},
                  "uuid": "c313c200-b8de-4375-8fd2-1e31b3ef465c",
                  "parentUUID": "537ac18c-90bf-4929-b6b7-57730e873cfa",
                  "isHook": false,
                  "skipped": false
                },
                {
                  "title": "should save and close the profile, saving the employee",
                  "fullTitle": "Reckon One Payroll Add Employee Test should save and close the profile, saving the employee",
                  "timedOut": false,
                  "duration": 93,
                  "state": "passed",
                  "speed": "slow",
                  "pass": true,
                  "fail": false,
                  "pending": false,
                  "context": null,
                  "code": "await newPage.click('#btnSaveClose')",
                  "err": {},
                  "uuid": "3a24476d-0529-4653-8ae1-cbbbf7159574",
                  "parentUUID": "537ac18c-90bf-4929-b6b7-57730e873cfa",
                  "isHook": false,
                  "skipped": false
                }
              ],
              "suites": [],
              "passes": [
                "71644800-858b-41b7-a4b1-6c8b36b85884",
                "d566630c-dec3-4154-af20-e3aee473b90c",
                "e1db5897-965a-44d0-9bcb-2dd183ec26d8",
                "4a836c4c-aed6-475b-a30f-4a0a7dfd6a0b",
                "adefedd7-a7df-41be-8309-4d6099febde6",
                "9a0e2ad9-1293-4162-90f1-aefecd8c8a00",
                "c313c200-b8de-4375-8fd2-1e31b3ef465c",
                "3a24476d-0529-4653-8ae1-cbbbf7159574"
              ],
              "failures": [],
              "pending": [],
              "skipped": [],
              "duration": 78928,
              "root": false,
              "rootEmpty": false,
              "_timeout": 30000
            }
          ],
          "passes": [],
          "failures": [],
          "pending": [],
          "skipped": [],
          "duration": 0,
          "root": false,
          "rootEmpty": false,
          "_timeout": 30000
        }
      ],
      "passes": [],
      "failures": [],
      "pending": [],
      "skipped": [],
      "duration": 0,
      "root": true,
      "rootEmpty": true,
      "_timeout": 30000
    }
  ],
  "meta": {
    "mocha": {
      "version": "6.2.0"
    },
    "mochawesome": {
      "options": {
        "quiet": false,
        "reportFilename": "mochawesome",
        "saveHtml": true,
        "saveJson": true,
        "consoleReporter": "spec",
        "useInlineDiffs": false
      },
      "version": "4.1.0"
    },
    "marge": {
      "options": null,
      "version": "4.0.1"
    }
  }
}