{
  "stats": {
    "suites": 2,
    "tests": 8,
    "passes": 8,
    "pending": 0,
    "failures": 0,
    "start": "2019-10-03T11:04:09.101Z",
    "end": "2019-10-03T11:05:22.104Z",
    "duration": 73003,
    "testsRegistered": 8,
    "passPercent": 100,
    "pendingPercent": 0,
    "other": 0,
    "hasOther": false,
    "skipped": 0,
    "hasSkipped": false
  },
  "results": [
    {
      "uuid": "016642a8-a313-46a0-b39c-9a4fdff86eaa",
      "title": "",
      "fullFile": "",
      "file": "",
      "beforeHooks": [],
      "afterHooks": [],
      "tests": [],
      "suites": [
        {
          "uuid": "45200454-d19e-42e4-827d-11a64d7d3088",
          "title": "Reckon One Payroll",
          "fullFile": "C:\\puppetchai\\puppetchai\\tests\\example2.js",
          "file": "\\tests\\example2.js",
          "beforeHooks": [
            {
              "title": "\"before all\" hook",
              "fullTitle": "Reckon One Payroll \"before all\" hook",
              "timedOut": false,
              "duration": 697,
              "state": null,
              "speed": null,
              "pass": false,
              "fail": false,
              "pending": false,
              "context": null,
              "code": "browser = await puppeteer.launch({\n\tdefaultViewport: null,\n\texecutablePath: 'C:\\\\Program Files (x86)\\\\Google\\\\Chrome\\\\Application\\\\chrome.exe ',\n\theadless: false,\n\tslowMo: config2.slowMo,\n\tdevTools: config2.isDevTools,\n\ttimeout: config2.timeout,\n})\npage = await browser.newPage()\nawait page.setDefaultTimeout(config2.waitingTimeout)\nawait page.setViewport({\n\twidth: 1600,\n\theight: 1200,\n})",
              "err": {},
              "uuid": "1da0696a-0fb6-4409-90f0-1b0010a507af",
              "parentUUID": "45200454-d19e-42e4-827d-11a64d7d3088",
              "isHook": true,
              "skipped": false
            }
          ],
          "afterHooks": [
            {
              "title": "\"after all\" hook",
              "fullTitle": "Reckon One Payroll \"after all\" hook",
              "timedOut": false,
              "duration": 1,
              "state": null,
              "speed": null,
              "pass": false,
              "fail": false,
              "pending": false,
              "context": null,
              "code": "console.log('done')",
              "err": {},
              "uuid": "5811202c-2b64-4c2b-a8b8-e66f5fd26924",
              "parentUUID": "45200454-d19e-42e4-827d-11a64d7d3088",
              "isHook": true,
              "skipped": false
            }
          ],
          "tests": [],
          "suites": [
            {
              "uuid": "4bd6e21d-a0fa-4f66-b274-8228831211a4",
              "title": "Add Employee Test",
              "fullFile": "C:\\puppetchai\\puppetchai\\tests\\example2.js",
              "file": "\\tests\\example2.js",
              "beforeHooks": [],
              "afterHooks": [],
              "tests": [
                {
                  "title": "should navigate to homepage",
                  "fullTitle": "Reckon One Payroll Add Employee Test should navigate to homepage",
                  "timedOut": false,
                  "duration": 6685,
                  "state": "passed",
                  "speed": "slow",
                  "pass": true,
                  "fail": false,
                  "pending": false,
                  "context": null,
                  "code": "await loadUrl(page, config2.baseUrl)\nawait shouldExist(page, '#username')",
                  "err": {},
                  "uuid": "40354a1e-8434-4743-95ed-767cd7154b70",
                  "parentUUID": "4bd6e21d-a0fa-4f66-b274-8228831211a4",
                  "isHook": false,
                  "skipped": false
                },
                {
                  "title": "should login",
                  "fullTitle": "Reckon One Payroll Add Employee Test should login",
                  "timedOut": false,
                  "duration": 10844,
                  "state": "passed",
                  "speed": "slow",
                  "pass": true,
                  "fail": false,
                  "pending": false,
                  "context": null,
                  "code": "await type(page, 'stp@mailinator.com', '#username')\nawait type(page, 'password', '#password')\nawait pressKey(page, 'Enter')\nawait waitForText(page, 'body', 'Account')\nawait shouldExist(page, '.panel-heading')\nconst newPagePromise = new Promise(x => browser.once('targetcreated', target => x(target.page())));\nawait page.click('#SubsTile');\nnewPage = await newPagePromise;\nawait newPage.waitForSelector('#mainContent');\nawait newPage.click('body > div.nav-left-wrapper > nav > ul > li:nth-child(3) > span > span.nav-label')\n//const payrollSideBar = await newPage.$x(\"//span[text()='Payroll']\");\n//console.log('tested ' + payrollTest[0]);\n//await payrollSideBar[0].click()\nawait newPage.click('body > div.nav-left-wrapper > nav > ul > li:nth-child(3) > ul > li:nth-child(2) > a')\nawait newPage.waitForSelector('.employee-index')\t\nawait newPage.waitForSelector('#show-hide-grdContactActive')\nawait newPage.click('.button.-primary.-prominent')\nawait newPage.waitForSelector('#FirstName')\nawait type(newPage, `Simon ${Date.now()}`, '#FirstName')\nawait type(newPage, `test ${Date.now()}`, '#Surname')\nawait type(newPage, 'Line1', '#PostalAddress_Line1')\nawait type(newPage, 'Line2', '#PostalAddress_Line2')\nawait type(newPage, 'Sydney', '#PostalAddress_Suburb')\nawait type(newPage, '2060', '#PostalAddress_PostCode')\nawait type(newPage, 'test@test.com', '#EmailAddress')\nawait newPage.click('#btnSave')\nawait newPage.waitForSelector('#btnSaveClose')\n\n\n\n\n// handle Page 2: you can access new page DOM through newPage object",
                  "err": {},
                  "uuid": "d36db751-f68f-4220-9c5e-a742b070ac61",
                  "parentUUID": "4bd6e21d-a0fa-4f66-b274-8228831211a4",
                  "isHook": false,
                  "skipped": false
                },
                {
                  "title": "It should navigate to personal tab of new employee",
                  "fullTitle": "Reckon One Payroll Add Employee Test It should navigate to personal tab of new employee",
                  "timedOut": false,
                  "duration": 10097,
                  "state": "passed",
                  "speed": "slow",
                  "pass": true,
                  "fail": false,
                  "pending": false,
                  "context": null,
                  "code": "await newPage.waitForSelector('#mainContent')\nawait delay(4000)\nawait newPage.waitForSelector('#mainContent > div.row.js-nav-page > div > div > ul > li:nth-child(2) > a')\nconst personalLink = await newPage.$x(\"//a[text()='Personal']\")\nawait personalLink[0].click()\nawait newPage.waitForSelector('#DateOfBirth')\nawait type(newPage, '1234', '#PdfPassword')\nconst employmentLink = await newPage.$x(\"//a[text()='Employment']\")\nawait employmentLink[0].click()\nawait delay(4000)\nawait newPage.waitForSelector('button#btnRightkendoDialog.button.-primary.k-button')\nawait newPage.click('button#btnLeftkendoDialog.button.-tertiary.k-button.cancel')",
                  "err": {},
                  "uuid": "55728815-bbc8-44eb-aa82-6f3893b95226",
                  "parentUUID": "4bd6e21d-a0fa-4f66-b274-8228831211a4",
                  "isHook": false,
                  "skipped": false
                },
                {
                  "title": "It should fill out the employment tab",
                  "fullTitle": "Reckon One Payroll Add Employee Test It should fill out the employment tab",
                  "timedOut": false,
                  "duration": 14522,
                  "state": "passed",
                  "speed": "slow",
                  "pass": true,
                  "fail": false,
                  "pending": false,
                  "context": null,
                  "code": "await newPage.waitForSelector('#EmployeeNumber')\n\t\t\tawait type(newPage, 'Product Manager', '#JobTitle')\n\t\t\t//await type('input[name=WeeklyHours]', '40', {delay: 20})\n\t\t\tawait type(newPage, '1234', '#EmployeeNumber')\n\t\t\tawait delay(2000)\n\t\t\t//await type(newPage, '40', '#WeeklyHours')\n\t\t\tawait newPage.keyboard.press('Tab')\n\t\t\tawait newPage.keyboard.press('Tab')\n\t\t\tawait newPage.keyboard.press('Tab')\n\t\t\tawait newPage.keyboard.press('Tab')\n\t\t\tawait newPage.keyboard.press('Tab')\n\t\t\tawait delay(2000)\n\t\t\tawait newPage.keyboard.press('4')\n\t\t\tawait newPage.keyboard.press('0')\n\t\t\tconst taxLink = await newPage.$x(\"//a[text()='Tax']\")\n\t\t\tawait taxLink[0].click()\n\t\t\tawait delay(4000)\n\t\t\tawait newPage.waitForSelector('#btnRightkendoDialog.button.-primary.k-button')\n\t\t\tawait newPage.click('button#btnRightkendoDialog.button.-primary.k-button')\t\n\t\t\tawait newPage.waitForSelector('#TaxFileNumber')\n\t\t\tawait delay(2000)\n\t\t\tawait newPage.waitForSelector('#EmployeeTax > section:nth-child(11) > ul > li:nth-child(2) > span.span-3.-last > span > span > input')\n\t\t\tawait delay(2000)\n\t\t\t\n\t\t\t//await newPage.click('#grdLeaves > div.k-header.k-grid-toolbar.k-grid-top > a')\n\t\t\t//await delay(4000)",
                  "err": {},
                  "uuid": "85b4e283-c0cb-474e-9eb5-03feb21730a4",
                  "parentUUID": "4bd6e21d-a0fa-4f66-b274-8228831211a4",
                  "isHook": false,
                  "skipped": false
                },
                {
                  "title": "It should fill out the tax tab",
                  "fullTitle": "Reckon One Payroll Add Employee Test It should fill out the tax tab",
                  "timedOut": false,
                  "duration": 6709,
                  "state": "passed",
                  "speed": "slow",
                  "pass": true,
                  "fail": false,
                  "pending": false,
                  "context": null,
                  "code": "await newPage.click('#IsHelp')\nawait type(newPage, 'New South Wales', '#EmployeeTax > section:nth-child(11) > ul > li:nth-child(2) > span.span-3.-last > span > span > input')\nawait type(newPage, '11111111111', '#TaxFileNumber')\nawait type(newPage, 'Scale 2: Tax free threshold claimed', '#EmployeeTax > section:nth-child(11) > ul > li:nth-child(4) > span.span-4.-last > span.k-widget.k-combobox.k-header.js-mode-edit.span-3 > span > input')\nawait newPage.keyboard.press('Tab')\nawait delay(2000)\nawait type(newPage, '1', '#TaxOffset')\nconst leaveLink = await newPage.$x(\"//a[text()='Leave']\")\nawait leaveLink[0].click()\nawait delay(4000)\nawait newPage.waitForSelector('#btnRightkendoDialog.button.-primary.k-button')\nawait newPage.click('button#btnRightkendoDialog.button.-primary.k-button')",
                  "err": {},
                  "uuid": "930f599b-f09b-4e8b-b9bb-f2ab3b7ab1bb",
                  "parentUUID": "4bd6e21d-a0fa-4f66-b274-8228831211a4",
                  "isHook": false,
                  "skipped": false
                },
                {
                  "title": "should fill out the leave tab",
                  "fullTitle": "Reckon One Payroll Add Employee Test should fill out the leave tab",
                  "timedOut": false,
                  "duration": 16378,
                  "state": "passed",
                  "speed": "slow",
                  "pass": true,
                  "fail": false,
                  "pending": false,
                  "context": null,
                  "code": "await newPage.waitForSelector('#grdLeaves > div > a')\nawait newPage.click('#grdLeaves > div > a')\nawait delay(4000)\nawait newPage.type('input[name=PayItem_input', 'Annual leave', {delay: 20})\nawait delay(2000)\nawait newPage.keyboard.press('Tab')\nawait type(newPage, '152', '#AnnualEntitlement')\nawait delay(2000)\nawait newPage.keyboard.press('Tab')\nawait delay(2000)\nawait newPage.keyboard.press('Tab')\nconst paysetupLink = await newPage.$x(\"//a[text()='Pay set up']\")\nawait paysetupLink[0].click()\nawait delay(4000)\nawait newPage.waitForSelector('#btnRightkendoDialog.button.-primary.k-button')\nawait newPage.click('button#btnRightkendoDialog.button.-primary.k-button')",
                  "err": {},
                  "uuid": "6d9cf2fd-2834-4535-951f-423ebf2f4df6",
                  "parentUUID": "4bd6e21d-a0fa-4f66-b274-8228831211a4",
                  "isHook": false,
                  "skipped": false
                },
                {
                  "title": "should fill out the pay setup tab",
                  "fullTitle": "Reckon One Payroll Add Employee Test should fill out the pay setup tab",
                  "timedOut": false,
                  "duration": 6947,
                  "state": "passed",
                  "speed": "slow",
                  "pass": true,
                  "fail": false,
                  "pending": false,
                  "context": null,
                  "code": "await newPage.waitForSelector('#IsSsReduceEmployerSuperContribution')\nawait newPage.click('#grdEarnings > div > a')\nawait delay(1000)\nawait newPage.type('input[name=PayItem_input', 'Ordinary', {delay: 20})\nawait delay(4000)\nawait newPage.waitForSelector('#Quantity')\nawait newPage.waitForSelector('#Rate')\nawait newPage.keyboard.press('Tab')\nawait type(newPage, '40', '#Rate' )\nawait newPage.keyboard.press('Enter')\n\n\n//await newPage.type(newPage, '40', '#Quantity')\n//await newPage.keyboard.press('Tab')",
                  "err": {},
                  "uuid": "67ded0c2-3f65-4730-b89c-189bfa452d39",
                  "parentUUID": "4bd6e21d-a0fa-4f66-b274-8228831211a4",
                  "isHook": false,
                  "skipped": false
                },
                {
                  "title": "should save and close the profile, saving the employee",
                  "fullTitle": "Reckon One Payroll Add Employee Test should save and close the profile, saving the employee",
                  "timedOut": false,
                  "duration": 94,
                  "state": "passed",
                  "speed": "slow",
                  "pass": true,
                  "fail": false,
                  "pending": false,
                  "context": null,
                  "code": "await newPage.click('#btnSaveClose')",
                  "err": {},
                  "uuid": "f29e891e-9a2b-43dc-b16f-caf4e75185bd",
                  "parentUUID": "4bd6e21d-a0fa-4f66-b274-8228831211a4",
                  "isHook": false,
                  "skipped": false
                }
              ],
              "suites": [],
              "passes": [
                "40354a1e-8434-4743-95ed-767cd7154b70",
                "d36db751-f68f-4220-9c5e-a742b070ac61",
                "55728815-bbc8-44eb-aa82-6f3893b95226",
                "85b4e283-c0cb-474e-9eb5-03feb21730a4",
                "930f599b-f09b-4e8b-b9bb-f2ab3b7ab1bb",
                "6d9cf2fd-2834-4535-951f-423ebf2f4df6",
                "67ded0c2-3f65-4730-b89c-189bfa452d39",
                "f29e891e-9a2b-43dc-b16f-caf4e75185bd"
              ],
              "failures": [],
              "pending": [],
              "skipped": [],
              "duration": 72276,
              "root": false,
              "rootEmpty": false,
              "_timeout": 30000
            }
          ],
          "passes": [],
          "failures": [],
          "pending": [],
          "skipped": [],
          "duration": 0,
          "root": false,
          "rootEmpty": false,
          "_timeout": 30000
        }
      ],
      "passes": [],
      "failures": [],
      "pending": [],
      "skipped": [],
      "duration": 0,
      "root": true,
      "rootEmpty": true,
      "_timeout": 30000
    }
  ],
  "meta": {
    "mocha": {
      "version": "6.2.0"
    },
    "mochawesome": {
      "options": {
        "quiet": false,
        "reportFilename": "mochawesome",
        "saveHtml": true,
        "saveJson": true,
        "consoleReporter": "spec",
        "useInlineDiffs": false
      },
      "version": "4.1.0"
    },
    "marge": {
      "options": null,
      "version": "4.0.1"
    }
  }
}