{
  "stats": {
    "suites": 7,
    "tests": 20,
    "passes": 19,
    "pending": 0,
    "failures": 1,
    "start": "2019-09-20T06:30:57.674Z",
    "end": "2019-09-20T06:31:38.915Z",
    "duration": 41241,
    "testsRegistered": 20,
    "passPercent": 95,
    "pendingPercent": 0,
    "other": 0,
    "hasOther": false,
    "skipped": 0,
    "hasSkipped": false
  },
  "results": [
    {
      "uuid": "46508e0e-1870-4237-ac29-da3775289646",
      "title": "",
      "fullFile": "",
      "file": "",
      "beforeHooks": [],
      "afterHooks": [],
      "tests": [],
      "suites": [
        {
          "uuid": "56673710-5a2c-46e8-bc48-6906703f8f6d",
          "title": "My first pupeteer test",
          "fullFile": "C:\\autotest\\tests\\example.js",
          "file": "\\tests\\example.js",
          "beforeHooks": [
            {
              "title": "\"before all\" hook",
              "fullTitle": "My first pupeteer test \"before all\" hook",
              "timedOut": false,
              "duration": 1567,
              "state": null,
              "speed": null,
              "pass": false,
              "fail": false,
              "pending": false,
              "context": null,
              "code": "browser = await puppeteer.launch({\n  headless: config.isHeadless,\n  slowMo: config.slowMo,\n  devTools: config.isDevTools,\n  timeout: config.timeout\n})\npage = await browser.newPage()\nawait page.setDefaultTimeout(config.waitingTimeout)\nawait page.setViewport({\n  width: config.viewportWidth,\n  height: config.viewportHeight\n})",
              "err": {},
              "uuid": "eab77125-95b0-4d39-970d-e7d903f7752e",
              "parentUUID": "56673710-5a2c-46e8-bc48-6906703f8f6d",
              "isHook": true,
              "skipped": false
            }
          ],
          "afterHooks": [
            {
              "title": "\"after all\" hook",
              "fullTitle": "My first pupeteer test \"after all\" hook",
              "timedOut": false,
              "duration": 1525,
              "state": null,
              "speed": null,
              "pass": false,
              "fail": false,
              "pending": false,
              "context": null,
              "code": "await browser.close()",
              "err": {},
              "uuid": "dc054cc7-6786-4951-8b3c-9ac99180175a",
              "parentUUID": "56673710-5a2c-46e8-bc48-6906703f8f6d",
              "isHook": true,
              "skipped": false
            }
          ],
          "tests": [
            {
              "title": "my first test step",
              "fullTitle": "My first pupeteer test my first test step",
              "timedOut": false,
              "duration": 3199,
              "state": "passed",
              "speed": "slow",
              "pass": true,
              "fail": false,
              "pending": false,
              "context": null,
              "code": "await loadUrl(page, config.baseUrl)\n//await page.goto(config.baseUrl)\n//await page.waitForSelector('#nav-search')\nawait shouldExist(page, '#nav-search')\nawait waitForText(page, 'body', 'WRITE A POST')\nconst url = await page.url()\nconst title = await page.title()\nexpect(url).to.contain(\"dev\")\nexpect(title).to.contains(\"Community\")",
              "err": {},
              "uuid": "955cd3c9-f74a-483f-a4f3-b5f50d90e0d4",
              "parentUUID": "56673710-5a2c-46e8-bc48-6906703f8f6d",
              "isHook": false,
              "skipped": false
            },
            {
              "title": "browser reload",
              "fullTitle": "My first pupeteer test browser reload",
              "timedOut": false,
              "duration": 2838,
              "state": "passed",
              "speed": "slow",
              "pass": true,
              "fail": false,
              "pending": false,
              "context": null,
              "code": "await page.reload()\n//await page.waitForSelector('#page-content')\nawait shouldExist(page, '#page-content')\nconst url = await page.url()\nconst title = await page.title()\n\nexpect(url).to.contain(\"dev\")\nexpect(title).to.contains(\"Community\")",
              "err": {},
              "uuid": "bb282797-2fb0-4955-9fbd-7bb856bb0035",
              "parentUUID": "56673710-5a2c-46e8-bc48-6906703f8f6d",
              "isHook": false,
              "skipped": false
            },
            {
              "title": "click method",
              "fullTitle": "My first pupeteer test click method",
              "timedOut": false,
              "duration": 12716,
              "state": "failed",
              "speed": null,
              "pass": false,
              "fail": true,
              "pending": false,
              "context": null,
              "code": "await loadUrl(page, config.baseUrl)\n//await page.waitForSelector('#write-link')\n//await page.click('#write-link')\nawait click(page, \"#write-link\")\n//await page.waitForSelector('.registration-rainbow')\nawait shouldExist(page, '.registration-rainbow')",
              "err": {
                "message": "Error: Selector: .registration-rainbow not found",
                "estack": "Error: Selector: .registration-rainbow not found\n    at shouldExist (lib\\helpers.js:78:13)",
                "diff": null
              },
              "uuid": "5db0e022-ca80-43fc-91c9-86a5897c0b59",
              "parentUUID": "56673710-5a2c-46e8-bc48-6906703f8f6d",
              "isHook": false,
              "skipped": false
            },
            {
              "title": "submit searchbox",
              "fullTitle": "My first pupeteer test submit searchbox",
              "timedOut": false,
              "duration": 4879,
              "state": "passed",
              "speed": "slow",
              "pass": true,
              "fail": false,
              "pending": false,
              "context": null,
              "code": "await loadUrl(page, config.baseUrl)\n    await type(page, generateEmail(), \"#nav-search\")\n    await page.waitFor(3000)\n    //await page.waitForSelector('#nav-search')\n    //await page.type(\"#nav-search\", \"javascript\")\n    //await page.keyboard.press(\"Enter\")\n    await pressKey(page, 'Enter')\n    //await page.waitForSelector('#articles-list')\n    await shouldExist(page, '#articles-list')",
              "err": {},
              "uuid": "35110f1d-a5c1-4856-a419-baf6cb0314cc",
              "parentUUID": "56673710-5a2c-46e8-bc48-6906703f8f6d",
              "isHook": false,
              "skipped": false
            }
          ],
          "suites": [],
          "passes": [
            "955cd3c9-f74a-483f-a4f3-b5f50d90e0d4",
            "bb282797-2fb0-4955-9fbd-7bb856bb0035",
            "35110f1d-a5c1-4856-a419-baf6cb0314cc"
          ],
          "failures": [
            "5db0e022-ca80-43fc-91c9-86a5897c0b59"
          ],
          "pending": [],
          "skipped": [],
          "duration": 23632,
          "root": false,
          "rootEmpty": false,
          "_timeout": 30000
        },
        {
          "uuid": "efab24d5-8dd1-4537-92d2-d5819b54298b",
          "title": "Second Test",
          "fullFile": "C:\\autotest\\tests\\example2.js",
          "file": "\\tests\\example2.js",
          "beforeHooks": [
            {
              "title": "\"before all\" hook",
              "fullTitle": "Second Test \"before all\" hook",
              "timedOut": false,
              "duration": 1441,
              "state": null,
              "speed": null,
              "pass": false,
              "fail": false,
              "pending": false,
              "context": null,
              "code": "browser = await puppeteer.launch({\n\theadless: config2.isHeadless,\n\tslowMo: config2.slowMo,\n\tdevTools: config2.isDevTools,\n\ttimeout: config2.timeout,\n})\npage = await browser.newPage()\nawait page.setDefaultTimeout(config2.waitingTimeout)\nawait page.setViewport({\n\twidth: config2.viewportWidth,\n\theight: config2.viewportHeight,\n})",
              "err": {},
              "uuid": "41850198-4de4-47ae-b799-0c710e13552e",
              "parentUUID": "efab24d5-8dd1-4537-92d2-d5819b54298b",
              "isHook": true,
              "skipped": false
            }
          ],
          "afterHooks": [
            {
              "title": "\"after all\" hook",
              "fullTitle": "Second Test \"after all\" hook",
              "timedOut": false,
              "duration": 563,
              "state": null,
              "speed": null,
              "pass": false,
              "fail": false,
              "pending": false,
              "context": null,
              "code": "await browser.close()",
              "err": {},
              "uuid": "f04b0fa0-fe25-4f87-b83d-7a85f5353219",
              "parentUUID": "efab24d5-8dd1-4537-92d2-d5819b54298b",
              "isHook": true,
              "skipped": false
            }
          ],
          "tests": [],
          "suites": [
            {
              "uuid": "906cff1a-05f1-4436-a6af-88b73875192b",
              "title": "Login Test",
              "fullFile": "C:\\autotest\\tests\\example2.js",
              "file": "\\tests\\example2.js",
              "beforeHooks": [],
              "afterHooks": [],
              "tests": [
                {
                  "title": "should navigate to homepage",
                  "fullTitle": "Second Test Login Test should navigate to homepage",
                  "timedOut": false,
                  "duration": 3583,
                  "state": "passed",
                  "speed": "slow",
                  "pass": true,
                  "fail": false,
                  "pending": false,
                  "context": null,
                  "code": "await loadUrl(page, config2.baseUrl)\nawait shouldExist(page, '#online_banking_features')",
                  "err": {},
                  "uuid": "773744f6-b923-48ca-a249-a58a5a9626c9",
                  "parentUUID": "906cff1a-05f1-4436-a6af-88b73875192b",
                  "isHook": false,
                  "skipped": false
                },
                {
                  "title": "should click on signin button",
                  "fullTitle": "Second Test Login Test should click on signin button",
                  "timedOut": false,
                  "duration": 377,
                  "state": "passed",
                  "speed": "slow",
                  "pass": true,
                  "fail": false,
                  "pending": false,
                  "context": null,
                  "code": "await click(page, '#signin_button')\nawait shouldExist(page, LOGIN_FORM)",
                  "err": {},
                  "uuid": "9b10d00a-8858-46bb-ade0-0c8830802730",
                  "parentUUID": "906cff1a-05f1-4436-a6af-88b73875192b",
                  "isHook": false,
                  "skipped": false
                },
                {
                  "title": "should submit login form",
                  "fullTitle": "Second Test Login Test should submit login form",
                  "timedOut": false,
                  "duration": 645,
                  "state": "passed",
                  "speed": "slow",
                  "pass": true,
                  "fail": false,
                  "pending": false,
                  "context": null,
                  "code": "await type(page, generateID(), '#user_login')\nawait type(page, generateID(), '#user_password')\nawait click(page, '.btn-primary')",
                  "err": {},
                  "uuid": "e76096c7-87ef-470f-a39a-f2971b5f9965",
                  "parentUUID": "906cff1a-05f1-4436-a6af-88b73875192b",
                  "isHook": false,
                  "skipped": false
                },
                {
                  "title": "should get error message",
                  "fullTitle": "Second Test Login Test should get error message",
                  "timedOut": false,
                  "duration": 64,
                  "state": "passed",
                  "speed": "medium",
                  "pass": true,
                  "fail": false,
                  "pending": false,
                  "context": null,
                  "code": "await waitForText(page, 'body', 'Login and/or password are wrong')\nawait shouldExist(page, LOGIN_FORM)",
                  "err": {},
                  "uuid": "ad1ba61f-19c6-437e-a70c-fd741ff8784e",
                  "parentUUID": "906cff1a-05f1-4436-a6af-88b73875192b",
                  "isHook": false,
                  "skipped": false
                }
              ],
              "suites": [],
              "passes": [
                "773744f6-b923-48ca-a249-a58a5a9626c9",
                "9b10d00a-8858-46bb-ade0-0c8830802730",
                "e76096c7-87ef-470f-a39a-f2971b5f9965",
                "ad1ba61f-19c6-437e-a70c-fd741ff8784e"
              ],
              "failures": [],
              "pending": [],
              "skipped": [],
              "duration": 4669,
              "root": false,
              "rootEmpty": false,
              "_timeout": 30000
            },
            {
              "uuid": "fb6ffc78-b998-4df5-9a67-d997059fcf64",
              "title": "Search Test",
              "fullFile": "C:\\autotest\\tests\\example2.js",
              "file": "\\tests\\example2.js",
              "beforeHooks": [],
              "afterHooks": [],
              "tests": [
                {
                  "title": "should navigate to home page",
                  "fullTitle": "Second Test Search Test should navigate to home page",
                  "timedOut": false,
                  "duration": 1324,
                  "state": "passed",
                  "speed": "slow",
                  "pass": true,
                  "fail": false,
                  "pending": false,
                  "context": null,
                  "code": "await loadUrl(page, config2.baseUrl)\nawait shouldExist(page, '#online_banking_features')",
                  "err": {},
                  "uuid": "7078a9ae-e67a-4c60-9148-e54c06e9adea",
                  "parentUUID": "fb6ffc78-b998-4df5-9a67-d997059fcf64",
                  "isHook": false,
                  "skipped": false
                },
                {
                  "title": "should submit search phrase",
                  "fullTitle": "Second Test Search Test should submit search phrase",
                  "timedOut": false,
                  "duration": 55,
                  "state": "passed",
                  "speed": "medium",
                  "pass": true,
                  "fail": false,
                  "pending": false,
                  "context": null,
                  "code": "await type(page, 'hello world', '#searchTerm')\nawait pressKey(page, 'Enter')",
                  "err": {},
                  "uuid": "f8ad80fc-d80b-457c-bfc0-69a0044c1be0",
                  "parentUUID": "fb6ffc78-b998-4df5-9a67-d997059fcf64",
                  "isHook": false,
                  "skipped": false
                },
                {
                  "title": "should display search results",
                  "fullTitle": "Second Test Search Test should display search results",
                  "timedOut": false,
                  "duration": 339,
                  "state": "passed",
                  "speed": "slow",
                  "pass": true,
                  "fail": false,
                  "pending": false,
                  "context": null,
                  "code": "await waitForText(page, 'h2', 'Search Results')\nawait waitForText(page, 'body', 'No results were found for the query')",
                  "err": {},
                  "uuid": "09de1958-9045-45e4-bc91-1b1ebcbfc6a9",
                  "parentUUID": "fb6ffc78-b998-4df5-9a67-d997059fcf64",
                  "isHook": false,
                  "skipped": false
                }
              ],
              "suites": [],
              "passes": [
                "7078a9ae-e67a-4c60-9148-e54c06e9adea",
                "f8ad80fc-d80b-457c-bfc0-69a0044c1be0",
                "09de1958-9045-45e4-bc91-1b1ebcbfc6a9"
              ],
              "failures": [],
              "pending": [],
              "skipped": [],
              "duration": 1718,
              "root": false,
              "rootEmpty": false,
              "_timeout": 30000
            },
            {
              "uuid": "4ecb6bb4-3ac0-4cbe-85d6-12784fd27d7d",
              "title": "Navbar Links Test",
              "fullFile": "C:\\autotest\\tests\\example2.js",
              "file": "\\tests\\example2.js",
              "beforeHooks": [],
              "afterHooks": [],
              "tests": [
                {
                  "title": "should navigate to homepage",
                  "fullTitle": "Second Test Navbar Links Test should navigate to homepage",
                  "timedOut": false,
                  "duration": 938,
                  "state": "passed",
                  "speed": "slow",
                  "pass": true,
                  "fail": false,
                  "pending": false,
                  "context": null,
                  "code": "await loadUrl(page, config2.baseUrl)\nawait shouldExist(page, '#online_banking_features')",
                  "err": {},
                  "uuid": "1f7b74be-5522-4632-b06a-1810bb631287",
                  "parentUUID": "4ecb6bb4-3ac0-4cbe-85d6-12784fd27d7d",
                  "isHook": false,
                  "skipped": false
                },
                {
                  "title": "should have correct number of links",
                  "fullTitle": "Second Test Navbar Links Test should have correct number of links",
                  "timedOut": false,
                  "duration": 9,
                  "state": "passed",
                  "speed": "fast",
                  "pass": true,
                  "fail": false,
                  "pending": false,
                  "context": null,
                  "code": "// get count of links\nconst numberOfLinks = await getCount(page, '#pages-nav > li')\n//assert the count\nexpect(numberOfLinks).to.equal(3)",
                  "err": {},
                  "uuid": "291e011f-b20b-43e3-a5df-ff4a7ccc7d6b",
                  "parentUUID": "4ecb6bb4-3ac0-4cbe-85d6-12784fd27d7d",
                  "isHook": false,
                  "skipped": false
                }
              ],
              "suites": [],
              "passes": [
                "1f7b74be-5522-4632-b06a-1810bb631287",
                "291e011f-b20b-43e3-a5df-ff4a7ccc7d6b"
              ],
              "failures": [],
              "pending": [],
              "skipped": [],
              "duration": 947,
              "root": false,
              "rootEmpty": false,
              "_timeout": 30000
            },
            {
              "uuid": "fde11435-2fe1-484b-b52f-c3fcf4840da6",
              "title": "Feedback Test",
              "fullFile": "C:\\autotest\\tests\\example2.js",
              "file": "\\tests\\example2.js",
              "beforeHooks": [],
              "afterHooks": [],
              "tests": [
                {
                  "title": "should navigate to homepage",
                  "fullTitle": "Second Test Feedback Test should navigate to homepage",
                  "timedOut": false,
                  "duration": 1287,
                  "state": "passed",
                  "speed": "slow",
                  "pass": true,
                  "fail": false,
                  "pending": false,
                  "context": null,
                  "code": "await loadUrl(page, config2.baseUrl)\nawait shouldExist(page, '#online_banking_features')",
                  "err": {},
                  "uuid": "04c39261-2de4-4ac7-b390-7974a565fbf9",
                  "parentUUID": "fde11435-2fe1-484b-b52f-c3fcf4840da6",
                  "isHook": false,
                  "skipped": false
                },
                {
                  "title": "should on click Feedback link",
                  "fullTitle": "Second Test Feedback Test should on click Feedback link",
                  "timedOut": false,
                  "duration": 604,
                  "state": "passed",
                  "speed": "slow",
                  "pass": true,
                  "fail": false,
                  "pending": false,
                  "context": null,
                  "code": "await click(page, \"#feedback\")\nawait shouldExist(page, 'form')",
                  "err": {},
                  "uuid": "a35f3841-e365-4566-8a47-153db96c1e2c",
                  "parentUUID": "fde11435-2fe1-484b-b52f-c3fcf4840da6",
                  "isHook": false,
                  "skipped": false
                },
                {
                  "title": "should submit feedback form",
                  "fullTitle": "Second Test Feedback Test should submit feedback form",
                  "timedOut": false,
                  "duration": 484,
                  "state": "passed",
                  "speed": "slow",
                  "pass": true,
                  "fail": false,
                  "pending": false,
                  "context": null,
                  "code": "await type(page, 'Kaniel', '#name')\nawait type(page, 'test@test.com', '#email')\nawait type(page, 'Just subject', '#subject')\nawait type(page, 'comments', '#comment')\nawait click(page, 'input[type=\"submit\"]')",
                  "err": {},
                  "uuid": "4dc1f4d0-c7ae-4310-8301-76525a5408b1",
                  "parentUUID": "fde11435-2fe1-484b-b52f-c3fcf4840da6",
                  "isHook": false,
                  "skipped": false
                },
                {
                  "title": "should display success message",
                  "fullTitle": "Second Test Feedback Test should display success message",
                  "timedOut": false,
                  "duration": 51,
                  "state": "passed",
                  "speed": "medium",
                  "pass": true,
                  "fail": false,
                  "pending": false,
                  "context": null,
                  "code": "await shouldExist(page, '#feedback-title')\nawait waitForText(page, 'body', 'Thank you for your comments')",
                  "err": {},
                  "uuid": "38288d5f-ff32-4790-93d9-0f358ff6fdf5",
                  "parentUUID": "fde11435-2fe1-484b-b52f-c3fcf4840da6",
                  "isHook": false,
                  "skipped": false
                }
              ],
              "suites": [],
              "passes": [
                "04c39261-2de4-4ac7-b390-7974a565fbf9",
                "a35f3841-e365-4566-8a47-153db96c1e2c",
                "4dc1f4d0-c7ae-4310-8301-76525a5408b1",
                "38288d5f-ff32-4790-93d9-0f358ff6fdf5"
              ],
              "failures": [],
              "pending": [],
              "skipped": [],
              "duration": 2426,
              "root": false,
              "rootEmpty": false,
              "_timeout": 30000
            },
            {
              "uuid": "37494baa-ea3f-4f7e-a8a1-d36a4f3a3d99",
              "title": "Forgot password",
              "fullFile": "C:\\autotest\\tests\\example2.js",
              "file": "\\tests\\example2.js",
              "beforeHooks": [],
              "afterHooks": [],
              "tests": [
                {
                  "title": "should navigate to homepage",
                  "fullTitle": "Second Test Forgot password should navigate to homepage",
                  "timedOut": false,
                  "duration": 1288,
                  "state": "passed",
                  "speed": "slow",
                  "pass": true,
                  "fail": false,
                  "pending": false,
                  "context": null,
                  "code": "await loadUrl(page, config2.baseUrl)\nawait shouldExist(page, '#online_banking_features')",
                  "err": {},
                  "uuid": "8a06e5a8-adab-4f66-8e7d-681f8ffaa8fa",
                  "parentUUID": "37494baa-ea3f-4f7e-a8a1-d36a4f3a3d99",
                  "isHook": false,
                  "skipped": false
                },
                {
                  "title": "should load forgotten password form",
                  "fullTitle": "Second Test Forgot password should load forgotten password form",
                  "timedOut": false,
                  "duration": 986,
                  "state": "passed",
                  "speed": "slow",
                  "pass": true,
                  "fail": false,
                  "pending": false,
                  "context": null,
                  "code": "await loadUrl(page, \"http://zero.webappsecurity.com/forgot-password.html\")\nawait waitForText(page, 'h3', 'Forgotten Password')",
                  "err": {},
                  "uuid": "324ed929-814b-4da3-816f-477279b6222d",
                  "parentUUID": "37494baa-ea3f-4f7e-a8a1-d36a4f3a3d99",
                  "isHook": false,
                  "skipped": false
                },
                {
                  "title": "should submit email",
                  "fullTitle": "Second Test Forgot password should submit email",
                  "timedOut": false,
                  "duration": 396,
                  "state": "passed",
                  "speed": "slow",
                  "pass": true,
                  "fail": false,
                  "pending": false,
                  "context": null,
                  "code": "await type(page, 'test@test.com', '#user_email')\nawait click(page, '.btn-primary')\nawait waitForText(page, 'body', 'Your password will be sent')",
                  "err": {},
                  "uuid": "1d5db491-262c-4d6e-9901-2533e1d31dcd",
                  "parentUUID": "37494baa-ea3f-4f7e-a8a1-d36a4f3a3d99",
                  "isHook": false,
                  "skipped": false
                }
              ],
              "suites": [],
              "passes": [
                "8a06e5a8-adab-4f66-8e7d-681f8ffaa8fa",
                "324ed929-814b-4da3-816f-477279b6222d",
                "1d5db491-262c-4d6e-9901-2533e1d31dcd"
              ],
              "failures": [],
              "pending": [],
              "skipped": [],
              "duration": 2670,
              "root": false,
              "rootEmpty": false,
              "_timeout": 30000
            }
          ],
          "passes": [],
          "failures": [],
          "pending": [],
          "skipped": [],
          "duration": 0,
          "root": false,
          "rootEmpty": false,
          "_timeout": 30000
        }
      ],
      "passes": [],
      "failures": [],
      "pending": [],
      "skipped": [],
      "duration": 0,
      "root": true,
      "rootEmpty": true,
      "_timeout": 30000
    }
  ],
  "meta": {
    "mocha": {
      "version": "6.2.0"
    },
    "mochawesome": {
      "options": {
        "quiet": false,
        "reportFilename": "mochawesome",
        "saveHtml": true,
        "saveJson": true,
        "consoleReporter": "spec",
        "useInlineDiffs": false
      },
      "version": "4.1.0"
    },
    "marge": {
      "options": null,
      "version": "4.0.1"
    }
  }
}