{
  "stats": {
    "suites": 2,
    "tests": 4,
    "passes": 3,
    "pending": 0,
    "failures": 1,
    "start": "2019-09-30T11:18:37.347Z",
    "end": "2019-09-30T11:19:41.622Z",
    "duration": 64275,
    "testsRegistered": 4,
    "passPercent": 75,
    "pendingPercent": 0,
    "other": 0,
    "hasOther": false,
    "skipped": 0,
    "hasSkipped": false
  },
  "results": [
    {
      "uuid": "823104c8-8b54-4db2-a4f5-ad6dfa1f4994",
      "title": "",
      "fullFile": "",
      "file": "",
      "beforeHooks": [],
      "afterHooks": [],
      "tests": [],
      "suites": [
        {
          "uuid": "df3d3523-e815-423d-995a-88b6ef94f944",
          "title": "Portal",
          "fullFile": "C:\\puppetchai\\puppetchai\\tests\\example2.js",
          "file": "\\tests\\example2.js",
          "beforeHooks": [
            {
              "title": "\"before all\" hook",
              "fullTitle": "Portal \"before all\" hook",
              "timedOut": false,
              "duration": 319,
              "state": null,
              "speed": null,
              "pass": false,
              "fail": false,
              "pending": false,
              "context": null,
              "code": "browser = await puppeteer.launch({\n\theadless: true,\n\tslowMo: config2.slowMo,\n\tdevTools: config2.isDevTools,\n\ttimeout: config2.timeout,\n})\npage = await browser.newPage()\nawait page.setDefaultTimeout(config2.waitingTimeout)\nawait page.setViewport({\n\twidth: 1600,\n\theight: 1200,\n})",
              "err": {},
              "uuid": "e44ef12f-e61b-448b-9e34-ab1a3fea73d1",
              "parentUUID": "df3d3523-e815-423d-995a-88b6ef94f944",
              "isHook": true,
              "skipped": false
            }
          ],
          "afterHooks": [
            {
              "title": "\"after all\" hook",
              "fullTitle": "Portal \"after all\" hook",
              "timedOut": false,
              "duration": 1,
              "state": null,
              "speed": null,
              "pass": false,
              "fail": false,
              "pending": false,
              "context": null,
              "code": "console.log('done')",
              "err": {},
              "uuid": "a8b246ae-c852-454a-8dec-0ecfaef17a2a",
              "parentUUID": "df3d3523-e815-423d-995a-88b6ef94f944",
              "isHook": true,
              "skipped": false
            }
          ],
          "tests": [],
          "suites": [
            {
              "uuid": "29299c2f-740c-40d5-84c4-bd62ad4f73fe",
              "title": "Login Test",
              "fullFile": "C:\\puppetchai\\puppetchai\\tests\\example2.js",
              "file": "\\tests\\example2.js",
              "beforeHooks": [],
              "afterHooks": [],
              "tests": [
                {
                  "title": "should navigate to homepage",
                  "fullTitle": "Portal Login Test should navigate to homepage",
                  "timedOut": false,
                  "duration": 10011,
                  "state": "passed",
                  "speed": "slow",
                  "pass": true,
                  "fail": false,
                  "pending": false,
                  "context": null,
                  "code": "await loadUrl(page, config2.baseUrl)\nawait shouldExist(page, '#username')",
                  "err": {},
                  "uuid": "34f2fb86-4935-4557-b992-94d53085e2e5",
                  "parentUUID": "29299c2f-740c-40d5-84c4-bd62ad4f73fe",
                  "isHook": false,
                  "skipped": false
                },
                {
                  "title": "should login",
                  "fullTitle": "Portal Login Test should login",
                  "timedOut": false,
                  "duration": 13857,
                  "state": "passed",
                  "speed": "slow",
                  "pass": true,
                  "fail": false,
                  "pending": false,
                  "context": null,
                  "code": "await type(page, 'stp@mailinator.com', '#username')\nawait type(page, 'password', '#password')\nawait pressKey(page, 'Enter')\nawait waitForText(page, 'body', 'Account')\nawait shouldExist(page, '.panel-heading')\nconst newPagePromise = new Promise(x => browser.once('targetcreated', target => x(target.page())));\nawait page.click('#SubsTile');\nnewPage = await newPagePromise;\nawait newPage.waitForSelector('#mainContent');\nawait newPage.click('body > div.nav-left-wrapper > nav > ul > li:nth-child(3) > span > span.nav-label')\nawait newPage.click('body > div.nav-left-wrapper > nav > ul > li:nth-child(3) > ul > li:nth-child(2) > a')\nawait newPage.waitForSelector('.employee-index')\t\nawait newPage.waitForSelector('#show-hide-grdContactActive')\nawait newPage.click('.button.-primary.-prominent')\nawait newPage.waitForSelector('#FirstName')\nawait type(newPage, `Simon ${Date.now()}`, '#FirstName')\nawait type(newPage, `test ${Date.now()}`, '#Surname')\nawait type(newPage, 'Line1', '#PostalAddress_Line1')\nawait type(newPage, 'Line2', '#PostalAddress_Line2')\nawait type(newPage, 'Sydney', '#PostalAddress_Suburb')\nawait type(newPage, '2060', '#PostalAddress_PostCode')\nawait type(newPage, 'test@test.com', '#EmailAddress')\nawait newPage.click('#btnSave')\nawait newPage.waitForSelector('#btnSaveClose')\n\n\n\n\n// handle Page 2: you can access new page DOM through newPage object",
                  "err": {},
                  "uuid": "e68bd5bb-c976-4d05-80c1-764a47605620",
                  "parentUUID": "29299c2f-740c-40d5-84c4-bd62ad4f73fe",
                  "isHook": false,
                  "skipped": false
                },
                {
                  "title": "It should navigate to personal tab of new employee",
                  "fullTitle": "Portal Login Test It should navigate to personal tab of new employee",
                  "timedOut": false,
                  "duration": 10068,
                  "state": "passed",
                  "speed": "slow",
                  "pass": true,
                  "fail": false,
                  "pending": false,
                  "context": null,
                  "code": "await newPage.waitForSelector('#mainContent')\nawait delay(4000)\nawait newPage.waitForSelector('#mainContent > div.row.js-nav-page > div > div > ul > li:nth-child(2) > a')\nawait newPage.click('#mainContent > div.row.js-nav-page > div > div > ul > li:nth-child(2) > a')\nawait newPage.waitForSelector('#DateOfBirth')\nawait type(newPage, '1234', '#PdfPassword')\nawait newPage.click('#mainContent > div.row.js-nav-page > div > div > ul > li:nth-child(3) > a')\nawait delay(4000)\nawait newPage.waitForSelector('#btnRightkendoDialog.button.-primary.k-button')\nawait newPage.click('button#btnLeftkendoDialog.button.-tertiary.k-button.cancel')",
                  "err": {},
                  "uuid": "d18dfde6-dd56-4f56-ac4e-245419ff25b1",
                  "parentUUID": "29299c2f-740c-40d5-84c4-bd62ad4f73fe",
                  "isHook": false,
                  "skipped": false
                },
                {
                  "title": "It should fill out the employment tab",
                  "fullTitle": "Portal Login Test It should fill out the employment tab",
                  "timedOut": true,
                  "duration": 30001,
                  "state": "failed",
                  "speed": null,
                  "pass": false,
                  "fail": true,
                  "pending": false,
                  "context": null,
                  "code": "await newPage.waitForSelector('#EmployeeNumber')\n\t\t\tawait type(newPage, '1234', '#EmployeeNumber')\n\t\t\tawait type(newPage, '40', '#WeeklyHours')\n\t\t\tawait type(newPage, 'Product Manager', '#JobTitle')\n\t\t\tawait delay(4000)\n\t\t\tawait newPage.click('#mainContent > div > div > div > ul > li:nth-child(4) > a')\n\t\t\tawait delay(4000)\n\t\t\tawait newPage.waitForSelector('#btnRightkendoDialog.button.-primary.k-button')\n\t\t\tawait newPage.click('button#btnLeftkendoDialog.button.-tertiary.k-button.cancel')\t\n\t\t\tawait newPage.waitForSelector('#ProjectedDate')\n\t\t\t//await newPage.click('#grdLeaves > div.k-header.k-grid-toolbar.k-grid-top > a')\n\t\t\t//await delay(4000)",
                  "err": {
                    "message": "Error: Timeout of 30000ms exceeded. For async tests and hooks, ensure \"done()\" is called; if returning a Promise, ensure it resolves. (C:\\puppetchai\\puppetchai\\tests\\example2.js)",
                    "estack": "Error: Timeout of 30000ms exceeded. For async tests and hooks, ensure \"done()\" is called; if returning a Promise, ensure it resolves. (C:\\puppetchai\\puppetchai\\tests\\example2.js)",
                    "diff": null
                  },
                  "uuid": "f0edbab5-0741-4c9a-ae7f-5ef171d49fe1",
                  "parentUUID": "29299c2f-740c-40d5-84c4-bd62ad4f73fe",
                  "isHook": false,
                  "skipped": false
                }
              ],
              "suites": [],
              "passes": [
                "34f2fb86-4935-4557-b992-94d53085e2e5",
                "e68bd5bb-c976-4d05-80c1-764a47605620",
                "d18dfde6-dd56-4f56-ac4e-245419ff25b1"
              ],
              "failures": [
                "f0edbab5-0741-4c9a-ae7f-5ef171d49fe1"
              ],
              "pending": [],
              "skipped": [],
              "duration": 63937,
              "root": false,
              "rootEmpty": false,
              "_timeout": 30000
            }
          ],
          "passes": [],
          "failures": [],
          "pending": [],
          "skipped": [],
          "duration": 0,
          "root": false,
          "rootEmpty": false,
          "_timeout": 30000
        }
      ],
      "passes": [],
      "failures": [],
      "pending": [],
      "skipped": [],
      "duration": 0,
      "root": true,
      "rootEmpty": true,
      "_timeout": 30000
    }
  ],
  "meta": {
    "mocha": {
      "version": "6.2.0"
    },
    "mochawesome": {
      "options": {
        "quiet": false,
        "reportFilename": "mochawesome",
        "saveHtml": true,
        "saveJson": true,
        "consoleReporter": "spec",
        "useInlineDiffs": false
      },
      "version": "4.1.0"
    },
    "marge": {
      "options": null,
      "version": "4.0.1"
    }
  }
}