{
  "stats": {
    "suites": 1,
    "tests": 4,
    "passes": 4,
    "pending": 0,
    "failures": 0,
    "start": "2019-09-17T01:50:27.531Z",
    "end": "2019-09-17T01:50:47.069Z",
    "duration": 19538,
    "testsRegistered": 4,
    "passPercent": 100,
    "pendingPercent": 0,
    "other": 0,
    "hasOther": false,
    "skipped": 0,
    "hasSkipped": false
  },
  "results": [
    {
      "uuid": "12617458-7b55-4445-b72f-c8c340b12ab1",
      "title": "",
      "fullFile": "",
      "file": "",
      "beforeHooks": [],
      "afterHooks": [],
      "tests": [],
      "suites": [
        {
          "uuid": "1a11229a-4271-424b-9804-6129cb0547bc",
          "title": "My first pupeteer test",
          "fullFile": "C:\\puppet\\tests\\example.js",
          "file": "\\tests\\example.js",
          "beforeHooks": [
            {
              "title": "\"before all\" hook",
              "fullTitle": "My first pupeteer test \"before all\" hook",
              "timedOut": false,
              "duration": 1113,
              "state": null,
              "speed": null,
              "pass": false,
              "fail": false,
              "pending": false,
              "context": null,
              "code": "browser = await puppeteer.launch({\n  headless: config.headless,\n  slowMo: config.slowMo,\n  devTools: config.isDevTools,\n  timeout: config.timeout\n})\npage = await browser.newPage()\nawait page.setDefaultTimeout(config.waitingTimeout)\nawait page.setViewport({\n  width: config.viewportWidth,\n  height: config.viewportHeight\n})",
              "err": {},
              "uuid": "0311a6b0-551a-4cf2-92c3-367f081c8723",
              "parentUUID": "1a11229a-4271-424b-9804-6129cb0547bc",
              "isHook": true,
              "skipped": false
            }
          ],
          "afterHooks": [
            {
              "title": "\"after all\" hook",
              "fullTitle": "My first pupeteer test \"after all\" hook",
              "timedOut": false,
              "duration": 1630,
              "state": null,
              "speed": null,
              "pass": false,
              "fail": false,
              "pending": false,
              "context": null,
              "code": "await browser.close()",
              "err": {},
              "uuid": "d25cf857-2f12-4f54-bf6a-b936c62101a8",
              "parentUUID": "1a11229a-4271-424b-9804-6129cb0547bc",
              "isHook": true,
              "skipped": false
            }
          ],
          "tests": [
            {
              "title": "my first test step",
              "fullTitle": "My first pupeteer test my first test step",
              "timedOut": false,
              "duration": 3107,
              "state": "passed",
              "speed": "slow",
              "pass": true,
              "fail": false,
              "pending": false,
              "context": null,
              "code": "await loadUrl(page, config.baseUrl)\n//await page.goto(config.baseUrl)\n//await page.waitForSelector('#nav-search')\nawait shouldExist(page, '#nav-search')\nawait waitForText(page, 'body', 'WRITE A POST')\nconst url = await page.url()\nconst title = await page.title()\nexpect(url).to.contain(\"dev\")\nexpect(title).to.contains(\"Community\")",
              "err": {},
              "uuid": "c5512702-af0e-4748-a9cf-03f825d14cdc",
              "parentUUID": "1a11229a-4271-424b-9804-6129cb0547bc",
              "isHook": false,
              "skipped": false
            },
            {
              "title": "browser reload",
              "fullTitle": "My first pupeteer test browser reload",
              "timedOut": false,
              "duration": 5025,
              "state": "passed",
              "speed": "slow",
              "pass": true,
              "fail": false,
              "pending": false,
              "context": null,
              "code": "await page.reload()\n//await page.waitForSelector('#page-content')\nawait shouldExist(page, '#page-content')\nconst url = await page.url()\nconst title = await page.title()\n\nexpect(url).to.contain(\"dev\")\nexpect(title).to.contains(\"Community\")",
              "err": {},
              "uuid": "0103609c-d41e-4f33-9abc-562b37ab6dca",
              "parentUUID": "1a11229a-4271-424b-9804-6129cb0547bc",
              "isHook": false,
              "skipped": false
            },
            {
              "title": "click method",
              "fullTitle": "My first pupeteer test click method",
              "timedOut": false,
              "duration": 3046,
              "state": "passed",
              "speed": "slow",
              "pass": true,
              "fail": false,
              "pending": false,
              "context": null,
              "code": "await loadUrl(page, config.baseUrl)\n//await page.waitForSelector('#write-link')\n//await page.click('#write-link')\nawait click(page, \"#write-link\")\n//await page.waitForSelector('.registration-rainbow')\nawait shouldExist(page, '.registration-rainbow')",
              "err": {},
              "uuid": "eb54d5b8-e548-4abc-aabf-b91daafa3ccb",
              "parentUUID": "1a11229a-4271-424b-9804-6129cb0547bc",
              "isHook": false,
              "skipped": false
            },
            {
              "title": "submit searchbox",
              "fullTitle": "My first pupeteer test submit searchbox",
              "timedOut": false,
              "duration": 5592,
              "state": "passed",
              "speed": "slow",
              "pass": true,
              "fail": false,
              "pending": false,
              "context": null,
              "code": "await loadUrl(page, config.baseUrl)\n    await type(page, generateEmail(), \"#nav-search\")\n    await page.waitFor(3000)\n    //await page.waitForSelector('#nav-search')\n    //await page.type(\"#nav-search\", \"javascript\")\n    //await page.keyboard.press(\"Enter\")\n    await pressKey(page, 'Enter')\n    //await page.waitForSelector('#articles-list')\n    await shouldExist(page, '#articles-list')",
              "err": {},
              "uuid": "6915b74c-863b-40bd-a256-22b5746ab904",
              "parentUUID": "1a11229a-4271-424b-9804-6129cb0547bc",
              "isHook": false,
              "skipped": false
            }
          ],
          "suites": [],
          "passes": [
            "c5512702-af0e-4748-a9cf-03f825d14cdc",
            "0103609c-d41e-4f33-9abc-562b37ab6dca",
            "eb54d5b8-e548-4abc-aabf-b91daafa3ccb",
            "6915b74c-863b-40bd-a256-22b5746ab904"
          ],
          "failures": [],
          "pending": [],
          "skipped": [],
          "duration": 16770,
          "root": false,
          "rootEmpty": false,
          "_timeout": 30000
        }
      ],
      "passes": [],
      "failures": [],
      "pending": [],
      "skipped": [],
      "duration": 0,
      "root": true,
      "rootEmpty": true,
      "_timeout": 30000
    }
  ],
  "meta": {
    "mocha": {
      "version": "6.2.0"
    },
    "mochawesome": {
      "options": {
        "quiet": false,
        "reportFilename": "mochawesome",
        "saveHtml": true,
        "saveJson": true,
        "consoleReporter": "spec",
        "useInlineDiffs": false
      },
      "version": "4.1.0"
    },
    "marge": {
      "options": null,
      "version": "4.0.1"
    }
  }
}