{
  "stats": {
    "suites": 3,
    "tests": 8,
    "passes": 8,
    "pending": 0,
    "failures": 0,
    "start": "2019-09-19T11:24:32.279Z",
    "end": "2019-09-19T11:24:49.402Z",
    "duration": 17123,
    "testsRegistered": 8,
    "passPercent": 100,
    "pendingPercent": 0,
    "other": 0,
    "hasOther": false,
    "skipped": 0,
    "hasSkipped": false
  },
  "results": [
    {
      "uuid": "b5dc7db2-be40-41b7-9126-1943495c25ba",
      "title": "",
      "fullFile": "",
      "file": "",
      "beforeHooks": [],
      "afterHooks": [],
      "tests": [],
      "suites": [
        {
          "uuid": "789be617-86f0-48df-b6a9-851732a81f36",
          "title": "My first pupeteer test",
          "fullFile": "C:\\puppetchai\\puppetchai\\tests\\example.js",
          "file": "\\tests\\example.js",
          "beforeHooks": [
            {
              "title": "\"before all\" hook",
              "fullTitle": "My first pupeteer test \"before all\" hook",
              "timedOut": false,
              "duration": 707,
              "state": null,
              "speed": null,
              "pass": false,
              "fail": false,
              "pending": false,
              "context": null,
              "code": "browser = await puppeteer.launch({\n  headless: config.isHeadless,\n  slowMo: config.slowMo,\n  devTools: config.isDevTools,\n  timeout: config.timeout\n})\npage = await browser.newPage()\nawait page.setDefaultTimeout(config.waitingTimeout)\nawait page.setViewport({\n  width: config.viewportWidth,\n  height: config.viewportHeight\n})",
              "err": {},
              "uuid": "4ca73c3f-873b-4d97-8e98-17b36b8242a6",
              "parentUUID": "789be617-86f0-48df-b6a9-851732a81f36",
              "isHook": true,
              "skipped": false
            }
          ],
          "afterHooks": [
            {
              "title": "\"after all\" hook",
              "fullTitle": "My first pupeteer test \"after all\" hook",
              "timedOut": false,
              "duration": 368,
              "state": null,
              "speed": null,
              "pass": false,
              "fail": false,
              "pending": false,
              "context": null,
              "code": "await browser.close()",
              "err": {},
              "uuid": "d5eba567-b9be-4e30-9863-b4703b1e08eb",
              "parentUUID": "789be617-86f0-48df-b6a9-851732a81f36",
              "isHook": true,
              "skipped": false
            }
          ],
          "tests": [
            {
              "title": "my first test step",
              "fullTitle": "My first pupeteer test my first test step",
              "timedOut": false,
              "duration": 3199,
              "state": "passed",
              "speed": "slow",
              "pass": true,
              "fail": false,
              "pending": false,
              "context": null,
              "code": "await loadUrl(page, config.baseUrl)\n//await page.goto(config.baseUrl)\n//await page.waitForSelector('#nav-search')\nawait shouldExist(page, '#nav-search')\nawait waitForText(page, 'body', 'WRITE A POST')\nconst url = await page.url()\nconst title = await page.title()\nexpect(url).to.contain(\"dev\")\nexpect(title).to.contains(\"Community\")",
              "err": {},
              "uuid": "9561f22f-3e09-4e8b-8cb6-aa843c7c2c79",
              "parentUUID": "789be617-86f0-48df-b6a9-851732a81f36",
              "isHook": false,
              "skipped": false
            },
            {
              "title": "browser reload",
              "fullTitle": "My first pupeteer test browser reload",
              "timedOut": false,
              "duration": 716,
              "state": "passed",
              "speed": "slow",
              "pass": true,
              "fail": false,
              "pending": false,
              "context": null,
              "code": "await page.reload()\n//await page.waitForSelector('#page-content')\nawait shouldExist(page, '#page-content')\nconst url = await page.url()\nconst title = await page.title()\n\nexpect(url).to.contain(\"dev\")\nexpect(title).to.contains(\"Community\")",
              "err": {},
              "uuid": "56ce88bc-1ee3-49cd-b02a-1ce5e4868872",
              "parentUUID": "789be617-86f0-48df-b6a9-851732a81f36",
              "isHook": false,
              "skipped": false
            },
            {
              "title": "click method",
              "fullTitle": "My first pupeteer test click method",
              "timedOut": false,
              "duration": 2091,
              "state": "passed",
              "speed": "slow",
              "pass": true,
              "fail": false,
              "pending": false,
              "context": null,
              "code": "await loadUrl(page, config.baseUrl)\n//await page.waitForSelector('#write-link')\n//await page.click('#write-link')\nawait click(page, \"#write-link\")\n//await page.waitForSelector('.registration-rainbow')\nawait shouldExist(page, '.registration-rainbow')",
              "err": {},
              "uuid": "23ab6712-c2d1-482d-83c8-18ffc38ac5ea",
              "parentUUID": "789be617-86f0-48df-b6a9-851732a81f36",
              "isHook": false,
              "skipped": false
            },
            {
              "title": "submit searchbox",
              "fullTitle": "My first pupeteer test submit searchbox",
              "timedOut": false,
              "duration": 4898,
              "state": "passed",
              "speed": "slow",
              "pass": true,
              "fail": false,
              "pending": false,
              "context": null,
              "code": "await loadUrl(page, config.baseUrl)\n    await type(page, generateEmail(), \"#nav-search\")\n    await page.waitFor(3000)\n    //await page.waitForSelector('#nav-search')\n    //await page.type(\"#nav-search\", \"javascript\")\n    //await page.keyboard.press(\"Enter\")\n    await pressKey(page, 'Enter')\n    //await page.waitForSelector('#articles-list')\n    await shouldExist(page, '#articles-list')",
              "err": {},
              "uuid": "33a17104-dba2-4d52-89a8-4556d3aa5abe",
              "parentUUID": "789be617-86f0-48df-b6a9-851732a81f36",
              "isHook": false,
              "skipped": false
            }
          ],
          "suites": [],
          "passes": [
            "9561f22f-3e09-4e8b-8cb6-aa843c7c2c79",
            "56ce88bc-1ee3-49cd-b02a-1ce5e4868872",
            "23ab6712-c2d1-482d-83c8-18ffc38ac5ea",
            "33a17104-dba2-4d52-89a8-4556d3aa5abe"
          ],
          "failures": [],
          "pending": [],
          "skipped": [],
          "duration": 10904,
          "root": false,
          "rootEmpty": false,
          "_timeout": 30000
        },
        {
          "uuid": "ea0c3092-9088-4b45-bf0b-f4f48e11f645",
          "title": "Second Test",
          "fullFile": "C:\\puppetchai\\puppetchai\\tests\\example2.js",
          "file": "\\tests\\example2.js",
          "beforeHooks": [
            {
              "title": "\"before all\" hook",
              "fullTitle": "Second Test \"before all\" hook",
              "timedOut": false,
              "duration": 386,
              "state": null,
              "speed": null,
              "pass": false,
              "fail": false,
              "pending": false,
              "context": null,
              "code": "browser = await puppeteer.launch({\n  headless: config2.isHeadless,\n  slowMo: config2.slowMo,\n  devTools: config2.isDevTools,\n  timeout: config2 .timeout\n})\npage = await browser.newPage()\nawait page.setDefaultTimeout(config2.waitingTimeout)\nawait page.setViewport({\n  width: config2.viewportWidth,\n  height: config2.viewportHeight\n})",
              "err": {},
              "uuid": "fddfdd18-0df2-4799-8f80-2ac76cc4e90d",
              "parentUUID": "ea0c3092-9088-4b45-bf0b-f4f48e11f645",
              "isHook": true,
              "skipped": false
            }
          ],
          "afterHooks": [
            {
              "title": "\"after all\" hook",
              "fullTitle": "Second Test \"after all\" hook",
              "timedOut": false,
              "duration": 206,
              "state": null,
              "speed": null,
              "pass": false,
              "fail": false,
              "pending": false,
              "context": null,
              "code": "await browser.close()",
              "err": {},
              "uuid": "437dcf08-92c3-474f-95d5-f50ca9f8f797",
              "parentUUID": "ea0c3092-9088-4b45-bf0b-f4f48e11f645",
              "isHook": true,
              "skipped": false
            }
          ],
          "tests": [],
          "suites": [
            {
              "uuid": "c827db55-e393-4d29-9ae0-da30b6488fb8",
              "title": "Login Test",
              "fullFile": "C:\\puppetchai\\puppetchai\\tests\\example2.js",
              "file": "\\tests\\example2.js",
              "beforeHooks": [],
              "afterHooks": [],
              "tests": [
                {
                  "title": "should navigate to homepage",
                  "fullTitle": "Second Test Login Test should navigate to homepage",
                  "timedOut": false,
                  "duration": 3503,
                  "state": "passed",
                  "speed": "slow",
                  "pass": true,
                  "fail": false,
                  "pending": false,
                  "context": null,
                  "code": "await loadUrl(page, config2.baseUrl)\nawait shouldExist(page, \"#online_banking_features\")",
                  "err": {},
                  "uuid": "aa05591f-fae1-4734-a974-be9ee94be5c5",
                  "parentUUID": "c827db55-e393-4d29-9ae0-da30b6488fb8",
                  "isHook": false,
                  "skipped": false
                },
                {
                  "title": "should click on signin button",
                  "fullTitle": "Second Test Login Test should click on signin button",
                  "timedOut": false,
                  "duration": 364,
                  "state": "passed",
                  "speed": "slow",
                  "pass": true,
                  "fail": false,
                  "pending": false,
                  "context": null,
                  "code": "await click(page, \"#signin_button\")\nawait shouldExist(page, LOGIN_FORM)",
                  "err": {},
                  "uuid": "e524471a-0aad-44ca-8442-c508a5ff779e",
                  "parentUUID": "c827db55-e393-4d29-9ae0-da30b6488fb8",
                  "isHook": false,
                  "skipped": false
                },
                {
                  "title": "should submit login form",
                  "fullTitle": "Second Test Login Test should submit login form",
                  "timedOut": false,
                  "duration": 615,
                  "state": "passed",
                  "speed": "slow",
                  "pass": true,
                  "fail": false,
                  "pending": false,
                  "context": null,
                  "code": "await type(page, generateID(), \"#user_login\")\nawait type(page, generateID(), \"#user_password\" )\nawait click(page, \".btn-primary\")",
                  "err": {},
                  "uuid": "8bf5838e-c98a-49ae-a3ec-c1c4739a9fed",
                  "parentUUID": "c827db55-e393-4d29-9ae0-da30b6488fb8",
                  "isHook": false,
                  "skipped": false
                },
                {
                  "title": "should get error message",
                  "fullTitle": "Second Test Login Test should get error message",
                  "timedOut": false,
                  "duration": 38,
                  "state": "passed",
                  "speed": "medium",
                  "pass": true,
                  "fail": false,
                  "pending": false,
                  "context": null,
                  "code": "await waitForText(page, 'body', \"Login and/or password are wrong\")\nawait shouldExist(page, LOGIN_FORM)",
                  "err": {},
                  "uuid": "cbd2e66c-f78e-49f4-bada-420b324198f5",
                  "parentUUID": "c827db55-e393-4d29-9ae0-da30b6488fb8",
                  "isHook": false,
                  "skipped": false
                }
              ],
              "suites": [],
              "passes": [
                "aa05591f-fae1-4734-a974-be9ee94be5c5",
                "e524471a-0aad-44ca-8442-c508a5ff779e",
                "8bf5838e-c98a-49ae-a3ec-c1c4739a9fed",
                "cbd2e66c-f78e-49f4-bada-420b324198f5"
              ],
              "failures": [],
              "pending": [],
              "skipped": [],
              "duration": 4520,
              "root": false,
              "rootEmpty": false,
              "_timeout": 30000
            }
          ],
          "passes": [],
          "failures": [],
          "pending": [],
          "skipped": [],
          "duration": 0,
          "root": false,
          "rootEmpty": false,
          "_timeout": 30000
        }
      ],
      "passes": [],
      "failures": [],
      "pending": [],
      "skipped": [],
      "duration": 0,
      "root": true,
      "rootEmpty": true,
      "_timeout": 30000
    }
  ],
  "meta": {
    "mocha": {
      "version": "6.2.0"
    },
    "mochawesome": {
      "options": {
        "quiet": false,
        "reportFilename": "mochawesome",
        "saveHtml": true,
        "saveJson": true,
        "consoleReporter": "spec",
        "useInlineDiffs": false
      },
      "version": "4.1.0"
    },
    "marge": {
      "options": null,
      "version": "4.0.1"
    }
  }
}