{
  "stats": {
    "suites": 6,
    "tests": 17,
    "passes": 16,
    "pending": 0,
    "failures": 1,
    "start": "2019-09-20T04:50:04.118Z",
    "end": "2019-09-20T04:50:39.500Z",
    "duration": 35382,
    "testsRegistered": 17,
    "passPercent": 94.11764705882352,
    "pendingPercent": 0,
    "other": 0,
    "hasOther": false,
    "skipped": 0,
    "hasSkipped": false
  },
  "results": [
    {
      "uuid": "7f2e3743-3eb5-4969-a62a-22b6828ef47e",
      "title": "",
      "fullFile": "",
      "file": "",
      "beforeHooks": [],
      "afterHooks": [],
      "tests": [],
      "suites": [
        {
          "uuid": "ec9f4568-b386-4a13-95ce-55c97daa0e52",
          "title": "My first pupeteer test",
          "fullFile": "C:\\autotest\\tests\\example.js",
          "file": "\\tests\\example.js",
          "beforeHooks": [
            {
              "title": "\"before all\" hook",
              "fullTitle": "My first pupeteer test \"before all\" hook",
              "timedOut": false,
              "duration": 1127,
              "state": null,
              "speed": null,
              "pass": false,
              "fail": false,
              "pending": false,
              "context": null,
              "code": "browser = await puppeteer.launch({\n  headless: config.isHeadless,\n  slowMo: config.slowMo,\n  devTools: config.isDevTools,\n  timeout: config.timeout\n})\npage = await browser.newPage()\nawait page.setDefaultTimeout(config.waitingTimeout)\nawait page.setViewport({\n  width: config.viewportWidth,\n  height: config.viewportHeight\n})",
              "err": {},
              "uuid": "81b0be7e-cd85-45e2-9f54-fe53b0dcb4a4",
              "parentUUID": "ec9f4568-b386-4a13-95ce-55c97daa0e52",
              "isHook": true,
              "skipped": false
            }
          ],
          "afterHooks": [
            {
              "title": "\"after all\" hook",
              "fullTitle": "My first pupeteer test \"after all\" hook",
              "timedOut": false,
              "duration": 654,
              "state": null,
              "speed": null,
              "pass": false,
              "fail": false,
              "pending": false,
              "context": null,
              "code": "await browser.close()",
              "err": {},
              "uuid": "ad86cad3-44a4-41d9-9e46-77a465c7958b",
              "parentUUID": "ec9f4568-b386-4a13-95ce-55c97daa0e52",
              "isHook": true,
              "skipped": false
            }
          ],
          "tests": [
            {
              "title": "my first test step",
              "fullTitle": "My first pupeteer test my first test step",
              "timedOut": false,
              "duration": 2705,
              "state": "passed",
              "speed": "slow",
              "pass": true,
              "fail": false,
              "pending": false,
              "context": null,
              "code": "await loadUrl(page, config.baseUrl)\n//await page.goto(config.baseUrl)\n//await page.waitForSelector('#nav-search')\nawait shouldExist(page, '#nav-search')\nawait waitForText(page, 'body', 'WRITE A POST')\nconst url = await page.url()\nconst title = await page.title()\nexpect(url).to.contain(\"dev\")\nexpect(title).to.contains(\"Community\")",
              "err": {},
              "uuid": "080b1a61-b5a5-4284-a864-55c9707ac69b",
              "parentUUID": "ec9f4568-b386-4a13-95ce-55c97daa0e52",
              "isHook": false,
              "skipped": false
            },
            {
              "title": "browser reload",
              "fullTitle": "My first pupeteer test browser reload",
              "timedOut": false,
              "duration": 3234,
              "state": "passed",
              "speed": "slow",
              "pass": true,
              "fail": false,
              "pending": false,
              "context": null,
              "code": "await page.reload()\n//await page.waitForSelector('#page-content')\nawait shouldExist(page, '#page-content')\nconst url = await page.url()\nconst title = await page.title()\n\nexpect(url).to.contain(\"dev\")\nexpect(title).to.contains(\"Community\")",
              "err": {},
              "uuid": "d2d34d32-1ff7-4259-ae1c-d24a14e6a0c0",
              "parentUUID": "ec9f4568-b386-4a13-95ce-55c97daa0e52",
              "isHook": false,
              "skipped": false
            },
            {
              "title": "click method",
              "fullTitle": "My first pupeteer test click method",
              "timedOut": false,
              "duration": 12089,
              "state": "failed",
              "speed": null,
              "pass": false,
              "fail": true,
              "pending": false,
              "context": null,
              "code": "await loadUrl(page, config.baseUrl)\n//await page.waitForSelector('#write-link')\n//await page.click('#write-link')\nawait click(page, \"#write-link\")\n//await page.waitForSelector('.registration-rainbow')\nawait shouldExist(page, '.registration-rainbow')",
              "err": {
                "message": "Error: Selector: .registration-rainbow not found",
                "estack": "Error: Selector: .registration-rainbow not found\n    at shouldExist (lib\\helpers.js:78:13)",
                "diff": null
              },
              "uuid": "9ca7584d-04ed-480c-bc68-0e047663f990",
              "parentUUID": "ec9f4568-b386-4a13-95ce-55c97daa0e52",
              "isHook": false,
              "skipped": false
            },
            {
              "title": "submit searchbox",
              "fullTitle": "My first pupeteer test submit searchbox",
              "timedOut": false,
              "duration": 5004,
              "state": "passed",
              "speed": "slow",
              "pass": true,
              "fail": false,
              "pending": false,
              "context": null,
              "code": "await loadUrl(page, config.baseUrl)\n    await type(page, generateEmail(), \"#nav-search\")\n    await page.waitFor(3000)\n    //await page.waitForSelector('#nav-search')\n    //await page.type(\"#nav-search\", \"javascript\")\n    //await page.keyboard.press(\"Enter\")\n    await pressKey(page, 'Enter')\n    //await page.waitForSelector('#articles-list')\n    await shouldExist(page, '#articles-list')",
              "err": {},
              "uuid": "76428d21-f8e9-44b7-b132-90df15f32216",
              "parentUUID": "ec9f4568-b386-4a13-95ce-55c97daa0e52",
              "isHook": false,
              "skipped": false
            }
          ],
          "suites": [],
          "passes": [
            "080b1a61-b5a5-4284-a864-55c9707ac69b",
            "d2d34d32-1ff7-4259-ae1c-d24a14e6a0c0",
            "76428d21-f8e9-44b7-b132-90df15f32216"
          ],
          "failures": [
            "9ca7584d-04ed-480c-bc68-0e047663f990"
          ],
          "pending": [],
          "skipped": [],
          "duration": 23032,
          "root": false,
          "rootEmpty": false,
          "_timeout": 30000
        },
        {
          "uuid": "7c850984-b0e6-41a8-8592-c912c79277f0",
          "title": "Second Test",
          "fullFile": "C:\\autotest\\tests\\example2.js",
          "file": "\\tests\\example2.js",
          "beforeHooks": [
            {
              "title": "\"before all\" hook",
              "fullTitle": "Second Test \"before all\" hook",
              "timedOut": false,
              "duration": 1058,
              "state": null,
              "speed": null,
              "pass": false,
              "fail": false,
              "pending": false,
              "context": null,
              "code": "browser = await puppeteer.launch({\n\theadless: config2.isHeadless,\n\tslowMo: config2.slowMo,\n\tdevTools: config2.isDevTools,\n\ttimeout: config2.timeout,\n})\npage = await browser.newPage()\nawait page.setDefaultTimeout(config2.waitingTimeout)\nawait page.setViewport({\n\twidth: config2.viewportWidth,\n\theight: config2.viewportHeight,\n})",
              "err": {},
              "uuid": "b984f178-f1fa-4df4-9789-7b15a799436c",
              "parentUUID": "7c850984-b0e6-41a8-8592-c912c79277f0",
              "isHook": true,
              "skipped": false
            }
          ],
          "afterHooks": [
            {
              "title": "\"after all\" hook",
              "fullTitle": "Second Test \"after all\" hook",
              "timedOut": false,
              "duration": 746,
              "state": null,
              "speed": null,
              "pass": false,
              "fail": false,
              "pending": false,
              "context": null,
              "code": "await browser.close()",
              "err": {},
              "uuid": "f9cbfbb2-cfa4-4b74-8064-84787b4b87dc",
              "parentUUID": "7c850984-b0e6-41a8-8592-c912c79277f0",
              "isHook": true,
              "skipped": false
            }
          ],
          "tests": [],
          "suites": [
            {
              "uuid": "6cd23d04-1310-4f31-ac9a-3ac1a278fffc",
              "title": "Login Test",
              "fullFile": "C:\\autotest\\tests\\example2.js",
              "file": "\\tests\\example2.js",
              "beforeHooks": [],
              "afterHooks": [],
              "tests": [
                {
                  "title": "should navigate to homepage",
                  "fullTitle": "Second Test Login Test should navigate to homepage",
                  "timedOut": false,
                  "duration": 2903,
                  "state": "passed",
                  "speed": "slow",
                  "pass": true,
                  "fail": false,
                  "pending": false,
                  "context": null,
                  "code": "await loadUrl(page, config2.baseUrl)\nawait shouldExist(page, '#online_banking_features')",
                  "err": {},
                  "uuid": "614487f6-d68a-47d8-b951-7299c486d765",
                  "parentUUID": "6cd23d04-1310-4f31-ac9a-3ac1a278fffc",
                  "isHook": false,
                  "skipped": false
                },
                {
                  "title": "should click on signin button",
                  "fullTitle": "Second Test Login Test should click on signin button",
                  "timedOut": false,
                  "duration": 360,
                  "state": "passed",
                  "speed": "slow",
                  "pass": true,
                  "fail": false,
                  "pending": false,
                  "context": null,
                  "code": "await click(page, '#signin_button')\nawait shouldExist(page, LOGIN_FORM)",
                  "err": {},
                  "uuid": "507236c3-e488-407c-8bd7-180f560c7ca6",
                  "parentUUID": "6cd23d04-1310-4f31-ac9a-3ac1a278fffc",
                  "isHook": false,
                  "skipped": false
                },
                {
                  "title": "should submit login form",
                  "fullTitle": "Second Test Login Test should submit login form",
                  "timedOut": false,
                  "duration": 664,
                  "state": "passed",
                  "speed": "slow",
                  "pass": true,
                  "fail": false,
                  "pending": false,
                  "context": null,
                  "code": "await type(page, generateID(), '#user_login')\nawait type(page, generateID(), '#user_password')\nawait click(page, '.btn-primary')",
                  "err": {},
                  "uuid": "ce772c16-e9d0-4fa0-8d21-a570460b8cdd",
                  "parentUUID": "6cd23d04-1310-4f31-ac9a-3ac1a278fffc",
                  "isHook": false,
                  "skipped": false
                },
                {
                  "title": "should get error message",
                  "fullTitle": "Second Test Login Test should get error message",
                  "timedOut": false,
                  "duration": 86,
                  "state": "passed",
                  "speed": "slow",
                  "pass": true,
                  "fail": false,
                  "pending": false,
                  "context": null,
                  "code": "await waitForText(page, 'body', 'Login and/or password are wrong')\nawait shouldExist(page, LOGIN_FORM)",
                  "err": {},
                  "uuid": "114b466a-fb8f-40d7-b37f-ae186e5c3d53",
                  "parentUUID": "6cd23d04-1310-4f31-ac9a-3ac1a278fffc",
                  "isHook": false,
                  "skipped": false
                }
              ],
              "suites": [],
              "passes": [
                "614487f6-d68a-47d8-b951-7299c486d765",
                "507236c3-e488-407c-8bd7-180f560c7ca6",
                "ce772c16-e9d0-4fa0-8d21-a570460b8cdd",
                "114b466a-fb8f-40d7-b37f-ae186e5c3d53"
              ],
              "failures": [],
              "pending": [],
              "skipped": [],
              "duration": 4013,
              "root": false,
              "rootEmpty": false,
              "_timeout": 30000
            },
            {
              "uuid": "75a53a6c-16ca-44eb-a0c8-cc3431132d17",
              "title": "Search Test",
              "fullFile": "C:\\autotest\\tests\\example2.js",
              "file": "\\tests\\example2.js",
              "beforeHooks": [],
              "afterHooks": [],
              "tests": [
                {
                  "title": "should navigate to home page",
                  "fullTitle": "Second Test Search Test should navigate to home page",
                  "timedOut": false,
                  "duration": 972,
                  "state": "passed",
                  "speed": "slow",
                  "pass": true,
                  "fail": false,
                  "pending": false,
                  "context": null,
                  "code": "await loadUrl(page, config2.baseUrl)\nawait shouldExist(page, '#online_banking_features')",
                  "err": {},
                  "uuid": "c37b88d4-5de3-4fce-ab41-4021507e3f09",
                  "parentUUID": "75a53a6c-16ca-44eb-a0c8-cc3431132d17",
                  "isHook": false,
                  "skipped": false
                },
                {
                  "title": "should submit search phrase",
                  "fullTitle": "Second Test Search Test should submit search phrase",
                  "timedOut": false,
                  "duration": 298,
                  "state": "passed",
                  "speed": "slow",
                  "pass": true,
                  "fail": false,
                  "pending": false,
                  "context": null,
                  "code": "await type(page, 'hello world', '#searchTerm')\nawait pressKey(page, 'Enter')",
                  "err": {},
                  "uuid": "8e48cc6c-b3aa-455f-8509-906798abf123",
                  "parentUUID": "75a53a6c-16ca-44eb-a0c8-cc3431132d17",
                  "isHook": false,
                  "skipped": false
                },
                {
                  "title": "should display search results",
                  "fullTitle": "Second Test Search Test should display search results",
                  "timedOut": false,
                  "duration": 299,
                  "state": "passed",
                  "speed": "slow",
                  "pass": true,
                  "fail": false,
                  "pending": false,
                  "context": null,
                  "code": "await waitForText(page, 'h2', 'Search Results')\nawait waitForText(page, 'body', 'No results were found for the query')",
                  "err": {},
                  "uuid": "03d4dcf5-ff37-4dcc-b04a-b5069a22b657",
                  "parentUUID": "75a53a6c-16ca-44eb-a0c8-cc3431132d17",
                  "isHook": false,
                  "skipped": false
                }
              ],
              "suites": [],
              "passes": [
                "c37b88d4-5de3-4fce-ab41-4021507e3f09",
                "8e48cc6c-b3aa-455f-8509-906798abf123",
                "03d4dcf5-ff37-4dcc-b04a-b5069a22b657"
              ],
              "failures": [],
              "pending": [],
              "skipped": [],
              "duration": 1569,
              "root": false,
              "rootEmpty": false,
              "_timeout": 30000
            },
            {
              "uuid": "9f656be8-0c8f-4401-8134-1dc21d01abd8",
              "title": "Navbar Links Test",
              "fullFile": "C:\\autotest\\tests\\example2.js",
              "file": "\\tests\\example2.js",
              "beforeHooks": [],
              "afterHooks": [],
              "tests": [
                {
                  "title": "should navigate to homepage",
                  "fullTitle": "Second Test Navbar Links Test should navigate to homepage",
                  "timedOut": false,
                  "duration": 949,
                  "state": "passed",
                  "speed": "slow",
                  "pass": true,
                  "fail": false,
                  "pending": false,
                  "context": null,
                  "code": "await loadUrl(page, config2.baseUrl)\nawait shouldExist(page, '#online_banking_features')",
                  "err": {},
                  "uuid": "e5c8eee9-91e3-42e6-a224-14a152c4f53f",
                  "parentUUID": "9f656be8-0c8f-4401-8134-1dc21d01abd8",
                  "isHook": false,
                  "skipped": false
                },
                {
                  "title": "should have correct number of links",
                  "fullTitle": "Second Test Navbar Links Test should have correct number of links",
                  "timedOut": false,
                  "duration": 11,
                  "state": "passed",
                  "speed": "fast",
                  "pass": true,
                  "fail": false,
                  "pending": false,
                  "context": null,
                  "code": "// get count of links\nconst numberOfLinks = await getCount(page, '#pages-nav > li')\n//assert the count\nexpect(numberOfLinks).to.equal(3)",
                  "err": {},
                  "uuid": "7b53cda3-c06e-44e2-951c-01c597ae7545",
                  "parentUUID": "9f656be8-0c8f-4401-8134-1dc21d01abd8",
                  "isHook": false,
                  "skipped": false
                }
              ],
              "suites": [],
              "passes": [
                "e5c8eee9-91e3-42e6-a224-14a152c4f53f",
                "7b53cda3-c06e-44e2-951c-01c597ae7545"
              ],
              "failures": [],
              "pending": [],
              "skipped": [],
              "duration": 960,
              "root": false,
              "rootEmpty": false,
              "_timeout": 30000
            },
            {
              "uuid": "c3c2e544-a060-4515-a137-3d4769cc1f90",
              "title": "Feedback Test",
              "fullFile": "C:\\autotest\\tests\\example2.js",
              "file": "\\tests\\example2.js",
              "beforeHooks": [],
              "afterHooks": [],
              "tests": [
                {
                  "title": "should navigate to homepage",
                  "fullTitle": "Second Test Feedback Test should navigate to homepage",
                  "timedOut": false,
                  "duration": 1041,
                  "state": "passed",
                  "speed": "slow",
                  "pass": true,
                  "fail": false,
                  "pending": false,
                  "context": null,
                  "code": "await loadUrl(page, config2.baseUrl)\nawait shouldExist(page, '#online_banking_features')",
                  "err": {},
                  "uuid": "85b4a9c1-c295-4861-aa63-6a3acc1d28fc",
                  "parentUUID": "c3c2e544-a060-4515-a137-3d4769cc1f90",
                  "isHook": false,
                  "skipped": false
                },
                {
                  "title": "should on click Feedback link",
                  "fullTitle": "Second Test Feedback Test should on click Feedback link",
                  "timedOut": false,
                  "duration": 584,
                  "state": "passed",
                  "speed": "slow",
                  "pass": true,
                  "fail": false,
                  "pending": false,
                  "context": null,
                  "code": "await click(page, \"#feedback\")\nawait shouldExist(page, 'form')",
                  "err": {},
                  "uuid": "0f36d517-dc7b-4d38-90a8-8e19a0ee07db",
                  "parentUUID": "c3c2e544-a060-4515-a137-3d4769cc1f90",
                  "isHook": false,
                  "skipped": false
                },
                {
                  "title": "should submit feedback form",
                  "fullTitle": "Second Test Feedback Test should submit feedback form",
                  "timedOut": false,
                  "duration": 489,
                  "state": "passed",
                  "speed": "slow",
                  "pass": true,
                  "fail": false,
                  "pending": false,
                  "context": null,
                  "code": "await type(page, 'Kaniel', '#name')\nawait type(page, 'test@test.com', '#email')\nawait type(page, 'Just subject', '#subject')\nawait type(page, 'comments', '#comment')\nawait click(page, 'input[type=\"submit\"]')",
                  "err": {},
                  "uuid": "c6295c9e-20ae-488b-b7a2-b5e5db9ea5ed",
                  "parentUUID": "c3c2e544-a060-4515-a137-3d4769cc1f90",
                  "isHook": false,
                  "skipped": false
                },
                {
                  "title": "should display success message",
                  "fullTitle": "Second Test Feedback Test should display success message",
                  "timedOut": false,
                  "duration": 48,
                  "state": "passed",
                  "speed": "medium",
                  "pass": true,
                  "fail": false,
                  "pending": false,
                  "context": null,
                  "code": "await shouldExist(page, '#feedback-title')\nawait waitForText(page, 'body', 'Thank you for your comments')",
                  "err": {},
                  "uuid": "3c521bfe-e9b1-4227-b20c-6f1ae6502b73",
                  "parentUUID": "c3c2e544-a060-4515-a137-3d4769cc1f90",
                  "isHook": false,
                  "skipped": false
                }
              ],
              "suites": [],
              "passes": [
                "85b4a9c1-c295-4861-aa63-6a3acc1d28fc",
                "0f36d517-dc7b-4d38-90a8-8e19a0ee07db",
                "c6295c9e-20ae-488b-b7a2-b5e5db9ea5ed",
                "3c521bfe-e9b1-4227-b20c-6f1ae6502b73"
              ],
              "failures": [],
              "pending": [],
              "skipped": [],
              "duration": 2162,
              "root": false,
              "rootEmpty": false,
              "_timeout": 30000
            }
          ],
          "passes": [],
          "failures": [],
          "pending": [],
          "skipped": [],
          "duration": 0,
          "root": false,
          "rootEmpty": false,
          "_timeout": 30000
        }
      ],
      "passes": [],
      "failures": [],
      "pending": [],
      "skipped": [],
      "duration": 0,
      "root": true,
      "rootEmpty": true,
      "_timeout": 30000
    }
  ],
  "meta": {
    "mocha": {
      "version": "6.2.0"
    },
    "mochawesome": {
      "options": {
        "quiet": false,
        "reportFilename": "mochawesome",
        "saveHtml": true,
        "saveJson": true,
        "consoleReporter": "spec",
        "useInlineDiffs": false
      },
      "version": "4.1.0"
    },
    "marge": {
      "options": null,
      "version": "4.0.1"
    }
  }
}