{
  "stats": {
    "suites": 3,
    "tests": 5,
    "passes": 4,
    "pending": 0,
    "failures": 1,
    "start": "2019-09-20T13:07:09.150Z",
    "end": "2019-09-20T13:07:36.001Z",
    "duration": 26851,
    "testsRegistered": 5,
    "passPercent": 80,
    "pendingPercent": 0,
    "other": 0,
    "hasOther": false,
    "skipped": 0,
    "hasSkipped": false
  },
  "results": [
    {
      "uuid": "5e83bd0a-870c-4c0d-b28e-00899e30dda6",
      "title": "",
      "fullFile": "",
      "file": "",
      "beforeHooks": [],
      "afterHooks": [],
      "tests": [],
      "suites": [
        {
          "uuid": "be34abbe-8542-4851-9248-deeba5c8cc62",
          "title": "My first pupeteer test",
          "fullFile": "/Users/simonhutchinson/Documents/GitHub/puppetchai/tests/example.js",
          "file": "/tests/example.js",
          "beforeHooks": [
            {
              "title": "\"before all\" hook",
              "fullTitle": "My first pupeteer test \"before all\" hook",
              "timedOut": false,
              "duration": 748,
              "state": null,
              "speed": null,
              "pass": false,
              "fail": false,
              "pending": false,
              "context": null,
              "code": "browser = await puppeteer.launch({\n  headless: config.isHeadless,\n  slowMo: config.slowMo,\n  devTools: config.isDevTools,\n  timeout: config.timeout\n})\npage = await browser.newPage()\nawait page.setDefaultTimeout(config.waitingTimeout)\nawait page.setViewport({\n  width: config.viewportWidth,\n  height: config.viewportHeight\n})",
              "err": {},
              "uuid": "5be515b6-d37d-418a-a746-46e402b5152a",
              "parentUUID": "be34abbe-8542-4851-9248-deeba5c8cc62",
              "isHook": true,
              "skipped": false
            }
          ],
          "afterHooks": [
            {
              "title": "\"after all\" hook",
              "fullTitle": "My first pupeteer test \"after all\" hook",
              "timedOut": false,
              "duration": 92,
              "state": null,
              "speed": null,
              "pass": false,
              "fail": false,
              "pending": false,
              "context": null,
              "code": "await browser.close()",
              "err": {},
              "uuid": "8e384e10-06a8-4620-b478-f6eecea800c6",
              "parentUUID": "be34abbe-8542-4851-9248-deeba5c8cc62",
              "isHook": true,
              "skipped": false
            }
          ],
          "tests": [
            {
              "title": "my first test step",
              "fullTitle": "My first pupeteer test my first test step",
              "timedOut": false,
              "duration": 3187,
              "state": "passed",
              "speed": "slow",
              "pass": true,
              "fail": false,
              "pending": false,
              "context": null,
              "code": "await loadUrl(page, config.baseUrl)\n//await page.goto(config.baseUrl)\n//await page.waitForSelector('#nav-search')\nawait shouldExist(page, '#nav-search')\nawait waitForText(page, 'body', 'WRITE A POST')\nconst url = await page.url()\nconst title = await page.title()\nexpect(url).to.contain(\"dev\")\nexpect(title).to.contains(\"Community\")",
              "err": {},
              "uuid": "8540360d-eb66-4330-bdd1-aeaa5aa66c10",
              "parentUUID": "be34abbe-8542-4851-9248-deeba5c8cc62",
              "isHook": false,
              "skipped": false
            },
            {
              "title": "browser reload",
              "fullTitle": "My first pupeteer test browser reload",
              "timedOut": false,
              "duration": 709,
              "state": "passed",
              "speed": "slow",
              "pass": true,
              "fail": false,
              "pending": false,
              "context": null,
              "code": "await page.reload()\n//await page.waitForSelector('#page-content')\nawait shouldExist(page, '#page-content')\nconst url = await page.url()\nconst title = await page.title()\n\nexpect(url).to.contain(\"dev\")\nexpect(title).to.contains(\"Community\")",
              "err": {},
              "uuid": "c8dac84c-58ec-4520-978b-c3003951dd26",
              "parentUUID": "be34abbe-8542-4851-9248-deeba5c8cc62",
              "isHook": false,
              "skipped": false
            },
            {
              "title": "submit searchbox",
              "fullTitle": "My first pupeteer test submit searchbox",
              "timedOut": false,
              "duration": 4946,
              "state": "passed",
              "speed": "slow",
              "pass": true,
              "fail": false,
              "pending": false,
              "context": null,
              "code": "await loadUrl(page, config.baseUrl)\n    await type(page, generateEmail(), \"#nav-search\")\n    await page.waitFor(3000)\n    //await page.waitForSelector('#nav-search')\n    //await page.type(\"#nav-search\", \"javascript\")\n    //await page.keyboard.press(\"Enter\")\n    await pressKey(page, 'Enter')\n    //await page.waitForSelector('#articles-list')\n    await shouldExist(page, '#articles-list')",
              "err": {},
              "uuid": "7c9db777-26dd-4eeb-9864-7c6b77b3b185",
              "parentUUID": "be34abbe-8542-4851-9248-deeba5c8cc62",
              "isHook": false,
              "skipped": false
            }
          ],
          "suites": [],
          "passes": [
            "8540360d-eb66-4330-bdd1-aeaa5aa66c10",
            "c8dac84c-58ec-4520-978b-c3003951dd26",
            "7c9db777-26dd-4eeb-9864-7c6b77b3b185"
          ],
          "failures": [],
          "pending": [],
          "skipped": [],
          "duration": 8842,
          "root": false,
          "rootEmpty": false,
          "_timeout": 30000
        },
        {
          "uuid": "3554c8e1-133b-4a3c-89b9-2844800f0ec3",
          "title": "Portal",
          "fullFile": "/Users/simonhutchinson/Documents/GitHub/puppetchai/tests/example2.js",
          "file": "/tests/example2.js",
          "beforeHooks": [
            {
              "title": "\"before all\" hook",
              "fullTitle": "Portal \"before all\" hook",
              "timedOut": false,
              "duration": 1171,
              "state": null,
              "speed": null,
              "pass": false,
              "fail": false,
              "pending": false,
              "context": null,
              "code": "browser = await puppeteer.launch({\n\theadless: false,\n\tslowMo: config2.slowMo,\n\tdevTools: config2.isDevTools,\n\ttimeout: config2.timeout,\n})\npage = await browser.newPage()\nawait page.setDefaultTimeout(config2.waitingTimeout)\nawait page.setViewport({\n\twidth: config2.viewportWidth,\n\theight: config2.viewportHeight,\n})",
              "err": {},
              "uuid": "cd1b47d1-b79f-46bc-bb36-67d3ffbadbd3",
              "parentUUID": "3554c8e1-133b-4a3c-89b9-2844800f0ec3",
              "isHook": true,
              "skipped": false
            }
          ],
          "afterHooks": [
            {
              "title": "\"after all\" hook",
              "fullTitle": "Portal \"after all\" hook",
              "timedOut": false,
              "duration": 0,
              "state": null,
              "speed": null,
              "pass": false,
              "fail": false,
              "pending": false,
              "context": null,
              "code": "console.log('done')",
              "err": {},
              "uuid": "964828af-9454-40b3-b9eb-5cde90ddf6a5",
              "parentUUID": "3554c8e1-133b-4a3c-89b9-2844800f0ec3",
              "isHook": true,
              "skipped": false
            }
          ],
          "tests": [],
          "suites": [
            {
              "uuid": "2c317aef-cbf7-42dc-9d68-d52bf10da60d",
              "title": "Login Test",
              "fullFile": "/Users/simonhutchinson/Documents/GitHub/puppetchai/tests/example2.js",
              "file": "/tests/example2.js",
              "beforeHooks": [],
              "afterHooks": [],
              "tests": [
                {
                  "title": "should navigate to homepage",
                  "fullTitle": "Portal Login Test should navigate to homepage",
                  "timedOut": false,
                  "duration": 5626,
                  "state": "passed",
                  "speed": "slow",
                  "pass": true,
                  "fail": false,
                  "pending": false,
                  "context": null,
                  "code": "await loadUrl(page, config2.baseUrl)\nawait shouldExist(page, '#username')",
                  "err": {},
                  "uuid": "ff6fb3f1-71f3-4cec-b2a9-97bd471daf91",
                  "parentUUID": "2c317aef-cbf7-42dc-9d68-d52bf10da60d",
                  "isHook": false,
                  "skipped": false
                },
                {
                  "title": "should login",
                  "fullTitle": "Portal Login Test should login",
                  "timedOut": false,
                  "duration": 10358,
                  "state": "failed",
                  "speed": null,
                  "pass": false,
                  "fail": true,
                  "pending": false,
                  "context": null,
                  "code": "await loadUrl(page, config2.baseUrl)\nawait type(page, 'USERNAME', '#username')\nawait type(page, 'PASSWORD', '#password')\nawait pressKey(page, 'Enter')\nawait waitForText(page, 'body', 'Account')\nawait shouldExist(page, '.panel-heading')\nawait click(page, '#SubsTile')",
                  "err": {
                    "message": "Error: Selector: .panel-heading not found",
                    "estack": "Error: Selector: .panel-heading not found\n    at shouldExist (lib/helpers.js:78:13)\n    at process._tickCallback (internal/process/next_tick.js:68:7)",
                    "diff": null
                  },
                  "uuid": "ec66755f-0671-4968-b126-5b8318010cbc",
                  "parentUUID": "2c317aef-cbf7-42dc-9d68-d52bf10da60d",
                  "isHook": false,
                  "skipped": false
                }
              ],
              "suites": [],
              "passes": [
                "ff6fb3f1-71f3-4cec-b2a9-97bd471daf91"
              ],
              "failures": [
                "ec66755f-0671-4968-b126-5b8318010cbc"
              ],
              "pending": [],
              "skipped": [],
              "duration": 15984,
              "root": false,
              "rootEmpty": false,
              "_timeout": 30000
            }
          ],
          "passes": [],
          "failures": [],
          "pending": [],
          "skipped": [],
          "duration": 0,
          "root": false,
          "rootEmpty": false,
          "_timeout": 30000
        }
      ],
      "passes": [],
      "failures": [],
      "pending": [],
      "skipped": [],
      "duration": 0,
      "root": true,
      "rootEmpty": true,
      "_timeout": 30000
    }
  ],
  "meta": {
    "mocha": {
      "version": "6.2.0"
    },
    "mochawesome": {
      "options": {
        "quiet": false,
        "reportFilename": "mochawesome",
        "saveHtml": true,
        "saveJson": true,
        "consoleReporter": "spec",
        "useInlineDiffs": false
      },
      "version": "4.1.0"
    },
    "marge": {
      "options": null,
      "version": "4.0.1"
    }
  }
}