{
  "stats": {
    "suites": 2,
    "tests": 8,
    "passes": 8,
    "pending": 0,
    "failures": 0,
    "start": "2019-10-01T11:01:03.153Z",
    "end": "2019-10-01T11:02:11.647Z",
    "duration": 68494,
    "testsRegistered": 8,
    "passPercent": 100,
    "pendingPercent": 0,
    "other": 0,
    "hasOther": false,
    "skipped": 0,
    "hasSkipped": false
  },
  "results": [
    {
      "uuid": "d817d63e-801d-4006-bdf2-93da7bbfc123",
      "title": "",
      "fullFile": "",
      "file": "",
      "beforeHooks": [],
      "afterHooks": [],
      "tests": [],
      "suites": [
        {
          "uuid": "4164141c-9c7d-4046-8748-189280e6262e",
          "title": "Reckon One Payroll",
          "fullFile": "C:\\puppetchai\\puppetchai\\tests\\example2.js",
          "file": "\\tests\\example2.js",
          "beforeHooks": [
            {
              "title": "\"before all\" hook",
              "fullTitle": "Reckon One Payroll \"before all\" hook",
              "timedOut": false,
              "duration": 801,
              "state": null,
              "speed": null,
              "pass": false,
              "fail": false,
              "pending": false,
              "context": null,
              "code": "browser = await puppeteer.launch({\n\tdefaultViewport: null,\n\texecutablePath: 'C:\\\\Program Files (x86)\\\\Google\\\\Chrome\\\\Application\\\\chrome.exe ',\n\theadless: false,\n\tslowMo: config2.slowMo,\n\tdevTools: config2.isDevTools,\n\ttimeout: config2.timeout,\n})\npage = await browser.newPage()\nawait page.setDefaultTimeout(config2.waitingTimeout)\nawait page.setViewport({\n\twidth: 1600,\n\theight: 1200,\n})",
              "err": {},
              "uuid": "da1728b6-3877-4ab8-b57c-6beb1dc62302",
              "parentUUID": "4164141c-9c7d-4046-8748-189280e6262e",
              "isHook": true,
              "skipped": false
            }
          ],
          "afterHooks": [
            {
              "title": "\"after all\" hook",
              "fullTitle": "Reckon One Payroll \"after all\" hook",
              "timedOut": false,
              "duration": 1,
              "state": null,
              "speed": null,
              "pass": false,
              "fail": false,
              "pending": false,
              "context": null,
              "code": "console.log('done')",
              "err": {},
              "uuid": "45db9bc1-8d3e-40d6-9322-b449a2c73150",
              "parentUUID": "4164141c-9c7d-4046-8748-189280e6262e",
              "isHook": true,
              "skipped": false
            }
          ],
          "tests": [],
          "suites": [
            {
              "uuid": "b51e8db5-e1e3-49f5-8464-eef6c48d4cfc",
              "title": "Add Employee Test",
              "fullFile": "C:\\puppetchai\\puppetchai\\tests\\example2.js",
              "file": "\\tests\\example2.js",
              "beforeHooks": [],
              "afterHooks": [],
              "tests": [
                {
                  "title": "should navigate to homepage",
                  "fullTitle": "Reckon One Payroll Add Employee Test should navigate to homepage",
                  "timedOut": false,
                  "duration": 5950,
                  "state": "passed",
                  "speed": "slow",
                  "pass": true,
                  "fail": false,
                  "pending": false,
                  "context": null,
                  "code": "await loadUrl(page, config2.baseUrl)\nawait shouldExist(page, '#username')",
                  "err": {},
                  "uuid": "63c895e1-c0f9-4b1b-8a0c-9d884e112a64",
                  "parentUUID": "b51e8db5-e1e3-49f5-8464-eef6c48d4cfc",
                  "isHook": false,
                  "skipped": false
                },
                {
                  "title": "should login",
                  "fullTitle": "Reckon One Payroll Add Employee Test should login",
                  "timedOut": false,
                  "duration": 9472,
                  "state": "passed",
                  "speed": "slow",
                  "pass": true,
                  "fail": false,
                  "pending": false,
                  "context": null,
                  "code": "await type(page, 'stp@mailinator.com', '#username')\nawait type(page, 'password', '#password')\nawait pressKey(page, 'Enter')\nawait waitForText(page, 'body', 'Account')\nawait shouldExist(page, '.panel-heading')\nconst newPagePromise = new Promise(x => browser.once('targetcreated', target => x(target.page())));\nawait page.click('#SubsTile');\nnewPage = await newPagePromise;\nawait newPage.waitForSelector('#mainContent');\nawait newPage.click('body > div.nav-left-wrapper > nav > ul > li:nth-child(3) > span > span.nav-label')\nawait newPage.click('body > div.nav-left-wrapper > nav > ul > li:nth-child(3) > ul > li:nth-child(2) > a')\nawait newPage.waitForSelector('.employee-index')\t\nawait newPage.waitForSelector('#show-hide-grdContactActive')\nawait newPage.click('.button.-primary.-prominent')\nawait newPage.waitForSelector('#FirstName')\nawait type(newPage, `Simon ${Date.now()}`, '#FirstName')\nawait type(newPage, `test ${Date.now()}`, '#Surname')\nawait type(newPage, 'Line1', '#PostalAddress_Line1')\nawait type(newPage, 'Line2', '#PostalAddress_Line2')\nawait type(newPage, 'Sydney', '#PostalAddress_Suburb')\nawait type(newPage, '2060', '#PostalAddress_PostCode')\nawait type(newPage, 'test@test.com', '#EmailAddress')\nawait newPage.click('#btnSave')\nawait newPage.waitForSelector('#btnSaveClose')\n\n\n\n\n// handle Page 2: you can access new page DOM through newPage object",
                  "err": {},
                  "uuid": "2bef7085-ba6f-4228-b50c-a0dd1f618833",
                  "parentUUID": "b51e8db5-e1e3-49f5-8464-eef6c48d4cfc",
                  "isHook": false,
                  "skipped": false
                },
                {
                  "title": "It should navigate to personal tab of new employee",
                  "fullTitle": "Reckon One Payroll Add Employee Test It should navigate to personal tab of new employee",
                  "timedOut": false,
                  "duration": 9698,
                  "state": "passed",
                  "speed": "slow",
                  "pass": true,
                  "fail": false,
                  "pending": false,
                  "context": null,
                  "code": "await newPage.waitForSelector('#mainContent')\nawait delay(4000)\nawait newPage.waitForSelector('#mainContent > div.row.js-nav-page > div > div > ul > li:nth-child(2) > a')\nawait newPage.click('#mainContent > div.row.js-nav-page > div > div > ul > li:nth-child(2) > a')\nawait newPage.waitForSelector('#DateOfBirth')\nawait type(newPage, '1234', '#PdfPassword')\nawait newPage.click('#mainContent > div.row.js-nav-page > div > div > ul > li:nth-child(3) > a')\nawait delay(4000)\nawait newPage.waitForSelector('button#btnRightkendoDialog.button.-primary.k-button')\nawait newPage.click('button#btnLeftkendoDialog.button.-tertiary.k-button.cancel')",
                  "err": {},
                  "uuid": "77e6b5eb-05c8-4d39-ab4c-b56759b853f9",
                  "parentUUID": "b51e8db5-e1e3-49f5-8464-eef6c48d4cfc",
                  "isHook": false,
                  "skipped": false
                },
                {
                  "title": "It should fill out the employment tab",
                  "fullTitle": "Reckon One Payroll Add Employee Test It should fill out the employment tab",
                  "timedOut": false,
                  "duration": 12419,
                  "state": "passed",
                  "speed": "slow",
                  "pass": true,
                  "fail": false,
                  "pending": false,
                  "context": null,
                  "code": "await newPage.waitForSelector('#EmployeeNumber')\n\t\t\tawait type(newPage, 'Product Manager', '#JobTitle')\n\t\t\t//await type('input[name=WeeklyHours]', '40', {delay: 20})\n\t\t\tawait type(newPage, '1234', '#EmployeeNumber')\n\t\t\tawait delay(2000)\n\t\t\tawait type(newPage, '40', '#WeeklyHours')\n\t\t\t//await newPage.keyboard.press('Tab')\n\t\t\t//await newPage.keyboard.press('Tab')\n\t\t\t//await newPage.keyboard.press('Tab')\n\t\t\t//await newPage.keyboard.press('Tab')\n\t\t\t//await newPage.keyboard.press('Tab')\n\t\t\t//await newPage.keyboard.press('4')\n\t\t\t//await newPage.keyboard.press('0')\n\t\t\tawait newPage.click('#mainContent > div > div > div > ul > li:nth-child(4) > a')\n\t\t\tawait delay(4000)\n\t\t\tawait newPage.waitForSelector('#btnRightkendoDialog.button.-primary.k-button')\n\t\t\tawait newPage.click('button#btnRightkendoDialog.button.-primary.k-button')\t\n\t\t\tawait newPage.waitForSelector('#TaxFileNumber')\n\t\t\tawait delay(2000)\n\t\t\tawait newPage.waitForSelector('#EmployeeTax > section:nth-child(11) > ul > li:nth-child(2) > span.span-3.-last > span > span > input')\n\t\t\tawait delay(2000)\n\t\t\t\n\t\t\t//await newPage.click('#grdLeaves > div.k-header.k-grid-toolbar.k-grid-top > a')\n\t\t\t//await delay(4000)",
                  "err": {},
                  "uuid": "51f927e7-4535-4413-9bb6-a32b483b2803",
                  "parentUUID": "b51e8db5-e1e3-49f5-8464-eef6c48d4cfc",
                  "isHook": false,
                  "skipped": false
                },
                {
                  "title": "It should fill out the tax tab",
                  "fullTitle": "Reckon One Payroll Add Employee Test It should fill out the tax tab",
                  "timedOut": false,
                  "duration": 6701,
                  "state": "passed",
                  "speed": "slow",
                  "pass": true,
                  "fail": false,
                  "pending": false,
                  "context": null,
                  "code": "await newPage.click('#IsHelp')\nawait type(newPage, 'New South Wales', '#EmployeeTax > section:nth-child(11) > ul > li:nth-child(2) > span.span-3.-last > span > span > input')\nawait type(newPage, '11111111111', '#TaxFileNumber')\nawait type(newPage, 'Scale 2: Tax free threshold claimed', '#EmployeeTax > section:nth-child(11) > ul > li:nth-child(4) > span.span-4.-last > span.k-widget.k-combobox.k-header.js-mode-edit.span-3 > span > input')\nawait newPage.keyboard.press('Tab')\nawait delay(2000)\nawait type(newPage, '1', '#TaxOffset')\nawait newPage.click('#mainContent > div > div > div > ul > li:nth-child(5) > a')\nawait delay(4000)\nawait newPage.waitForSelector('#btnRightkendoDialog.button.-primary.k-button')\nawait newPage.click('button#btnRightkendoDialog.button.-primary.k-button')",
                  "err": {},
                  "uuid": "6c715e60-041c-4223-8be7-8e068aee0b08",
                  "parentUUID": "b51e8db5-e1e3-49f5-8464-eef6c48d4cfc",
                  "isHook": false,
                  "skipped": false
                },
                {
                  "title": "should fill out the leave tab",
                  "fullTitle": "Reckon One Payroll Add Employee Test should fill out the leave tab",
                  "timedOut": false,
                  "duration": 16387,
                  "state": "passed",
                  "speed": "slow",
                  "pass": true,
                  "fail": false,
                  "pending": false,
                  "context": null,
                  "code": "await newPage.waitForSelector('#grdLeaves > div > a')\nawait newPage.click('#grdLeaves > div > a')\nawait delay(4000)\nawait newPage.type('input[name=PayItem_input', 'Annual leave', {delay: 20})\nawait delay(2000)\nawait newPage.keyboard.press('Tab')\nawait type(newPage, '152', '#AnnualEntitlement')\nawait delay(2000)\nawait newPage.keyboard.press('Tab')\nawait delay(2000)\nawait newPage.keyboard.press('Tab')\nawait newPage.click('#mainContent > div > div > div > ul > li:nth-child(6) > a')\nawait delay(4000)\nawait newPage.waitForSelector('#btnRightkendoDialog.button.-primary.k-button')\nawait newPage.click('button#btnRightkendoDialog.button.-primary.k-button')",
                  "err": {},
                  "uuid": "abd94be1-9865-4841-b831-4017a578525f",
                  "parentUUID": "b51e8db5-e1e3-49f5-8464-eef6c48d4cfc",
                  "isHook": false,
                  "skipped": false
                },
                {
                  "title": "should fill out the pay setup tab",
                  "fullTitle": "Reckon One Payroll Add Employee Test should fill out the pay setup tab",
                  "timedOut": false,
                  "duration": 6962,
                  "state": "passed",
                  "speed": "slow",
                  "pass": true,
                  "fail": false,
                  "pending": false,
                  "context": null,
                  "code": "await newPage.waitForSelector('#IsSsReduceEmployerSuperContribution')\nawait newPage.click('#grdEarnings > div > a')\nawait delay(1000)\nawait newPage.type('input[name=PayItem_input', 'Ordinary', {delay: 20})\nawait delay(4000)\nawait newPage.waitForSelector('#Quantity')\nawait newPage.waitForSelector('#Rate')\nawait newPage.keyboard.press('Tab')\nawait type(newPage, '40', '#Rate' )\nawait newPage.keyboard.press('Enter')\n\n\n//await newPage.type(newPage, '40', '#Quantity')\n//await newPage.keyboard.press('Tab')",
                  "err": {},
                  "uuid": "4defd6de-ffc6-41c5-90e8-07491fd6252e",
                  "parentUUID": "b51e8db5-e1e3-49f5-8464-eef6c48d4cfc",
                  "isHook": false,
                  "skipped": false
                },
                {
                  "title": "should save and close the profile, saving the employee",
                  "fullTitle": "Reckon One Payroll Add Employee Test should save and close the profile, saving the employee",
                  "timedOut": false,
                  "duration": 70,
                  "state": "passed",
                  "speed": "medium",
                  "pass": true,
                  "fail": false,
                  "pending": false,
                  "context": null,
                  "code": "await newPage.click('#btnSaveClose')",
                  "err": {},
                  "uuid": "c257473b-85a8-4966-bc03-cee755c795b2",
                  "parentUUID": "b51e8db5-e1e3-49f5-8464-eef6c48d4cfc",
                  "isHook": false,
                  "skipped": false
                }
              ],
              "suites": [],
              "passes": [
                "63c895e1-c0f9-4b1b-8a0c-9d884e112a64",
                "2bef7085-ba6f-4228-b50c-a0dd1f618833",
                "77e6b5eb-05c8-4d39-ab4c-b56759b853f9",
                "51f927e7-4535-4413-9bb6-a32b483b2803",
                "6c715e60-041c-4223-8be7-8e068aee0b08",
                "abd94be1-9865-4841-b831-4017a578525f",
                "4defd6de-ffc6-41c5-90e8-07491fd6252e",
                "c257473b-85a8-4966-bc03-cee755c795b2"
              ],
              "failures": [],
              "pending": [],
              "skipped": [],
              "duration": 67659,
              "root": false,
              "rootEmpty": false,
              "_timeout": 30000
            }
          ],
          "passes": [],
          "failures": [],
          "pending": [],
          "skipped": [],
          "duration": 0,
          "root": false,
          "rootEmpty": false,
          "_timeout": 30000
        }
      ],
      "passes": [],
      "failures": [],
      "pending": [],
      "skipped": [],
      "duration": 0,
      "root": true,
      "rootEmpty": true,
      "_timeout": 30000
    }
  ],
  "meta": {
    "mocha": {
      "version": "6.2.0"
    },
    "mochawesome": {
      "options": {
        "quiet": false,
        "reportFilename": "mochawesome",
        "saveHtml": true,
        "saveJson": true,
        "consoleReporter": "spec",
        "useInlineDiffs": false
      },
      "version": "4.1.0"
    },
    "marge": {
      "options": null,
      "version": "4.0.1"
    }
  }
}