{
  "stats": {
    "suites": 2,
    "tests": 8,
    "passes": 8,
    "pending": 0,
    "failures": 0,
    "start": "2019-10-04T06:02:38.121Z",
    "end": "2019-10-04T06:03:45.584Z",
    "duration": 67463,
    "testsRegistered": 8,
    "passPercent": 100,
    "pendingPercent": 0,
    "other": 0,
    "hasOther": false,
    "skipped": 0,
    "hasSkipped": false
  },
  "results": [
    {
      "uuid": "0eaaa795-5295-42c0-b6e7-a5a0e045dd39",
      "title": "",
      "fullFile": "",
      "file": "",
      "beforeHooks": [],
      "afterHooks": [],
      "tests": [],
      "suites": [
        {
          "uuid": "e6934ca2-ab54-4949-ba07-c469ac979472",
          "title": "Reckon One Payroll",
          "fullFile": "C:\\autotest\\tests\\example2.js",
          "file": "\\tests\\example2.js",
          "beforeHooks": [
            {
              "title": "\"before all\" hook",
              "fullTitle": "Reckon One Payroll \"before all\" hook",
              "timedOut": false,
              "duration": 1145,
              "state": null,
              "speed": null,
              "pass": false,
              "fail": false,
              "pending": false,
              "context": null,
              "code": "browser = await puppeteer.launch({\n\tdefaultViewport: null,\n\texecutablePath: 'C:\\\\Program Files (x86)\\\\Google\\\\Chrome\\\\Application\\\\chrome.exe ',\n\theadless: false,\n\tslowMo: config2.slowMo,\n\tdevTools: config2.isDevTools,\n\ttimeout: config2.timeout,\n})\npage = await browser.newPage()\nawait page.setDefaultTimeout(config2.waitingTimeout)\nawait page.setViewport({\n\twidth: 1600,\n\theight: 1200,\n})",
              "err": {},
              "uuid": "cdcd164d-24f1-45a1-80b6-6e0634b3c1f5",
              "parentUUID": "e6934ca2-ab54-4949-ba07-c469ac979472",
              "isHook": true,
              "skipped": false
            }
          ],
          "afterHooks": [
            {
              "title": "\"after all\" hook",
              "fullTitle": "Reckon One Payroll \"after all\" hook",
              "timedOut": false,
              "duration": 0,
              "state": null,
              "speed": null,
              "pass": false,
              "fail": false,
              "pending": false,
              "context": null,
              "code": "console.log('done')",
              "err": {},
              "uuid": "12d47fe5-0e78-4feb-b0f6-3648867f515d",
              "parentUUID": "e6934ca2-ab54-4949-ba07-c469ac979472",
              "isHook": true,
              "skipped": false
            }
          ],
          "tests": [],
          "suites": [
            {
              "uuid": "6ff8a7ff-11c2-4a4f-8878-5d2f2b27a1b6",
              "title": "Add Employee Test",
              "fullFile": "C:\\autotest\\tests\\example2.js",
              "file": "\\tests\\example2.js",
              "beforeHooks": [],
              "afterHooks": [],
              "tests": [
                {
                  "title": "should navigate to homepage",
                  "fullTitle": "Reckon One Payroll Add Employee Test should navigate to homepage",
                  "timedOut": false,
                  "duration": 4675,
                  "state": "passed",
                  "speed": "slow",
                  "pass": true,
                  "fail": false,
                  "pending": false,
                  "context": null,
                  "code": "await loadUrl(page, config2.baseUrl)\nawait shouldExist(page, '#username')",
                  "err": {},
                  "uuid": "885fc74a-c48a-4bf2-94e2-3b3b8053d3ee",
                  "parentUUID": "6ff8a7ff-11c2-4a4f-8878-5d2f2b27a1b6",
                  "isHook": false,
                  "skipped": false
                },
                {
                  "title": "should login",
                  "fullTitle": "Reckon One Payroll Add Employee Test should login",
                  "timedOut": false,
                  "duration": 7004,
                  "state": "passed",
                  "speed": "slow",
                  "pass": true,
                  "fail": false,
                  "pending": false,
                  "context": null,
                  "code": "await type(page, 'stp@mailinator.com', '#username')\nawait type(page, 'password', '#password')\nawait pressKey(page, 'Enter')\nawait waitForText(page, 'body', 'Account')\nawait shouldExist(page, '.panel-heading')\nconst newPagePromise = new Promise(x => browser.once('targetcreated', target => x(target.page())));\nawait page.click('#SubsTile');\nnewPage = await newPagePromise;\nawait newPage.waitForSelector('#mainContent');\nconst payrollSideLink = await newPage.$x(\"//span[text()='Payroll']\")\nawait payrollSideLink[0].click()\n//const payrollSideBar = await newPage.$x(\"//span[text()='Payroll']\");\n//console.log('tested ' + payrollTest[0]);\n//await payrollSideBar[0].click()\n//await newPage.click('body > div.nav-left-wrapper > nav > ul > li:nth-child(3) > ul > li:nth-child(2) > a')\nconst employeeSideLink = await newPage.$x(\"//a[text()='Employees']\")\nawait employeeSideLink[0].click()\nawait newPage.waitForSelector('.employee-index')\t\nawait newPage.waitForSelector('#show-hide-grdContactActive')\nawait newPage.click('.button.-primary.-prominent')\nawait newPage.waitForSelector('#FirstName')\nawait type(newPage, `Simon ${Date.now()}`, '#FirstName')\nawait type(newPage, `test ${Date.now()}`, '#Surname')\nawait type(newPage, 'Line1', '#PostalAddress_Line1')\nawait type(newPage, 'Line2', '#PostalAddress_Line2')\nawait type(newPage, 'Sydney', '#PostalAddress_Suburb')\nawait type(newPage, '2060', '#PostalAddress_PostCode')\nawait type(newPage, 'test@test.com', '#EmailAddress')\nawait newPage.click('#btnSave')\nawait newPage.waitForSelector('#btnSaveClose')\n\n\n\n\n// handle Page 2: you can access new page DOM through newPage object",
                  "err": {},
                  "uuid": "258084ab-7ee7-4fd6-888b-620c9165229d",
                  "parentUUID": "6ff8a7ff-11c2-4a4f-8878-5d2f2b27a1b6",
                  "isHook": false,
                  "skipped": false
                },
                {
                  "title": "It should navigate to personal tab of new employee",
                  "fullTitle": "Reckon One Payroll Add Employee Test It should navigate to personal tab of new employee",
                  "timedOut": false,
                  "duration": 9719,
                  "state": "passed",
                  "speed": "slow",
                  "pass": true,
                  "fail": false,
                  "pending": false,
                  "context": null,
                  "code": "await newPage.waitForSelector('#mainContent')\nawait delay(4000)\nawait newPage.waitForSelector('#mainContent > div.row.js-nav-page > div > div > ul > li:nth-child(2) > a')\nconst personalLink = await newPage.$x(\"//a[text()='Personal']\")\nawait personalLink[0].click()\nawait newPage.waitForSelector('#DateOfBirth')\nawait type(newPage, '1234', '#PdfPassword')\nconst employmentLink = await newPage.$x(\"//a[text()='Employment']\")\nawait employmentLink[0].click()\nawait delay(4000)\nawait newPage.waitForSelector('button#btnRightkendoDialog.button.-primary.k-button')\nawait newPage.click('button#btnLeftkendoDialog.button.-tertiary.k-button.cancel')",
                  "err": {},
                  "uuid": "b53f97df-a0b8-4ecc-b801-2502e746c4fa",
                  "parentUUID": "6ff8a7ff-11c2-4a4f-8878-5d2f2b27a1b6",
                  "isHook": false,
                  "skipped": false
                },
                {
                  "title": "It should fill out the employment tab",
                  "fullTitle": "Reckon One Payroll Add Employee Test It should fill out the employment tab",
                  "timedOut": false,
                  "duration": 14919,
                  "state": "passed",
                  "speed": "slow",
                  "pass": true,
                  "fail": false,
                  "pending": false,
                  "context": null,
                  "code": "await newPage.waitForSelector('#EmployeeNumber')\n\t\t\tawait type(newPage, 'Product Manager', '#JobTitle')\n\t\t\t//await type('input[name=WeeklyHours]', '40', {delay: 20})\n\t\t\tawait type(newPage, '1234', '#EmployeeNumber')\n\t\t\tawait delay(2000)\n\t\t\t//await type(newPage, '40', '#WeeklyHours')\n\t\t\tawait newPage.keyboard.press('Tab')\n\t\t\tawait newPage.keyboard.press('Tab')\n\t\t\tawait newPage.keyboard.press('Tab')\n\t\t\tawait newPage.keyboard.press('Tab')\n\t\t\tawait newPage.keyboard.press('Tab')\n\t\t\tawait delay(2000)\n\t\t\tawait newPage.keyboard.press('4')\n\t\t\tawait newPage.keyboard.press('0')\n\t\t\tconst taxLink = await newPage.$x(\"//a[text()='Tax']\")\n\t\t\tawait taxLink[0].click()\n\t\t\tawait delay(4000)\n\t\t\tawait newPage.waitForSelector('#btnRightkendoDialog.button.-primary.k-button')\n\t\t\tawait newPage.click('button#btnRightkendoDialog.button.-primary.k-button')\t\n\t\t\tawait newPage.waitForSelector('#TaxFileNumber')\n\t\t\tawait delay(2000)\n\t\t\tawait newPage.waitForSelector('#EmployeeTax > section:nth-child(11) > ul > li:nth-child(2) > span.span-3.-last > span > span > input')\n\t\t\tawait delay(2000)\n\t\t\t\n\t\t\t//await newPage.click('#grdLeaves > div.k-header.k-grid-toolbar.k-grid-top > a')\n\t\t\t//await delay(4000)",
                  "err": {},
                  "uuid": "801f39f4-c7be-4bba-a2d8-7f9421c869b8",
                  "parentUUID": "6ff8a7ff-11c2-4a4f-8878-5d2f2b27a1b6",
                  "isHook": false,
                  "skipped": false
                },
                {
                  "title": "It should fill out the tax tab",
                  "fullTitle": "Reckon One Payroll Add Employee Test It should fill out the tax tab",
                  "timedOut": false,
                  "duration": 6684,
                  "state": "passed",
                  "speed": "slow",
                  "pass": true,
                  "fail": false,
                  "pending": false,
                  "context": null,
                  "code": "await newPage.click('#IsHelp')\nawait type(newPage, 'New South Wales', '#EmployeeTax > section:nth-child(11) > ul > li:nth-child(2) > span.span-3.-last > span > span > input')\nawait type(newPage, '11111111111', '#TaxFileNumber')\nawait type(newPage, 'Scale 2: Tax free threshold claimed', '#EmployeeTax > section:nth-child(11) > ul > li:nth-child(4) > span.span-4.-last > span.k-widget.k-combobox.k-header.js-mode-edit.span-3 > span > input')\nawait newPage.keyboard.press('Tab')\nawait delay(2000)\nawait type(newPage, '1', '#TaxOffset')\nconst leaveLink = await newPage.$x(\"//a[text()='Leave']\")\nawait leaveLink[0].click()\nawait delay(4000)\nawait newPage.waitForSelector('#btnRightkendoDialog.button.-primary.k-button')\nawait newPage.click('button#btnRightkendoDialog.button.-primary.k-button')",
                  "err": {},
                  "uuid": "b26c3a11-185b-4e2f-bebc-0e171c2e33b1",
                  "parentUUID": "6ff8a7ff-11c2-4a4f-8878-5d2f2b27a1b6",
                  "isHook": false,
                  "skipped": false
                },
                {
                  "title": "should fill out the leave tab",
                  "fullTitle": "Reckon One Payroll Add Employee Test should fill out the leave tab",
                  "timedOut": false,
                  "duration": 16252,
                  "state": "passed",
                  "speed": "slow",
                  "pass": true,
                  "fail": false,
                  "pending": false,
                  "context": null,
                  "code": "await newPage.waitForSelector('#grdLeaves > div > a')\nawait newPage.click('#grdLeaves > div > a')\nawait delay(4000)\nawait newPage.type('input[name=PayItem_input', 'Annual leave', {delay: 20})\nawait delay(2000)\nawait newPage.keyboard.press('Tab')\nawait type(newPage, '152', '#AnnualEntitlement')\nawait delay(2000)\nawait newPage.keyboard.press('Tab')\nawait delay(2000)\nawait newPage.keyboard.press('Tab')\nconst paysetupLink = await newPage.$x(\"//a[text()='Pay set up']\")\nawait paysetupLink[0].click()\nawait delay(4000)\nawait newPage.waitForSelector('#btnRightkendoDialog.button.-primary.k-button')\nawait newPage.click('button#btnRightkendoDialog.button.-primary.k-button')",
                  "err": {},
                  "uuid": "4e86f9e4-8c6c-4ce3-aa60-8b2470921ba4",
                  "parentUUID": "6ff8a7ff-11c2-4a4f-8878-5d2f2b27a1b6",
                  "isHook": false,
                  "skipped": false
                },
                {
                  "title": "should fill out the pay setup tab",
                  "fullTitle": "Reckon One Payroll Add Employee Test should fill out the pay setup tab",
                  "timedOut": false,
                  "duration": 6894,
                  "state": "passed",
                  "speed": "slow",
                  "pass": true,
                  "fail": false,
                  "pending": false,
                  "context": null,
                  "code": "await newPage.waitForSelector('#IsSsReduceEmployerSuperContribution')\nawait newPage.click('#grdEarnings > div > a')\nawait delay(1000)\nawait newPage.type('input[name=PayItem_input', 'Ordinary', {delay: 20})\nawait delay(4000)\nawait newPage.waitForSelector('#Quantity')\nawait newPage.waitForSelector('#Rate')\nawait newPage.keyboard.press('Tab')\nawait type(newPage, '40', '#Rate' )\nawait newPage.keyboard.press('Enter')\n\n\n//await newPage.type(newPage, '40', '#Quantity')\n//await newPage.keyboard.press('Tab')",
                  "err": {},
                  "uuid": "4763c979-c8fb-4542-a12b-78c1a98a2674",
                  "parentUUID": "6ff8a7ff-11c2-4a4f-8878-5d2f2b27a1b6",
                  "isHook": false,
                  "skipped": false
                },
                {
                  "title": "should save and close the profile, saving the employee",
                  "fullTitle": "Reckon One Payroll Add Employee Test should save and close the profile, saving the employee",
                  "timedOut": false,
                  "duration": 78,
                  "state": "passed",
                  "speed": "slow",
                  "pass": true,
                  "fail": false,
                  "pending": false,
                  "context": null,
                  "code": "await newPage.click('#btnSaveClose')",
                  "err": {},
                  "uuid": "e4b27413-cff3-4a55-b04b-ef21339ce511",
                  "parentUUID": "6ff8a7ff-11c2-4a4f-8878-5d2f2b27a1b6",
                  "isHook": false,
                  "skipped": false
                }
              ],
              "suites": [],
              "passes": [
                "885fc74a-c48a-4bf2-94e2-3b3b8053d3ee",
                "258084ab-7ee7-4fd6-888b-620c9165229d",
                "b53f97df-a0b8-4ecc-b801-2502e746c4fa",
                "801f39f4-c7be-4bba-a2d8-7f9421c869b8",
                "b26c3a11-185b-4e2f-bebc-0e171c2e33b1",
                "4e86f9e4-8c6c-4ce3-aa60-8b2470921ba4",
                "4763c979-c8fb-4542-a12b-78c1a98a2674",
                "e4b27413-cff3-4a55-b04b-ef21339ce511"
              ],
              "failures": [],
              "pending": [],
              "skipped": [],
              "duration": 66225,
              "root": false,
              "rootEmpty": false,
              "_timeout": 30000
            }
          ],
          "passes": [],
          "failures": [],
          "pending": [],
          "skipped": [],
          "duration": 0,
          "root": false,
          "rootEmpty": false,
          "_timeout": 30000
        }
      ],
      "passes": [],
      "failures": [],
      "pending": [],
      "skipped": [],
      "duration": 0,
      "root": true,
      "rootEmpty": true,
      "_timeout": 30000
    }
  ],
  "meta": {
    "mocha": {
      "version": "6.2.0"
    },
    "mochawesome": {
      "options": {
        "quiet": false,
        "reportFilename": "mochawesome",
        "saveHtml": true,
        "saveJson": true,
        "consoleReporter": "spec",
        "useInlineDiffs": false
      },
      "version": "4.1.0"
    },
    "marge": {
      "options": null,
      "version": "4.0.1"
    }
  }
}